#
# There is insufficient memory for the Java Runtime Environment to continue.
# Native memory allocation (malloc) failed to allocate 965776 bytes for Chunk::new
# Possible reasons:
#   The system is out of physical RAM or swap space
#   The process is running with CompressedOops enabled, and the Java Heap may be blocking the growth of the native heap
# Possible solutions:
#   Reduce memory load on the system
#   Increase physical memory or swap space
#   Check if swap backing store is full
#   Decrease Java heap size (-Xmx/-Xms)
#   Decrease number of Java threads
#   Decrease Java thread stack sizes (-Xss)
#   Set larger code cache with -XX:ReservedCodeCacheSize=
#   JVM is running with Unscaled Compressed Oops mode in which the Java heap is
#     placed in the first 4GB address space. The Java Heap base address is the
#     maximum limit for the native heap growth. Please use -XX:HeapBaseMinAddress
#     to set the Java Heap base and to place the Java Heap above 4GB virtual address.
# This output file may be truncated or incomplete.
#
#  Out of Memory Error (./src/hotspot/share/memory/arena.cpp:197), pid=9676, tid=11920
#
# JRE version: OpenJDK Runtime Environment (11.0.13) (build 11.0.13+0-b1751.21-8125866)
# Java VM: OpenJDK 64-Bit Server VM (11.0.13+0-b1751.21-8125866, mixed mode, tiered, compressed oops, g1 gc, windows-amd64)
# No core dump will be written. Minidumps are not enabled by default on client versions of Windows
#

---------------  S U M M A R Y ------------

Command Line: --add-opens=java.base/java.util=ALL-UNNAMED --add-opens=java.base/java.lang=ALL-UNNAMED --add-opens=java.base/java.lang.invoke=ALL-UNNAMED --add-opens=java.base/java.util=ALL-UNNAMED --add-opens=java.prefs/java.util.prefs=ALL-UNNAMED --add-opens=java.prefs/java.util.prefs=ALL-UNNAMED --add-opens=java.base/java.nio.charset=ALL-UNNAMED --add-opens=java.base/java.net=ALL-UNNAMED --add-opens=java.base/java.util.concurrent.atomic=ALL-UNNAMED -Xmx2048m -Dfile.encoding=UTF-8 -Duser.country=CO -Duser.language=es -Duser.variant org.gradle.launcher.daemon.bootstrap.GradleDaemon 7.4

Host: Intel(R) Core(TM) i3-4160 CPU @ 3.60GHz, 4 cores, 3G,  Windows 10 , 64 bit Build 19041 (10.0.19041.1889)
Time: Sun Oct 30 16:57:56 2022 Hora est. Pacífico, Sudamérica elapsed time: 61.577505 seconds (0d 0h 1m 1s)

---------------  T H R E A D  ---------------

Current thread (0x00000256fb232000):  JavaThread "C2 CompilerThread0" daemon [_thread_in_native, id=11920, stack(0x000000bc3c900000,0x000000bc3ca00000)]


Current CompileTask:
C2:  61577 9377       4       java.lang.reflect.AccessibleObject::checkCanSetAccessible (386 bytes)

Stack: [0x000000bc3c900000,0x000000bc3ca00000]
Native frames: (J=compiled Java code, j=interpreted, Vv=VM code, C=native code)
V  [jvm.dll+0x6100fa]
V  [jvm.dll+0x747090]
V  [jvm.dll+0x7486ad]
V  [jvm.dll+0x748d83]
V  [jvm.dll+0x24ab48]
V  [jvm.dll+0xc04dc]
V  [jvm.dll+0xc0a0c]
V  [jvm.dll+0x35eb5b]
V  [jvm.dll+0x32b833]
V  [jvm.dll+0x32ad2a]
V  [jvm.dll+0x2032b2]
V  [jvm.dll+0x202437]
V  [jvm.dll+0x188e01]
V  [jvm.dll+0x21106b]
V  [jvm.dll+0x20f8c1]
V  [jvm.dll+0x70de0f]
V  [jvm.dll+0x706a75]
V  [jvm.dll+0x60ed66]
C  [ucrtbase.dll+0x21bb2]
C  [KERNEL32.DLL+0x17034]
C  [ntdll.dll+0x526a1]


---------------  P R O C E S S  ---------------

Threads class SMR info:
_java_thread_list=0x00000256805dbf50, length=80, elements={
0x00000256e0ebb800, 0x00000256fb1cc000, 0x00000256fb1d5000, 0x00000256fb22a000,
0x00000256fb22b000, 0x00000256fb22d000, 0x00000256fb232000, 0x00000256fb236800,
0x00000256fb23a000, 0x00000256fbcbd000, 0x00000256fd3ce000, 0x00000256fc5aa000,
0x00000256fcbb9000, 0x00000256fd6cf800, 0x00000256fbec7800, 0x00000256fc805000,
0x00000256fc806000, 0x00000256fc757800, 0x00000256fe08e800, 0x00000256fcaad000,
0x00000256fe05a000, 0x00000256fe05b000, 0x00000256fe056000, 0x00000256fe055000,
0x00000256fe059800, 0x00000256fe05b800, 0x00000256fe057000, 0x00000256fe057800,
0x00000256fe058800, 0x00000256fdd3f800, 0x00000256fdd3e000, 0x00000256fdd3d800,
0x00000256fdd3f000, 0x00000256fdd40800, 0x00000256fdd41800, 0x00000256fdd43000,
0x00000256fdd44000, 0x00000256808f7000, 0x00000256808f3000, 0x00000256808f2000,
0x00000256808f3800, 0x00000256808f6000, 0x00000256808f4800, 0x00000256808f5800,
0x00000256808f1000, 0x00000256808fd800, 0x00000256808f8800, 0x00000256808fb000,
0x00000256808fa000, 0x00000256808f9800, 0x00000256808fc000, 0x00000256808fc800,
0x00000256808f8000, 0x00000256808fe800, 0x00000256808ff000, 0x0000025680900000,
0x00000256fe64a000, 0x00000256fe647800, 0x00000256fe64d800, 0x00000256fe64e000,
0x00000256fe649000, 0x00000256fe64b000, 0x00000256fe64c800, 0x00000256fe648800,
0x00000256fe651800, 0x00000256fe64f000, 0x00000256fe650000, 0x00000256fe650800,
0x00000256fe64b800, 0x00000256fe652000, 0x00000256fe653000, 0x00000256fe654800,
0x00000256fe656800, 0x00000256fe655800, 0x00000256fe654000, 0x0000025680a85800,
0x0000025680a83000, 0x0000025680a82800, 0x0000025680a84000, 0x0000025680a8c000
}

Java Threads: ( => current thread )
  0x00000256e0ebb800 JavaThread "main" [_thread_blocked, id=9924, stack(0x000000bc3bd00000,0x000000bc3be00000)]
  0x00000256fb1cc000 JavaThread "Reference Handler" daemon [_thread_blocked, id=11676, stack(0x000000bc3c400000,0x000000bc3c500000)]
  0x00000256fb1d5000 JavaThread "Finalizer" daemon [_thread_blocked, id=6376, stack(0x000000bc3c500000,0x000000bc3c600000)]
  0x00000256fb22a000 JavaThread "Signal Dispatcher" daemon [_thread_blocked, id=5160, stack(0x000000bc3c600000,0x000000bc3c700000)]
  0x00000256fb22b000 JavaThread "Attach Listener" daemon [_thread_blocked, id=8380, stack(0x000000bc3c700000,0x000000bc3c800000)]
  0x00000256fb22d000 JavaThread "Service Thread" daemon [_thread_blocked, id=7400, stack(0x000000bc3c800000,0x000000bc3c900000)]
=>0x00000256fb232000 JavaThread "C2 CompilerThread0" daemon [_thread_in_native, id=11920, stack(0x000000bc3c900000,0x000000bc3ca00000)]
  0x00000256fb236800 JavaThread "C1 CompilerThread0" daemon [_thread_blocked, id=2112, stack(0x000000bc3ca00000,0x000000bc3cb00000)]
  0x00000256fb23a000 JavaThread "Sweeper thread" daemon [_thread_blocked, id=6988, stack(0x000000bc3cb00000,0x000000bc3cc00000)]
  0x00000256fbcbd000 JavaThread "Common-Cleaner" daemon [_thread_blocked, id=6388, stack(0x000000bc3cc00000,0x000000bc3cd00000)]
  0x00000256fd3ce000 JavaThread "Daemon health stats" [_thread_blocked, id=10784, stack(0x000000bc3cf00000,0x000000bc3d000000)]
  0x00000256fc5aa000 JavaThread "Incoming local TCP Connector on port 59894" [_thread_in_native, id=1928, stack(0x000000bc3d000000,0x000000bc3d100000)]
  0x00000256fcbb9000 JavaThread "Daemon periodic checks" [_thread_blocked, id=10644, stack(0x000000bc3d100000,0x000000bc3d200000)]
  0x00000256fd6cf800 JavaThread "Daemon" [_thread_blocked, id=11000, stack(0x000000bc3d200000,0x000000bc3d300000)]
  0x00000256fbec7800 JavaThread "Handler for socket connection from /127.0.0.1:59894 to /127.0.0.1:59895" [_thread_in_native, id=11660, stack(0x000000bc3d300000,0x000000bc3d400000)]
  0x00000256fc805000 JavaThread "Cancel handler" [_thread_blocked, id=10776, stack(0x000000bc3d400000,0x000000bc3d500000)]
  0x00000256fc806000 JavaThread "Daemon worker" [_thread_in_Java, id=4464, stack(0x000000bc3d500000,0x000000bc3d600000)]
  0x00000256fc757800 JavaThread "Asynchronous log dispatcher for DefaultDaemonConnection: socket connection from /127.0.0.1:59894 to /127.0.0.1:59895" [_thread_blocked, id=9296, stack(0x000000bc3d600000,0x000000bc3d700000)]
  0x00000256fe08e800 JavaThread "Stdin handler" [_thread_blocked, id=1968, stack(0x000000bc3d700000,0x000000bc3d800000)]
  0x00000256fcaad000 JavaThread "Daemon client event forwarder" [_thread_blocked, id=12040, stack(0x000000bc3d800000,0x000000bc3d900000)]
  0x00000256fe05a000 JavaThread "Cache worker for journal cache (C:\Users\Tan\.gradle\caches\journal-1)" [_thread_blocked, id=10576, stack(0x000000bc3db00000,0x000000bc3dc00000)]
  0x00000256fe05b000 JavaThread "File lock request listener" [_thread_in_native, id=5324, stack(0x000000bc3dc00000,0x000000bc3dd00000)]
  0x00000256fe056000 JavaThread "Cache worker for file hash cache (C:\Users\Tan\.gradle\caches\7.4\fileHashes)" [_thread_blocked, id=4336, stack(0x000000bc3dd00000,0x000000bc3de00000)]
  0x00000256fe055000 JavaThread "File watcher server" daemon [_thread_in_native, id=2256, stack(0x000000bc3de00000,0x000000bc3df00000)]
  0x00000256fe059800 JavaThread "File watcher consumer" daemon [_thread_blocked, id=1376, stack(0x000000bc3df00000,0x000000bc3e000000)]
  0x00000256fe05b800 JavaThread "jar transforms" [_thread_blocked, id=5756, stack(0x000000bc3e000000,0x000000bc3e100000)]
  0x00000256fe057000 JavaThread "jar transforms Thread 2" [_thread_blocked, id=6392, stack(0x000000bc3e100000,0x000000bc3e200000)]
  0x00000256fe057800 JavaThread "jar transforms Thread 3" [_thread_blocked, id=8212, stack(0x000000bc3e200000,0x000000bc3e300000)]
  0x00000256fe058800 JavaThread "jar transforms Thread 4" [_thread_blocked, id=4832, stack(0x000000bc3e300000,0x000000bc3e400000)]
  0x00000256fdd3f800 JavaThread "Cache worker for checksums cache (C:\Users\Tan\AndroidStudioProjects\Calculadora\.gradle\7.4\checksums)" [_thread_blocked, id=8940, stack(0x000000bc3e400000,0x000000bc3e500000)]
  0x00000256fdd3e000 JavaThread "Cache worker for cache directory md-rule (C:\Users\Tan\.gradle\caches\7.4\md-rule)" [_thread_blocked, id=3416, stack(0x000000bc3e500000,0x000000bc3e600000)]
  0x00000256fdd3d800 JavaThread "Cache worker for file hash cache (C:\Users\Tan\AndroidStudioProjects\Calculadora\.gradle\7.4\fileHashes)" [_thread_blocked, id=9540, stack(0x000000bc3e600000,0x000000bc3e700000)]
  0x00000256fdd3f000 JavaThread "Cache worker for cache directory md-supplier (C:\Users\Tan\.gradle\caches\7.4\md-supplier)" [_thread_blocked, id=3368, stack(0x000000bc3e700000,0x000000bc3e800000)]
  0x00000256fdd40800 JavaThread "Cache worker for execution history cache (C:\Users\Tan\.gradle\caches\7.4\executionHistory)" [_thread_blocked, id=2876, stack(0x000000bc3e800000,0x000000bc3e900000)]
  0x00000256fdd41800 JavaThread "Cache worker for file content cache (C:\Users\Tan\.gradle\caches\7.4\fileContent)" [_thread_blocked, id=4420, stack(0x000000bc3e900000,0x000000bc3ea00000)]
  0x00000256fdd43000 JavaThread "Cache worker for dependencies-accessors (C:\Users\Tan\AndroidStudioProjects\Calculadora\.gradle\7.4\dependencies-accessors)" [_thread_blocked, id=1976, stack(0x000000bc3ea00000,0x000000bc3eb00000)]
  0x00000256fdd44000 JavaThread "Cache worker for Build Output Cleanup Cache (C:\Users\Tan\AndroidStudioProjects\Calculadora\.gradle\buildOutputCleanup)" [_thread_blocked, id=11492, stack(0x000000bc3eb00000,0x000000bc3ec00000)]
  0x00000256808f7000 JavaThread "Unconstrained build operations" [_thread_blocked, id=12104, stack(0x000000bc3ec00000,0x000000bc3ed00000)]
  0x00000256808f3000 JavaThread "Unconstrained build operations Thread 2" [_thread_blocked, id=10996, stack(0x000000bc3ed00000,0x000000bc3ee00000)]
  0x00000256808f2000 JavaThread "Unconstrained build operations Thread 3" [_thread_blocked, id=11568, stack(0x000000bc3ee00000,0x000000bc3ef00000)]
  0x00000256808f3800 JavaThread "Unconstrained build operations Thread 4" [_thread_blocked, id=7388, stack(0x000000bc3ef00000,0x000000bc3f000000)]
  0x00000256808f6000 JavaThread "Unconstrained build operations Thread 5" [_thread_blocked, id=5952, stack(0x000000bc3f000000,0x000000bc3f100000)]
  0x00000256808f4800 JavaThread "Unconstrained build operations Thread 6" [_thread_blocked, id=5568, stack(0x000000bc3f100000,0x000000bc3f200000)]
  0x00000256808f5800 JavaThread "Unconstrained build operations Thread 7" [_thread_blocked, id=8592, stack(0x000000bc3f200000,0x000000bc3f300000)]
  0x00000256808f1000 JavaThread "Unconstrained build operations Thread 8" [_thread_blocked, id=8884, stack(0x000000bc3f300000,0x000000bc3f400000)]
  0x00000256808fd800 JavaThread "Unconstrained build operations Thread 9" [_thread_blocked, id=11812, stack(0x000000bc3f400000,0x000000bc3f500000)]
  0x00000256808f8800 JavaThread "Unconstrained build operations Thread 10" [_thread_blocked, id=7888, stack(0x000000bc3f500000,0x000000bc3f600000)]
  0x00000256808fb000 JavaThread "Unconstrained build operations Thread 11" [_thread_blocked, id=11748, stack(0x000000bc3f600000,0x000000bc3f700000)]
  0x00000256808fa000 JavaThread "Unconstrained build operations Thread 12" [_thread_blocked, id=9756, stack(0x000000bc3f700000,0x000000bc3f800000)]
  0x00000256808f9800 JavaThread "Unconstrained build operations Thread 13" [_thread_blocked, id=9712, stack(0x000000bc3f800000,0x000000bc3f900000)]
  0x00000256808fc000 JavaThread "Unconstrained build operations Thread 14" [_thread_blocked, id=9980, stack(0x000000bc3f900000,0x000000bc3fa00000)]
  0x00000256808fc800 JavaThread "Unconstrained build operations Thread 15" [_thread_blocked, id=4496, stack(0x000000bc3fa00000,0x000000bc3fb00000)]
  0x00000256808f8000 JavaThread "Unconstrained build operations Thread 16" [_thread_blocked, id=11056, stack(0x000000bc3fb00000,0x000000bc3fc00000)]
  0x00000256808fe800 JavaThread "Unconstrained build operations Thread 17" [_thread_blocked, id=7960, stack(0x000000bc3fc00000,0x000000bc3fd00000)]
  0x00000256808ff000 JavaThread "Unconstrained build operations Thread 18" [_thread_blocked, id=4576, stack(0x000000bc3fd00000,0x000000bc3fe00000)]
  0x0000025680900000 JavaThread "Unconstrained build operations Thread 19" [_thread_blocked, id=6684, stack(0x000000bc3fe00000,0x000000bc3ff00000)]
  0x00000256fe64a000 JavaThread "Unconstrained build operations Thread 20" [_thread_blocked, id=11424, stack(0x000000bc3ff00000,0x000000bc40000000)]
  0x00000256fe647800 JavaThread "Unconstrained build operations Thread 21" [_thread_blocked, id=7096, stack(0x000000bc40000000,0x000000bc40100000)]
  0x00000256fe64d800 JavaThread "Unconstrained build operations Thread 22" [_thread_blocked, id=6932, stack(0x000000bc40100000,0x000000bc40200000)]
  0x00000256fe64e000 JavaThread "Unconstrained build operations Thread 23" [_thread_blocked, id=10288, stack(0x000000bc40200000,0x000000bc40300000)]
  0x00000256fe649000 JavaThread "Unconstrained build operations Thread 24" [_thread_blocked, id=11608, stack(0x000000bc40300000,0x000000bc40400000)]
  0x00000256fe64b000 JavaThread "Unconstrained build operations Thread 25" [_thread_blocked, id=6728, stack(0x000000bc40400000,0x000000bc40500000)]
  0x00000256fe64c800 JavaThread "Unconstrained build operations Thread 26" [_thread_blocked, id=10752, stack(0x000000bc40500000,0x000000bc40600000)]
  0x00000256fe648800 JavaThread "Unconstrained build operations Thread 27" [_thread_blocked, id=8572, stack(0x000000bc40600000,0x000000bc40700000)]
  0x00000256fe651800 JavaThread "Unconstrained build operations Thread 28" [_thread_blocked, id=8676, stack(0x000000bc40700000,0x000000bc40800000)]
  0x00000256fe64f000 JavaThread "Unconstrained build operations Thread 29" [_thread_blocked, id=2912, stack(0x000000bc40800000,0x000000bc40900000)]
  0x00000256fe650000 JavaThread "Unconstrained build operations Thread 30" [_thread_blocked, id=8376, stack(0x000000bc40900000,0x000000bc40a00000)]
  0x00000256fe650800 JavaThread "Unconstrained build operations Thread 31" [_thread_blocked, id=3680, stack(0x000000bc40a00000,0x000000bc40b00000)]
  0x00000256fe64b800 JavaThread "Unconstrained build operations Thread 32" [_thread_blocked, id=5304, stack(0x000000bc40b00000,0x000000bc40c00000)]
  0x00000256fe652000 JavaThread "Unconstrained build operations Thread 33" [_thread_blocked, id=1196, stack(0x000000bc40c00000,0x000000bc40d00000)]
  0x00000256fe653000 JavaThread "Unconstrained build operations Thread 34" [_thread_blocked, id=5752, stack(0x000000bc40d00000,0x000000bc40e00000)]
  0x00000256fe654800 JavaThread "Unconstrained build operations Thread 35" [_thread_blocked, id=10516, stack(0x000000bc40e00000,0x000000bc40f00000)]
  0x00000256fe656800 JavaThread "Unconstrained build operations Thread 36" [_thread_blocked, id=5312, stack(0x000000bc40f00000,0x000000bc41000000)]
  0x00000256fe655800 JavaThread "Unconstrained build operations Thread 37" [_thread_blocked, id=3136, stack(0x000000bc41000000,0x000000bc41100000)]
  0x00000256fe654000 JavaThread "Unconstrained build operations Thread 38" [_thread_blocked, id=5072, stack(0x000000bc41100000,0x000000bc41200000)]
  0x0000025680a85800 JavaThread "Unconstrained build operations Thread 39" [_thread_blocked, id=11860, stack(0x000000bc41200000,0x000000bc41300000)]
  0x0000025680a83000 JavaThread "Unconstrained build operations Thread 40" [_thread_blocked, id=7560, stack(0x000000bc41300000,0x000000bc41400000)]
  0x0000025680a82800 JavaThread "Memory manager" [_thread_blocked, id=8664, stack(0x000000bc41700000,0x000000bc41800000)]
  0x0000025680a84000 JavaThread "included builds" [_thread_blocked, id=8792, stack(0x000000bc3ba00000,0x000000bc3bb00000)]
  0x0000025680a8c000 JavaThread "Cache worker for execution history cache (C:\Users\Tan\AndroidStudioProjects\Calculadora\.gradle\7.4\executionHistory)" [_thread_blocked, id=3440, stack(0x000000bc41900000,0x000000bc41a00000)]

Other Threads:
  0x00000256fb1c5800 VMThread "VM Thread" [stack: 0x000000bc3c300000,0x000000bc3c400000] [id=11696]
  0x00000256fbd06800 WatcherThread [stack: 0x000000bc3cd00000,0x000000bc3ce00000] [id=10848]
  0x00000256e0ed5000 GCTaskThread "GC Thread#0" [stack: 0x000000bc3be00000,0x000000bc3bf00000] [id=8624]
  0x00000256fbfa0800 GCTaskThread "GC Thread#1" [stack: 0x000000bc3ce00000,0x000000bc3cf00000] [id=5724]
  0x00000256fbf01000 GCTaskThread "GC Thread#2" [stack: 0x000000bc3d900000,0x000000bc3da00000] [id=6964]
  0x00000256fcab3800 GCTaskThread "GC Thread#3" [stack: 0x000000bc3da00000,0x000000bc3db00000] [id=4520]
  0x00000256e0f05000 ConcurrentGCThread "G1 Main Marker" [stack: 0x000000bc3bf00000,0x000000bc3c000000] [id=2980]
  0x00000256e0f07800 ConcurrentGCThread "G1 Conc#0" [stack: 0x000000bc3c000000,0x000000bc3c100000] [id=11524]
  0x00000256e0f5f800 ConcurrentGCThread "G1 Refine#0" [stack: 0x000000bc3c100000,0x000000bc3c200000] [id=1952]
  0x00000256e0f60800 ConcurrentGCThread "G1 Young RemSet Sampling" [stack: 0x000000bc3c200000,0x000000bc3c300000] [id=10428]

Threads with active compile tasks:
C2 CompilerThread0  62043 9377       4       java.lang.reflect.AccessibleObject::checkCanSetAccessible (386 bytes)

VM state:not at safepoint (normal execution)

VM Mutex/Monitor currently owned by a thread: None

Heap address: 0x0000000080000000, size: 2048 MB, Compressed Oops mode: 32-bit
Narrow klass base: 0x0000000000000000, Narrow klass shift: 3
Compressed class space size: 1073741824 Address: 0x0000000100000000

Heap:
 garbage-first heap   total 262144K, used 168947K [0x0000000080000000, 0x0000000100000000)
  region size 1024K, 40 young (40960K), 4 survivors (4096K)
 Metaspace       used 87971K, capacity 90172K, committed 90416K, reserved 1128448K
  class space    used 11373K, capacity 12150K, committed 12160K, reserved 1048576K
Heap Regions: E=young(eden), S=young(survivor), O=old, HS=humongous(starts), HC=humongous(continues), CS=collection set, F=free, A=archive, TAMS=top-at-mark-start (previous, next)
|   0|0x0000000080000000, 0x0000000080100000, 0x0000000080100000|100%|HS|  |TAMS 0x0000000080100000, 0x0000000080000000| Complete 
|   1|0x0000000080100000, 0x0000000080200000, 0x0000000080200000|100%|HC|  |TAMS 0x0000000080200000, 0x0000000080100000| Complete 
|   2|0x0000000080200000, 0x0000000080300000, 0x0000000080300000|100%|HC|  |TAMS 0x0000000080300000, 0x0000000080200000| Complete 
|   3|0x0000000080300000, 0x0000000080400000, 0x0000000080400000|100%| O|  |TAMS 0x0000000080400000, 0x0000000080300000| Untracked 
|   4|0x0000000080400000, 0x0000000080500000, 0x0000000080500000|100%| O|  |TAMS 0x0000000080500000, 0x0000000080400000| Untracked 
|   5|0x0000000080500000, 0x0000000080600000, 0x0000000080600000|100%| O|  |TAMS 0x0000000080600000, 0x0000000080500000| Untracked 
|   6|0x0000000080600000, 0x0000000080700000, 0x0000000080700000|100%| O|  |TAMS 0x0000000080700000, 0x0000000080600000| Untracked 
|   7|0x0000000080700000, 0x0000000080800000, 0x0000000080800000|100%| O|  |TAMS 0x0000000080800000, 0x0000000080700000| Untracked 
|   8|0x0000000080800000, 0x0000000080900000, 0x0000000080900000|100%| O|  |TAMS 0x0000000080900000, 0x0000000080800000| Untracked 
|   9|0x0000000080900000, 0x0000000080a00000, 0x0000000080a00000|100%| O|  |TAMS 0x0000000080a00000, 0x0000000080900000| Untracked 
|  10|0x0000000080a00000, 0x0000000080b00000, 0x0000000080b00000|100%| O|  |TAMS 0x0000000080b00000, 0x0000000080a00000| Untracked 
|  11|0x0000000080b00000, 0x0000000080c00000, 0x0000000080c00000|100%| O|  |TAMS 0x0000000080c00000, 0x0000000080b00000| Untracked 
|  12|0x0000000080c00000, 0x0000000080d00000, 0x0000000080d00000|100%| O|  |TAMS 0x0000000080d00000, 0x0000000080c00000| Untracked 
|  13|0x0000000080d00000, 0x0000000080e00000, 0x0000000080e00000|100%| O|  |TAMS 0x0000000080e00000, 0x0000000080d00000| Untracked 
|  14|0x0000000080e00000, 0x0000000080f00000, 0x0000000080f00000|100%| O|  |TAMS 0x0000000080f00000, 0x0000000080e00000| Untracked 
|  15|0x0000000080f00000, 0x0000000081000000, 0x0000000081000000|100%| O|  |TAMS 0x0000000081000000, 0x0000000080f00000| Untracked 
|  16|0x0000000081000000, 0x0000000081100000, 0x0000000081100000|100%|HS|  |TAMS 0x0000000081100000, 0x0000000081000000| Complete 
|  17|0x0000000081100000, 0x0000000081200000, 0x0000000081200000|100%|HC|  |TAMS 0x0000000081200000, 0x0000000081100000| Complete 
|  18|0x0000000081200000, 0x0000000081300000, 0x0000000081300000|100%|HS|  |TAMS 0x0000000081300000, 0x0000000081200000| Complete 
|  19|0x0000000081300000, 0x0000000081400000, 0x0000000081400000|100%|HC|  |TAMS 0x0000000081400000, 0x0000000081300000| Complete 
|  20|0x0000000081400000, 0x0000000081500000, 0x0000000081500000|100%|HC|  |TAMS 0x0000000081500000, 0x0000000081400000| Complete 
|  21|0x0000000081500000, 0x0000000081600000, 0x0000000081600000|100%|HS|  |TAMS 0x0000000081600000, 0x0000000081500000| Complete 
|  22|0x0000000081600000, 0x0000000081700000, 0x0000000081700000|100%|HC|  |TAMS 0x0000000081700000, 0x0000000081600000| Complete 
|  23|0x0000000081700000, 0x0000000081800000, 0x0000000081800000|100%|HC|  |TAMS 0x0000000081800000, 0x0000000081700000| Complete 
|  24|0x0000000081800000, 0x0000000081900000, 0x0000000081900000|100%| O|  |TAMS 0x0000000081900000, 0x0000000081800000| Untracked 
|  25|0x0000000081900000, 0x0000000081a00000, 0x0000000081a00000|100%| O|  |TAMS 0x0000000081a00000, 0x0000000081900000| Untracked 
|  26|0x0000000081a00000, 0x0000000081b00000, 0x0000000081b00000|100%| O|  |TAMS 0x0000000081b00000, 0x0000000081a00000| Untracked 
|  27|0x0000000081b00000, 0x0000000081c00000, 0x0000000081c00000|100%|HS|  |TAMS 0x0000000081c00000, 0x0000000081b00000| Complete 
|  28|0x0000000081c00000, 0x0000000081d00000, 0x0000000081d00000|100%| O|  |TAMS 0x0000000081d00000, 0x0000000081c00000| Untracked 
|  29|0x0000000081d00000, 0x0000000081e00000, 0x0000000081e00000|100%| O|  |TAMS 0x0000000081e00000, 0x0000000081d00000| Untracked 
|  30|0x0000000081e00000, 0x0000000081f00000, 0x0000000081f00000|100%| O|  |TAMS 0x0000000081f00000, 0x0000000081e00000| Untracked 
|  31|0x0000000081f00000, 0x0000000082000000, 0x0000000082000000|100%| O|  |TAMS 0x0000000082000000, 0x0000000081f00000| Untracked 
|  32|0x0000000082000000, 0x0000000082100000, 0x0000000082100000|100%| O|  |TAMS 0x0000000082100000, 0x0000000082000000| Untracked 
|  33|0x0000000082100000, 0x0000000082200000, 0x0000000082200000|100%| O|  |TAMS 0x0000000082200000, 0x0000000082100000| Untracked 
|  34|0x0000000082200000, 0x0000000082300000, 0x0000000082300000|100%|HS|  |TAMS 0x0000000082300000, 0x0000000082200000| Complete 
|  35|0x0000000082300000, 0x0000000082400000, 0x0000000082400000|100%|HC|  |TAMS 0x0000000082400000, 0x0000000082300000| Complete 
|  36|0x0000000082400000, 0x0000000082500000, 0x0000000082500000|100%|HC|  |TAMS 0x0000000082500000, 0x0000000082400000| Complete 
|  37|0x0000000082500000, 0x0000000082600000, 0x0000000082600000|100%|HC|  |TAMS 0x0000000082600000, 0x0000000082500000| Complete 
|  38|0x0000000082600000, 0x0000000082700000, 0x0000000082700000|100%|HS|  |TAMS 0x0000000082700000, 0x0000000082600000| Complete 
|  39|0x0000000082700000, 0x0000000082800000, 0x0000000082800000|100%|HC|  |TAMS 0x0000000082800000, 0x0000000082700000| Complete 
|  40|0x0000000082800000, 0x0000000082900000, 0x0000000082900000|100%|HC|  |TAMS 0x0000000082900000, 0x0000000082800000| Complete 
|  41|0x0000000082900000, 0x0000000082a00000, 0x0000000082a00000|100%|HC|  |TAMS 0x0000000082a00000, 0x0000000082900000| Complete 
|  42|0x0000000082a00000, 0x0000000082b00000, 0x0000000082b00000|100%|HC|  |TAMS 0x0000000082b00000, 0x0000000082a00000| Complete 
|  43|0x0000000082b00000, 0x0000000082c00000, 0x0000000082c00000|100%| O|  |TAMS 0x0000000082c00000, 0x0000000082b00000| Untracked 
|  44|0x0000000082c00000, 0x0000000082d00000, 0x0000000082d00000|100%| O|  |TAMS 0x0000000082d00000, 0x0000000082c00000| Untracked 
|  45|0x0000000082d00000, 0x0000000082e00000, 0x0000000082e00000|100%| O|  |TAMS 0x0000000082e00000, 0x0000000082d00000| Untracked 
|  46|0x0000000082e00000, 0x0000000082f00000, 0x0000000082f00000|100%| O|  |TAMS 0x0000000082f00000, 0x0000000082e00000| Untracked 
|  47|0x0000000082f00000, 0x0000000083000000, 0x0000000083000000|100%| O|  |TAMS 0x0000000083000000, 0x0000000082f00000| Untracked 
|  48|0x0000000083000000, 0x0000000083100000, 0x0000000083100000|100%| O|  |TAMS 0x0000000083100000, 0x0000000083000000| Untracked 
|  49|0x0000000083100000, 0x0000000083200000, 0x0000000083200000|100%| O|  |TAMS 0x0000000083200000, 0x0000000083100000| Untracked 
|  50|0x0000000083200000, 0x0000000083300000, 0x0000000083300000|100%| O|  |TAMS 0x0000000083300000, 0x0000000083200000| Untracked 
|  51|0x0000000083300000, 0x0000000083400000, 0x0000000083400000|100%| O|  |TAMS 0x0000000083400000, 0x0000000083300000| Untracked 
|  52|0x0000000083400000, 0x0000000083500000, 0x0000000083500000|100%| O|  |TAMS 0x0000000083500000, 0x0000000083400000| Untracked 
|  53|0x0000000083500000, 0x0000000083600000, 0x0000000083600000|100%|HS|  |TAMS 0x0000000083600000, 0x0000000083500000| Complete 
|  54|0x0000000083600000, 0x0000000083700000, 0x0000000083700000|100%|HC|  |TAMS 0x0000000083700000, 0x0000000083600000| Complete 
|  55|0x0000000083700000, 0x0000000083800000, 0x0000000083800000|100%|HC|  |TAMS 0x0000000083800000, 0x0000000083700000| Complete 
|  56|0x0000000083800000, 0x0000000083900000, 0x0000000083900000|100%|HC|  |TAMS 0x0000000083900000, 0x0000000083800000| Complete 
|  57|0x0000000083900000, 0x0000000083a00000, 0x0000000083a00000|100%|HS|  |TAMS 0x0000000083a00000, 0x0000000083900000| Complete 
|  58|0x0000000083a00000, 0x0000000083b00000, 0x0000000083b00000|100%|HC|  |TAMS 0x0000000083b00000, 0x0000000083a00000| Complete 
|  59|0x0000000083b00000, 0x0000000083c00000, 0x0000000083c00000|100%|HC|  |TAMS 0x0000000083c00000, 0x0000000083b00000| Complete 
|  60|0x0000000083c00000, 0x0000000083d00000, 0x0000000083d00000|100%|HS|  |TAMS 0x0000000083d00000, 0x0000000083c00000| Complete 
|  61|0x0000000083d00000, 0x0000000083e00000, 0x0000000083e00000|100%|HC|  |TAMS 0x0000000083e00000, 0x0000000083d00000| Complete 
|  62|0x0000000083e00000, 0x0000000083f00000, 0x0000000083f00000|100%|HS|  |TAMS 0x0000000083f00000, 0x0000000083e00000| Complete 
|  63|0x0000000083f00000, 0x0000000084000000, 0x0000000084000000|100%|HC|  |TAMS 0x0000000084000000, 0x0000000083f00000| Complete 
|  64|0x0000000084000000, 0x0000000084100000, 0x0000000084100000|100%|HC|  |TAMS 0x0000000084100000, 0x0000000084000000| Complete 
|  65|0x0000000084100000, 0x0000000084200000, 0x0000000084200000|100%| O|  |TAMS 0x0000000084200000, 0x0000000084100000| Untracked 
|  66|0x0000000084200000, 0x0000000084300000, 0x0000000084300000|100%| O|  |TAMS 0x0000000084300000, 0x0000000084200000| Untracked 
|  67|0x0000000084300000, 0x0000000084400000, 0x0000000084400000|100%| O|  |TAMS 0x0000000084400000, 0x0000000084300000| Untracked 
|  68|0x0000000084400000, 0x0000000084500000, 0x0000000084500000|100%| O|  |TAMS 0x0000000084500000, 0x0000000084400000| Untracked 
|  69|0x0000000084500000, 0x0000000084600000, 0x0000000084600000|100%| O|  |TAMS 0x0000000084600000, 0x0000000084500000| Untracked 
|  70|0x0000000084600000, 0x0000000084700000, 0x0000000084700000|100%| O|  |TAMS 0x0000000084700000, 0x0000000084600000| Untracked 
|  71|0x0000000084700000, 0x0000000084800000, 0x0000000084800000|100%| O|  |TAMS 0x0000000084800000, 0x0000000084700000| Untracked 
|  72|0x0000000084800000, 0x0000000084900000, 0x0000000084900000|100%|HS|  |TAMS 0x0000000084900000, 0x0000000084800000| Complete 
|  73|0x0000000084900000, 0x0000000084a00000, 0x0000000084a00000|100%|HC|  |TAMS 0x0000000084a00000, 0x0000000084900000| Complete 
|  74|0x0000000084a00000, 0x0000000084b00000, 0x0000000084b00000|100%|HC|  |TAMS 0x0000000084b00000, 0x0000000084a00000| Complete 
|  75|0x0000000084b00000, 0x0000000084c00000, 0x0000000084c00000|100%|HC|  |TAMS 0x0000000084c00000, 0x0000000084b00000| Complete 
|  76|0x0000000084c00000, 0x0000000084d00000, 0x0000000084d00000|100%|HC|  |TAMS 0x0000000084d00000, 0x0000000084c00000| Complete 
|  77|0x0000000084d00000, 0x0000000084e00000, 0x0000000084e00000|100%| O|  |TAMS 0x0000000084e00000, 0x0000000084d00000| Untracked 
|  78|0x0000000084e00000, 0x0000000084f00000, 0x0000000084f00000|100%| O|  |TAMS 0x0000000084f00000, 0x0000000084e00000| Untracked 
|  79|0x0000000084f00000, 0x0000000085000000, 0x0000000085000000|100%| O|  |TAMS 0x0000000085000000, 0x0000000084f00000| Untracked 
|  80|0x0000000085000000, 0x0000000085100000, 0x0000000085100000|100%| O|  |TAMS 0x0000000085100000, 0x0000000085000000| Untracked 
|  81|0x0000000085100000, 0x0000000085200000, 0x0000000085200000|100%| O|  |TAMS 0x0000000085200000, 0x0000000085100000| Untracked 
|  82|0x0000000085200000, 0x0000000085300000, 0x0000000085300000|100%| O|  |TAMS 0x0000000085300000, 0x0000000085200000| Untracked 
|  83|0x0000000085300000, 0x0000000085400000, 0x0000000085400000|100%| O|  |TAMS 0x0000000085400000, 0x0000000085300000| Untracked 
|  84|0x0000000085400000, 0x0000000085500000, 0x0000000085500000|100%|HS|  |TAMS 0x0000000085500000, 0x0000000085400000| Complete 
|  85|0x0000000085500000, 0x0000000085600000, 0x0000000085600000|100%|HS|  |TAMS 0x0000000085600000, 0x0000000085500000| Complete 
|  86|0x0000000085600000, 0x0000000085700000, 0x0000000085700000|100%| O|  |TAMS 0x0000000085700000, 0x0000000085600000| Untracked 
|  87|0x0000000085700000, 0x0000000085800000, 0x0000000085800000|100%| O|  |TAMS 0x0000000085800000, 0x0000000085700000| Untracked 
|  88|0x0000000085800000, 0x0000000085900000, 0x0000000085900000|100%| O|  |TAMS 0x0000000085900000, 0x0000000085800000| Untracked 
|  89|0x0000000085900000, 0x0000000085a00000, 0x0000000085a00000|100%| O|  |TAMS 0x0000000085a00000, 0x0000000085900000| Untracked 
|  90|0x0000000085a00000, 0x0000000085b00000, 0x0000000085b00000|100%| O|  |TAMS 0x0000000085b00000, 0x0000000085a00000| Untracked 
|  91|0x0000000085b00000, 0x0000000085c00000, 0x0000000085c00000|100%|HS|  |TAMS 0x0000000085c00000, 0x0000000085b00000| Complete 
|  92|0x0000000085c00000, 0x0000000085d00000, 0x0000000085d00000|100%|HC|  |TAMS 0x0000000085d00000, 0x0000000085c00000| Complete 
|  93|0x0000000085d00000, 0x0000000085e00000, 0x0000000085e00000|100%| O|  |TAMS 0x0000000085e00000, 0x0000000085d00000| Untracked 
|  94|0x0000000085e00000, 0x0000000085f00000, 0x0000000085f00000|100%| O|  |TAMS 0x0000000085f00000, 0x0000000085e00000| Untracked 
|  95|0x0000000085f00000, 0x0000000086000000, 0x0000000086000000|100%| O|  |TAMS 0x0000000086000000, 0x0000000085f00000| Untracked 
|  96|0x0000000086000000, 0x0000000086100000, 0x0000000086100000|100%| O|  |TAMS 0x0000000086100000, 0x0000000086000000| Untracked 
|  97|0x0000000086100000, 0x0000000086200000, 0x0000000086200000|100%| O|  |TAMS 0x0000000086200000, 0x0000000086100000| Untracked 
|  98|0x0000000086200000, 0x0000000086300000, 0x0000000086300000|100%| O|  |TAMS 0x0000000086300000, 0x0000000086200000| Untracked 
|  99|0x0000000086300000, 0x0000000086400000, 0x0000000086400000|100%| O|  |TAMS 0x0000000086400000, 0x0000000086300000| Untracked 
| 100|0x0000000086400000, 0x0000000086500000, 0x0000000086500000|100%| O|  |TAMS 0x0000000086500000, 0x0000000086400000| Untracked 
| 101|0x0000000086500000, 0x0000000086600000, 0x0000000086600000|100%| O|  |TAMS 0x0000000086600000, 0x0000000086500000| Untracked 
| 102|0x0000000086600000, 0x0000000086700000, 0x0000000086700000|100%| O|  |TAMS 0x0000000086700000, 0x0000000086600000| Untracked 
| 103|0x0000000086700000, 0x0000000086800000, 0x0000000086800000|100%| O|  |TAMS 0x0000000086800000, 0x0000000086700000| Untracked 
| 104|0x0000000086800000, 0x0000000086900000, 0x0000000086900000|100%| O|  |TAMS 0x0000000086900000, 0x0000000086800000| Untracked 
| 105|0x0000000086900000, 0x0000000086a00000, 0x0000000086a00000|100%|HS|  |TAMS 0x0000000086a00000, 0x0000000086900000| Complete 
| 106|0x0000000086a00000, 0x0000000086b00000, 0x0000000086b00000|100%|HC|  |TAMS 0x0000000086b00000, 0x0000000086a00000| Complete 
| 107|0x0000000086b00000, 0x0000000086c00000, 0x0000000086c00000|100%|HS|  |TAMS 0x0000000086c00000, 0x0000000086b00000| Complete 
| 108|0x0000000086c00000, 0x0000000086d00000, 0x0000000086d00000|100%|HC|  |TAMS 0x0000000086d00000, 0x0000000086c00000| Complete 
| 109|0x0000000086d00000, 0x0000000086e00000, 0x0000000086e00000|100%|HC|  |TAMS 0x0000000086e00000, 0x0000000086d00000| Complete 
| 110|0x0000000086e00000, 0x0000000086f00000, 0x0000000086f00000|100%| O|  |TAMS 0x0000000086f00000, 0x0000000086e00000| Untracked 
| 111|0x0000000086f00000, 0x0000000087000000, 0x0000000087000000|100%| O|  |TAMS 0x0000000087000000, 0x0000000086f00000| Untracked 
| 112|0x0000000087000000, 0x0000000087100000, 0x0000000087100000|100%| O|  |TAMS 0x0000000087100000, 0x0000000087000000| Untracked 
| 113|0x0000000087100000, 0x0000000087110c00, 0x0000000087200000|  6%| O|  |TAMS 0x0000000087110c00, 0x0000000087100000| Untracked 
| 114|0x0000000087200000, 0x0000000087300000, 0x0000000087300000|100%|HS|  |TAMS 0x0000000087300000, 0x0000000087200000| Complete 
| 115|0x0000000087300000, 0x0000000087400000, 0x0000000087400000|100%|HC|  |TAMS 0x0000000087400000, 0x0000000087300000| Complete 
| 116|0x0000000087400000, 0x0000000087500000, 0x0000000087500000|100%|HC|  |TAMS 0x0000000087500000, 0x0000000087400000| Complete 
| 117|0x0000000087500000, 0x0000000087600000, 0x0000000087600000|100%|HS|  |TAMS 0x0000000087600000, 0x0000000087500000| Complete 
| 118|0x0000000087600000, 0x0000000087700000, 0x0000000087700000|100%|HC|  |TAMS 0x0000000087700000, 0x0000000087600000| Complete 
| 119|0x0000000087700000, 0x0000000087800000, 0x0000000087800000|100%|HC|  |TAMS 0x0000000087800000, 0x0000000087700000| Complete 
| 120|0x0000000087800000, 0x0000000087900000, 0x0000000087900000|100%|HC|  |TAMS 0x0000000087900000, 0x0000000087800000| Complete 
| 121|0x0000000087900000, 0x0000000087a00000, 0x0000000087a00000|100%|HS|  |TAMS 0x0000000087a00000, 0x0000000087900000| Complete 
| 122|0x0000000087a00000, 0x0000000087b00000, 0x0000000087b00000|100%|HC|  |TAMS 0x0000000087b00000, 0x0000000087a00000| Complete 
| 123|0x0000000087b00000, 0x0000000087c00000, 0x0000000087c00000|100%|HC|  |TAMS 0x0000000087c00000, 0x0000000087b00000| Complete 
| 124|0x0000000087c00000, 0x0000000087d00000, 0x0000000087d00000|100%|HC|  |TAMS 0x0000000087d00000, 0x0000000087c00000| Complete 
| 125|0x0000000087d00000, 0x0000000087e00000, 0x0000000087e00000|100%|HC|  |TAMS 0x0000000087e00000, 0x0000000087d00000| Complete 
| 126|0x0000000087e00000, 0x0000000087f00000, 0x0000000087f00000|100%|HS|  |TAMS 0x0000000087e00000, 0x0000000087e00000| Complete 
| 127|0x0000000087f00000, 0x0000000087f00000, 0x0000000088000000|  0%| F|  |TAMS 0x0000000087f00000, 0x0000000087f00000| Untracked 
| 128|0x0000000088000000, 0x0000000088000000, 0x0000000088100000|  0%| F|  |TAMS 0x0000000088000000, 0x0000000088000000| Untracked 
| 129|0x0000000088100000, 0x0000000088100000, 0x0000000088200000|  0%| F|  |TAMS 0x0000000088100000, 0x0000000088100000| Untracked 
| 130|0x0000000088200000, 0x0000000088200000, 0x0000000088300000|  0%| F|  |TAMS 0x0000000088200000, 0x0000000088200000| Untracked 
| 131|0x0000000088300000, 0x0000000088300000, 0x0000000088400000|  0%| F|  |TAMS 0x0000000088300000, 0x0000000088300000| Untracked 
| 132|0x0000000088400000, 0x0000000088400000, 0x0000000088500000|  0%| F|  |TAMS 0x0000000088400000, 0x0000000088400000| Untracked 
| 133|0x0000000088500000, 0x0000000088500000, 0x0000000088600000|  0%| F|  |TAMS 0x0000000088500000, 0x0000000088500000| Untracked 
| 134|0x0000000088600000, 0x0000000088600000, 0x0000000088700000|  0%| F|  |TAMS 0x0000000088600000, 0x0000000088600000| Untracked 
| 135|0x0000000088700000, 0x0000000088700000, 0x0000000088800000|  0%| F|  |TAMS 0x0000000088700000, 0x0000000088700000| Untracked 
| 136|0x0000000088800000, 0x0000000088800000, 0x0000000088900000|  0%| F|  |TAMS 0x0000000088800000, 0x0000000088800000| Untracked 
| 137|0x0000000088900000, 0x0000000088900000, 0x0000000088a00000|  0%| F|  |TAMS 0x0000000088900000, 0x0000000088900000| Untracked 
| 138|0x0000000088a00000, 0x0000000088a00000, 0x0000000088b00000|  0%| F|  |TAMS 0x0000000088a00000, 0x0000000088a00000| Untracked 
| 139|0x0000000088b00000, 0x0000000088b00000, 0x0000000088c00000|  0%| F|  |TAMS 0x0000000088b00000, 0x0000000088b00000| Untracked 
| 140|0x0000000088c00000, 0x0000000088c00000, 0x0000000088d00000|  0%| F|  |TAMS 0x0000000088c00000, 0x0000000088c00000| Untracked 
| 141|0x0000000088d00000, 0x0000000088d00000, 0x0000000088e00000|  0%| F|  |TAMS 0x0000000088d00000, 0x0000000088d00000| Untracked 
| 142|0x0000000088e00000, 0x0000000088e00000, 0x0000000088f00000|  0%| F|  |TAMS 0x0000000088e00000, 0x0000000088e00000| Untracked 
| 143|0x0000000088f00000, 0x0000000088f00000, 0x0000000089000000|  0%| F|  |TAMS 0x0000000088f00000, 0x0000000088f00000| Untracked 
| 144|0x0000000089000000, 0x0000000089000000, 0x0000000089100000|  0%| F|  |TAMS 0x0000000089000000, 0x0000000089000000| Untracked 
| 145|0x0000000089100000, 0x0000000089100000, 0x0000000089200000|  0%| F|  |TAMS 0x0000000089100000, 0x0000000089100000| Untracked 
| 146|0x0000000089200000, 0x0000000089200000, 0x0000000089300000|  0%| F|  |TAMS 0x0000000089200000, 0x0000000089200000| Untracked 
| 147|0x0000000089300000, 0x0000000089300000, 0x0000000089400000|  0%| F|  |TAMS 0x0000000089300000, 0x0000000089300000| Untracked 
| 148|0x0000000089400000, 0x0000000089400000, 0x0000000089500000|  0%| F|  |TAMS 0x0000000089400000, 0x0000000089400000| Untracked 
| 149|0x0000000089500000, 0x0000000089500000, 0x0000000089600000|  0%| F|  |TAMS 0x0000000089500000, 0x0000000089500000| Untracked 
| 150|0x0000000089600000, 0x0000000089600000, 0x0000000089700000|  0%| F|  |TAMS 0x0000000089600000, 0x0000000089600000| Untracked 
| 151|0x0000000089700000, 0x0000000089700000, 0x0000000089800000|  0%| F|  |TAMS 0x0000000089700000, 0x0000000089700000| Untracked 
| 152|0x0000000089800000, 0x0000000089800000, 0x0000000089900000|  0%| F|  |TAMS 0x0000000089800000, 0x0000000089800000| Untracked 
| 153|0x0000000089900000, 0x0000000089900000, 0x0000000089a00000|  0%| F|  |TAMS 0x0000000089900000, 0x0000000089900000| Untracked 
| 154|0x0000000089a00000, 0x0000000089a00000, 0x0000000089b00000|  0%| F|  |TAMS 0x0000000089a00000, 0x0000000089a00000| Untracked 
| 155|0x0000000089b00000, 0x0000000089b00000, 0x0000000089c00000|  0%| F|  |TAMS 0x0000000089b00000, 0x0000000089b00000| Untracked 
| 156|0x0000000089c00000, 0x0000000089c00000, 0x0000000089d00000|  0%| F|  |TAMS 0x0000000089c00000, 0x0000000089c00000| Untracked 
| 157|0x0000000089d00000, 0x0000000089d00000, 0x0000000089e00000|  0%| F|  |TAMS 0x0000000089d00000, 0x0000000089d00000| Untracked 
| 158|0x0000000089e00000, 0x0000000089e00000, 0x0000000089f00000|  0%| F|  |TAMS 0x0000000089e00000, 0x0000000089e00000| Untracked 
| 159|0x0000000089f00000, 0x0000000089f00000, 0x000000008a000000|  0%| F|  |TAMS 0x0000000089f00000, 0x0000000089f00000| Untracked 
| 160|0x000000008a000000, 0x000000008a000000, 0x000000008a100000|  0%| F|  |TAMS 0x000000008a000000, 0x000000008a000000| Untracked 
| 161|0x000000008a100000, 0x000000008a100000, 0x000000008a200000|  0%| F|  |TAMS 0x000000008a100000, 0x000000008a100000| Untracked 
| 162|0x000000008a200000, 0x000000008a200000, 0x000000008a300000|  0%| F|  |TAMS 0x000000008a200000, 0x000000008a200000| Untracked 
| 163|0x000000008a300000, 0x000000008a300000, 0x000000008a400000|  0%| F|  |TAMS 0x000000008a300000, 0x000000008a300000| Untracked 
| 164|0x000000008a400000, 0x000000008a400000, 0x000000008a500000|  0%| F|  |TAMS 0x000000008a400000, 0x000000008a400000| Untracked 
| 165|0x000000008a500000, 0x000000008a500000, 0x000000008a600000|  0%| F|  |TAMS 0x000000008a500000, 0x000000008a500000| Untracked 
| 166|0x000000008a600000, 0x000000008a600000, 0x000000008a700000|  0%| F|  |TAMS 0x000000008a600000, 0x000000008a600000| Untracked 
| 167|0x000000008a700000, 0x000000008a700000, 0x000000008a800000|  0%| F|  |TAMS 0x000000008a700000, 0x000000008a700000| Untracked 
| 168|0x000000008a800000, 0x000000008a800000, 0x000000008a900000|  0%| F|  |TAMS 0x000000008a800000, 0x000000008a800000| Untracked 
| 169|0x000000008a900000, 0x000000008a900000, 0x000000008aa00000|  0%| F|  |TAMS 0x000000008a900000, 0x000000008a900000| Untracked 
| 170|0x000000008aa00000, 0x000000008aa00000, 0x000000008ab00000|  0%| F|  |TAMS 0x000000008aa00000, 0x000000008aa00000| Untracked 
| 171|0x000000008ab00000, 0x000000008ab00000, 0x000000008ac00000|  0%| F|  |TAMS 0x000000008ab00000, 0x000000008ab00000| Untracked 
| 172|0x000000008ac00000, 0x000000008ac00000, 0x000000008ad00000|  0%| F|  |TAMS 0x000000008ac00000, 0x000000008ac00000| Untracked 
| 173|0x000000008ad00000, 0x000000008ad00000, 0x000000008ae00000|  0%| F|  |TAMS 0x000000008ad00000, 0x000000008ad00000| Untracked 
| 174|0x000000008ae00000, 0x000000008ae00000, 0x000000008af00000|  0%| F|  |TAMS 0x000000008ae00000, 0x000000008ae00000| Untracked 
| 175|0x000000008af00000, 0x000000008af00000, 0x000000008b000000|  0%| F|  |TAMS 0x000000008af00000, 0x000000008af00000| Untracked 
| 176|0x000000008b000000, 0x000000008b000000, 0x000000008b100000|  0%| F|  |TAMS 0x000000008b000000, 0x000000008b000000| Untracked 
| 177|0x000000008b100000, 0x000000008b100000, 0x000000008b200000|  0%| F|  |TAMS 0x000000008b100000, 0x000000008b100000| Untracked 
| 178|0x000000008b200000, 0x000000008b200000, 0x000000008b300000|  0%| F|  |TAMS 0x000000008b200000, 0x000000008b200000| Untracked 
| 179|0x000000008b300000, 0x000000008b300000, 0x000000008b400000|  0%| F|  |TAMS 0x000000008b300000, 0x000000008b300000| Untracked 
| 180|0x000000008b400000, 0x000000008b400000, 0x000000008b500000|  0%| F|  |TAMS 0x000000008b400000, 0x000000008b400000| Untracked 
| 181|0x000000008b500000, 0x000000008b500000, 0x000000008b600000|  0%| F|  |TAMS 0x000000008b500000, 0x000000008b500000| Untracked 
| 182|0x000000008b600000, 0x000000008b600000, 0x000000008b700000|  0%| F|  |TAMS 0x000000008b600000, 0x000000008b600000| Untracked 
| 183|0x000000008b700000, 0x000000008b700000, 0x000000008b800000|  0%| F|  |TAMS 0x000000008b700000, 0x000000008b700000| Untracked 
| 184|0x000000008b800000, 0x000000008b800000, 0x000000008b900000|  0%| F|  |TAMS 0x000000008b800000, 0x000000008b800000| Untracked 
| 185|0x000000008b900000, 0x000000008b900000, 0x000000008ba00000|  0%| F|  |TAMS 0x000000008b900000, 0x000000008b900000| Untracked 
| 186|0x000000008ba00000, 0x000000008ba00000, 0x000000008bb00000|  0%| F|  |TAMS 0x000000008ba00000, 0x000000008ba00000| Untracked 
| 187|0x000000008bb00000, 0x000000008bb00000, 0x000000008bc00000|  0%| F|  |TAMS 0x000000008bb00000, 0x000000008bb00000| Untracked 
| 188|0x000000008bc00000, 0x000000008bc00000, 0x000000008bd00000|  0%| F|  |TAMS 0x000000008bc00000, 0x000000008bc00000| Untracked 
| 189|0x000000008bd00000, 0x000000008bd00000, 0x000000008be00000|  0%| F|  |TAMS 0x000000008bd00000, 0x000000008bd00000| Untracked 
| 190|0x000000008be00000, 0x000000008be00000, 0x000000008bf00000|  0%| F|  |TAMS 0x000000008be00000, 0x000000008be00000| Untracked 
| 191|0x000000008bf00000, 0x000000008bf00000, 0x000000008c000000|  0%| F|  |TAMS 0x000000008bf00000, 0x000000008bf00000| Untracked 
| 192|0x000000008c000000, 0x000000008c000000, 0x000000008c100000|  0%| F|  |TAMS 0x000000008c000000, 0x000000008c000000| Untracked 
| 193|0x000000008c100000, 0x000000008c100000, 0x000000008c200000|  0%| F|  |TAMS 0x000000008c100000, 0x000000008c100000| Untracked 
| 194|0x000000008c200000, 0x000000008c200000, 0x000000008c300000|  0%| F|  |TAMS 0x000000008c200000, 0x000000008c200000| Untracked 
| 195|0x000000008c300000, 0x000000008c300000, 0x000000008c400000|  0%| F|  |TAMS 0x000000008c300000, 0x000000008c300000| Untracked 
| 196|0x000000008c400000, 0x000000008c400000, 0x000000008c500000|  0%| F|  |TAMS 0x000000008c400000, 0x000000008c400000| Untracked 
| 197|0x000000008c500000, 0x000000008c500000, 0x000000008c600000|  0%| F|  |TAMS 0x000000008c500000, 0x000000008c500000| Untracked 
| 198|0x000000008c600000, 0x000000008c600000, 0x000000008c700000|  0%| F|  |TAMS 0x000000008c600000, 0x000000008c600000| Untracked 
| 199|0x000000008c700000, 0x000000008c700000, 0x000000008c800000|  0%| F|  |TAMS 0x000000008c700000, 0x000000008c700000| Untracked 
| 200|0x000000008c800000, 0x000000008c800000, 0x000000008c900000|  0%| F|  |TAMS 0x000000008c800000, 0x000000008c800000| Untracked 
| 201|0x000000008c900000, 0x000000008c900000, 0x000000008ca00000|  0%| F|  |TAMS 0x000000008c900000, 0x000000008c900000| Untracked 
| 202|0x000000008ca00000, 0x000000008ca00000, 0x000000008cb00000|  0%| F|  |TAMS 0x000000008ca00000, 0x000000008ca00000| Untracked 
| 203|0x000000008cb00000, 0x000000008cb00000, 0x000000008cc00000|  0%| F|  |TAMS 0x000000008cb00000, 0x000000008cb00000| Untracked 
| 204|0x000000008cc00000, 0x000000008cc00000, 0x000000008cd00000|  0%| F|  |TAMS 0x000000008cc00000, 0x000000008cc00000| Untracked 
| 205|0x000000008cd00000, 0x000000008cd00000, 0x000000008ce00000|  0%| F|  |TAMS 0x000000008cd00000, 0x000000008cd00000| Untracked 
| 206|0x000000008ce00000, 0x000000008ce00000, 0x000000008cf00000|  0%| F|  |TAMS 0x000000008ce00000, 0x000000008ce00000| Untracked 
| 207|0x000000008cf00000, 0x000000008cf00000, 0x000000008d000000|  0%| F|  |TAMS 0x000000008cf00000, 0x000000008cf00000| Untracked 
| 208|0x000000008d000000, 0x000000008d000000, 0x000000008d100000|  0%| F|  |TAMS 0x000000008d000000, 0x000000008d000000| Untracked 
| 209|0x000000008d100000, 0x000000008d100000, 0x000000008d200000|  0%| F|  |TAMS 0x000000008d100000, 0x000000008d100000| Untracked 
| 210|0x000000008d200000, 0x000000008d200000, 0x000000008d300000|  0%| F|  |TAMS 0x000000008d200000, 0x000000008d200000| Untracked 
| 211|0x000000008d300000, 0x000000008d300000, 0x000000008d400000|  0%| F|  |TAMS 0x000000008d300000, 0x000000008d300000| Untracked 
| 212|0x000000008d400000, 0x000000008d400000, 0x000000008d500000|  0%| F|  |TAMS 0x000000008d400000, 0x000000008d400000| Untracked 
| 213|0x000000008d500000, 0x000000008d500000, 0x000000008d600000|  0%| F|  |TAMS 0x000000008d500000, 0x000000008d500000| Untracked 
| 214|0x000000008d600000, 0x000000008d600000, 0x000000008d700000|  0%| F|  |TAMS 0x000000008d600000, 0x000000008d600000| Untracked 
| 215|0x000000008d700000, 0x000000008d700000, 0x000000008d800000|  0%| F|  |TAMS 0x000000008d700000, 0x000000008d700000| Untracked 
| 216|0x000000008d800000, 0x000000008d900000, 0x000000008d900000|100%| E|  |TAMS 0x000000008d800000, 0x000000008d800000| Complete 
| 217|0x000000008d900000, 0x000000008da00000, 0x000000008da00000|100%| E|CS|TAMS 0x000000008d900000, 0x000000008d900000| Complete 
| 218|0x000000008da00000, 0x000000008db00000, 0x000000008db00000|100%| E|CS|TAMS 0x000000008da00000, 0x000000008da00000| Complete 
| 219|0x000000008db00000, 0x000000008dc00000, 0x000000008dc00000|100%| E|CS|TAMS 0x000000008db00000, 0x000000008db00000| Complete 
| 220|0x000000008dc00000, 0x000000008dd00000, 0x000000008dd00000|100%| E|CS|TAMS 0x000000008dc00000, 0x000000008dc00000| Complete 
| 221|0x000000008dd00000, 0x000000008de00000, 0x000000008de00000|100%| E|CS|TAMS 0x000000008dd00000, 0x000000008dd00000| Complete 
| 222|0x000000008de00000, 0x000000008df00000, 0x000000008df00000|100%| E|CS|TAMS 0x000000008de00000, 0x000000008de00000| Complete 
| 223|0x000000008df00000, 0x000000008e000000, 0x000000008e000000|100%| E|CS|TAMS 0x000000008df00000, 0x000000008df00000| Complete 
| 224|0x000000008e000000, 0x000000008e100000, 0x000000008e100000|100%| E|CS|TAMS 0x000000008e000000, 0x000000008e000000| Complete 
| 225|0x000000008e100000, 0x000000008e200000, 0x000000008e200000|100%| E|CS|TAMS 0x000000008e100000, 0x000000008e100000| Complete 
| 226|0x000000008e200000, 0x000000008e300000, 0x000000008e300000|100%| E|CS|TAMS 0x000000008e200000, 0x000000008e200000| Complete 
| 227|0x000000008e300000, 0x000000008e400000, 0x000000008e400000|100%| E|CS|TAMS 0x000000008e300000, 0x000000008e300000| Complete 
| 228|0x000000008e400000, 0x000000008e500000, 0x000000008e500000|100%| E|CS|TAMS 0x000000008e400000, 0x000000008e400000| Complete 
| 229|0x000000008e500000, 0x000000008e600000, 0x000000008e600000|100%| E|CS|TAMS 0x000000008e500000, 0x000000008e500000| Complete 
| 230|0x000000008e600000, 0x000000008e700000, 0x000000008e700000|100%| E|CS|TAMS 0x000000008e600000, 0x000000008e600000| Complete 
| 231|0x000000008e700000, 0x000000008e800000, 0x000000008e800000|100%| E|CS|TAMS 0x000000008e700000, 0x000000008e700000| Complete 
| 232|0x000000008e800000, 0x000000008e900000, 0x000000008e900000|100%| E|CS|TAMS 0x000000008e800000, 0x000000008e800000| Complete 
| 233|0x000000008e900000, 0x000000008ea00000, 0x000000008ea00000|100%| E|CS|TAMS 0x000000008e900000, 0x000000008e900000| Complete 
| 234|0x000000008ea00000, 0x000000008eb00000, 0x000000008eb00000|100%| E|CS|TAMS 0x000000008ea00000, 0x000000008ea00000| Complete 
| 235|0x000000008eb00000, 0x000000008ec00000, 0x000000008ec00000|100%| E|CS|TAMS 0x000000008eb00000, 0x000000008eb00000| Complete 
| 236|0x000000008ec00000, 0x000000008ed00000, 0x000000008ed00000|100%| E|CS|TAMS 0x000000008ec00000, 0x000000008ec00000| Complete 
| 237|0x000000008ed00000, 0x000000008ee00000, 0x000000008ee00000|100%| E|CS|TAMS 0x000000008ed00000, 0x000000008ed00000| Complete 
| 238|0x000000008ee00000, 0x000000008ef00000, 0x000000008ef00000|100%| E|CS|TAMS 0x000000008ee00000, 0x000000008ee00000| Complete 
| 239|0x000000008ef00000, 0x000000008f000000, 0x000000008f000000|100%| E|CS|TAMS 0x000000008ef00000, 0x000000008ef00000| Complete 
| 240|0x000000008f000000, 0x000000008f100000, 0x000000008f100000|100%| E|CS|TAMS 0x000000008f000000, 0x000000008f000000| Complete 
| 241|0x000000008f100000, 0x000000008f200000, 0x000000008f200000|100%| E|CS|TAMS 0x000000008f100000, 0x000000008f100000| Complete 
| 242|0x000000008f200000, 0x000000008f300000, 0x000000008f300000|100%| E|CS|TAMS 0x000000008f200000, 0x000000008f200000| Complete 
| 243|0x000000008f300000, 0x000000008f400000, 0x000000008f400000|100%| E|CS|TAMS 0x000000008f300000, 0x000000008f300000| Complete 
| 244|0x000000008f400000, 0x000000008f500000, 0x000000008f500000|100%| E|CS|TAMS 0x000000008f400000, 0x000000008f400000| Complete 
| 245|0x000000008f500000, 0x000000008f600000, 0x000000008f600000|100%| E|CS|TAMS 0x000000008f500000, 0x000000008f500000| Complete 
| 246|0x000000008f600000, 0x000000008f700000, 0x000000008f700000|100%| E|CS|TAMS 0x000000008f600000, 0x000000008f600000| Complete 
| 247|0x000000008f700000, 0x000000008f7ec1e8, 0x000000008f800000| 92%| S|CS|TAMS 0x000000008f700000, 0x000000008f700000| Complete 
| 248|0x000000008f800000, 0x000000008f900000, 0x000000008f900000|100%| S|CS|TAMS 0x000000008f800000, 0x000000008f800000| Complete 
| 249|0x000000008f900000, 0x000000008fa00000, 0x000000008fa00000|100%| S|CS|TAMS 0x000000008f900000, 0x000000008f900000| Complete 
| 250|0x000000008fa00000, 0x000000008fb00000, 0x000000008fb00000|100%| S|CS|TAMS 0x000000008fa00000, 0x000000008fa00000| Complete 
| 251|0x000000008fb00000, 0x000000008fc00000, 0x000000008fc00000|100%| E|CS|TAMS 0x000000008fb00000, 0x000000008fb00000| Complete 
| 252|0x000000008fc00000, 0x000000008fd00000, 0x000000008fd00000|100%| E|CS|TAMS 0x000000008fc00000, 0x000000008fc00000| Complete 
| 253|0x000000008fd00000, 0x000000008fe00000, 0x000000008fe00000|100%| E|CS|TAMS 0x000000008fd00000, 0x000000008fd00000| Complete 
| 254|0x000000008fe00000, 0x000000008ff00000, 0x000000008ff00000|100%| E|CS|TAMS 0x000000008fe00000, 0x000000008fe00000| Complete 
| 255|0x000000008ff00000, 0x0000000090000000, 0x0000000090000000|100%| E|CS|TAMS 0x000000008ff00000, 0x000000008ff00000| Complete 

Card table byte_map: [0x00000256f4400000,0x00000256f4800000] _byte_map_base: 0x00000256f4000000

Marking Bits (Prev, Next): (CMBitMap*) 0x00000256e0efc1a0, (CMBitMap*) 0x00000256e0efc168
 Prev Bits: [0x00000256f6c00000, 0x00000256f8c00000)
 Next Bits: [0x00000256f4c00000, 0x00000256f6c00000)

Polling page: 0x00000256df490000

Metaspace:

Usage:
  Non-class:     76.20 MB capacity,    74.81 MB ( 98%) used,     1.17 MB (  2%) free+waste,   225.25 KB ( <1%) overhead. 
      Class:     11.87 MB capacity,    11.11 MB ( 94%) used,   673.38 KB (  6%) free+waste,   104.56 KB ( <1%) overhead. 
       Both:     88.07 MB capacity,    85.92 MB ( 98%) used,     1.83 MB (  2%) free+waste,   329.81 KB ( <1%) overhead. 

Virtual space:
  Non-class space:       78.00 MB reserved,      76.42 MB ( 98%) committed 
      Class space:        1.00 GB reserved,      11.88 MB (  1%) committed 
             Both:        1.08 GB reserved,      88.30 MB (  8%) committed 

Chunk freelists:
   Non-Class:  36.00 KB
       Class:  7.00 KB
        Both:  43.00 KB

MaxMetaspaceSize: 17179869184.00 GB
CompressedClassSpaceSize: 1.00 GB
Initial GC threshold: 20.80 MB
Current GC threshold: 143.00 MB
CDS: off

CodeHeap 'non-profiled nmethods': size=120064Kb used=5586Kb max_used=5586Kb free=114477Kb
 bounds [0x00000256ec4a0000, 0x00000256eca20000, 0x00000256f39e0000]
CodeHeap 'profiled nmethods': size=120000Kb used=20411Kb max_used=20411Kb free=99588Kb
 bounds [0x00000256e4f70000, 0x00000256e6360000, 0x00000256ec4a0000]
CodeHeap 'non-nmethods': size=5696Kb used=2399Kb max_used=2430Kb free=3296Kb
 bounds [0x00000256e49e0000, 0x00000256e4c50000, 0x00000256e4f70000]
 total_blobs=10267 nmethods=9336 adapters=843
 compilation: enabled
              stopped_count=0, restarted_count=0
 full_count=0

Compilation events (20 events):
Event: 61.505 Thread 0x00000256fb236800 9401   !   3       org.apache.http.conn.EofSensorInputStream::checkEOF (60 bytes)
Event: 61.505 Thread 0x00000256fb236800 nmethod 9401 0x00000256e632a410 code [0x00000256e632a5e0, 0x00000256e632a9d8]
Event: 61.505 Thread 0x00000256fb236800 9403       3       org.gradle.internal.resource.transfer.ResourceOperation::logProcessedBytes (87 bytes)
Event: 61.506 Thread 0x00000256fb236800 nmethod 9403 0x00000256e632ab90 code [0x00000256e632ae20, 0x00000256e632b7d8]
Event: 61.506 Thread 0x00000256fb236800 9404       3       org.gradle.internal.util.NumberUtil::formatBytes (128 bytes)
Event: 61.507 Thread 0x00000256fb236800 nmethod 9404 0x00000256e632bb90 code [0x00000256e632bf60, 0x00000256e632d448]
Event: 61.507 Thread 0x00000256fb236800 9405       3       java.math.BigDecimal::divide (211 bytes)
Event: 61.508 Thread 0x00000256fb236800 nmethod 9405 0x00000256e632dc10 code [0x00000256e632df00, 0x00000256e632ee88]
Event: 61.526 Thread 0x00000256fb236800 9406       3       org.gradle.cache.internal.InMemoryDecoratedCache::putLater (24 bytes)
Event: 61.527 Thread 0x00000256fb236800 nmethod 9406 0x00000256e632f390 code [0x00000256e632f600, 0x00000256e632ff38]
Event: 61.527 Thread 0x00000256fb236800 9407       3       org.gradle.cache.internal.AsyncCacheAccessDecoratedCache$$Lambda$238/0x00000001003ab040::run (20 bytes)
Event: 61.527 Thread 0x00000256fb236800 nmethod 9407 0x00000256e6330310 code [0x00000256e6330500, 0x00000256e6330908]
Event: 61.527 Thread 0x00000256fb236800 9408   !   3       org.gradle.cache.internal.AsyncCacheAccessDecoratedCache::lambda$putLater$1 (32 bytes)
Event: 61.527 Thread 0x00000256fb236800 nmethod 9408 0x00000256e6330b10 code [0x00000256e6330d00, 0x00000256e6331088]
Event: 61.528 Thread 0x00000256fb236800 9410       3       org.gradle.cache.internal.AsyncCacheAccessDecoratedCache$$Lambda$238/0x00000001003ab040::get$Lambda (12 bytes)
Event: 61.528 Thread 0x00000256fb236800 nmethod 9410 0x00000256e6331210 code [0x00000256e63313e0, 0x00000256e6331758]
Event: 61.528 Thread 0x00000256fb236800 9411       3       org.gradle.cache.internal.CacheAccessWorker::enqueue (6 bytes)
Event: 61.528 Thread 0x00000256fb236800 nmethod 9411 0x00000256e6331890 code [0x00000256e6331a40, 0x00000256e6331b68]
Event: 61.528 Thread 0x00000256fb236800 9412   !   3       org.gradle.cache.internal.AsyncCacheAccessDecoratedCache::putLater (33 bytes)
Event: 61.529 Thread 0x00000256fb236800 nmethod 9412 0x00000256e6331c10 code [0x00000256e6331e40, 0x00000256e6332548]

GC Heap History (20 events):
Event: 48.891 GC heap before
{Heap before GC invocations=75 (full 0):
 garbage-first heap   total 181248K, used 153423K [0x0000000080000000, 0x0000000100000000)
  region size 1024K, 52 young (53248K), 6 survivors (6144K)
 Metaspace       used 76596K, capacity 78467K, committed 78768K, reserved 1118208K
  class space    used 9718K, capacity 10412K, committed 10496K, reserved 1048576K
}
Event: 48.917 GC heap after
{Heap after GC invocations=76 (full 0):
 garbage-first heap   total 181248K, used 103808K [0x0000000080000000, 0x0000000100000000)
  region size 1024K, 7 young (7168K), 7 survivors (7168K)
 Metaspace       used 76596K, capacity 78467K, committed 78768K, reserved 1118208K
  class space    used 9718K, capacity 10412K, committed 10496K, reserved 1048576K
}
Event: 49.337 GC heap before
{Heap before GC invocations=76 (full 0):
 garbage-first heap   total 181248K, used 119168K [0x0000000080000000, 0x0000000100000000)
  region size 1024K, 23 young (23552K), 7 survivors (7168K)
 Metaspace       used 77695K, capacity 79564K, committed 79664K, reserved 1118208K
  class space    used 9874K, capacity 10542K, committed 10624K, reserved 1048576K
}
Event: 49.361 GC heap after
{Heap after GC invocations=77 (full 0):
 garbage-first heap   total 181248K, used 105147K [0x0000000080000000, 0x0000000100000000)
  region size 1024K, 2 young (2048K), 2 survivors (2048K)
 Metaspace       used 77695K, capacity 79564K, committed 79664K, reserved 1118208K
  class space    used 9874K, capacity 10542K, committed 10624K, reserved 1048576K
}
Event: 50.256 GC heap before
{Heap before GC invocations=78 (full 0):
 garbage-first heap   total 181248K, used 152251K [0x0000000080000000, 0x0000000100000000)
  region size 1024K, 47 young (48128K), 2 survivors (2048K)
 Metaspace       used 78805K, capacity 80854K, committed 81200K, reserved 1120256K
  class space    used 10028K, capacity 10753K, committed 10880K, reserved 1048576K
}
Event: 50.263 GC heap after
{Heap after GC invocations=79 (full 0):
 garbage-first heap   total 218112K, used 107040K [0x0000000080000000, 0x0000000100000000)
  region size 1024K, 4 young (4096K), 4 survivors (4096K)
 Metaspace       used 78805K, capacity 80854K, committed 81200K, reserved 1120256K
  class space    used 10028K, capacity 10753K, committed 10880K, reserved 1048576K
}
Event: 54.032 GC heap before
{Heap before GC invocations=79 (full 0):
 garbage-first heap   total 218112K, used 170528K [0x0000000080000000, 0x0000000100000000)
  region size 1024K, 66 young (67584K), 4 survivors (4096K)
 Metaspace       used 85253K, capacity 87299K, committed 87600K, reserved 1124352K
  class space    used 11046K, capacity 11778K, committed 11904K, reserved 1048576K
}
Event: 54.066 GC heap after
{Heap after GC invocations=80 (full 0):
 garbage-first heap   total 218112K, used 110956K [0x0000000080000000, 0x0000000100000000)
  region size 1024K, 8 young (8192K), 8 survivors (8192K)
 Metaspace       used 85253K, capacity 87299K, committed 87600K, reserved 1124352K
  class space    used 11046K, capacity 11778K, committed 11904K, reserved 1048576K
}
Event: 54.648 GC heap before
{Heap before GC invocations=81 (full 0):
 garbage-first heap   total 218112K, used 114028K [0x0000000080000000, 0x0000000100000000)
  region size 1024K, 12 young (12288K), 8 survivors (8192K)
 Metaspace       used 85746K, capacity 87748K, committed 87856K, reserved 1126400K
  class space    used 11104K, capacity 11842K, committed 11904K, reserved 1048576K
}
Event: 54.672 GC heap after
{Heap after GC invocations=82 (full 0):
 garbage-first heap   total 218112K, used 110833K [0x0000000080000000, 0x0000000100000000)
  region size 1024K, 4 young (4096K), 4 survivors (4096K)
 Metaspace       used 85746K, capacity 87748K, committed 87856K, reserved 1126400K
  class space    used 11104K, capacity 11842K, committed 11904K, reserved 1048576K
}
Event: 54.990 GC heap before
{Heap before GC invocations=83 (full 0):
 garbage-first heap   total 218112K, used 112881K [0x0000000080000000, 0x0000000100000000)
  region size 1024K, 5 young (5120K), 4 survivors (4096K)
 Metaspace       used 85746K, capacity 87748K, committed 87856K, reserved 1126400K
  class space    used 11104K, capacity 11842K, committed 11904K, reserved 1048576K
}
Event: 55.018 GC heap after
{Heap after GC invocations=84 (full 0):
 garbage-first heap   total 218112K, used 113417K [0x0000000080000000, 0x0000000100000000)
  region size 1024K, 5 young (5120K), 5 survivors (5120K)
 Metaspace       used 85746K, capacity 87748K, committed 87856K, reserved 1126400K
  class space    used 11104K, capacity 11842K, committed 11904K, reserved 1048576K
}
Event: 55.692 GC heap before
{Heap before GC invocations=85 (full 0):
 garbage-first heap   total 218112K, used 116489K [0x0000000080000000, 0x0000000100000000)
  region size 1024K, 6 young (6144K), 5 survivors (5120K)
 Metaspace       used 85715K, capacity 87628K, committed 87856K, reserved 1126400K
  class space    used 11094K, capacity 11802K, committed 11904K, reserved 1048576K
}
Event: 55.718 GC heap after
{Heap after GC invocations=86 (full 0):
 garbage-first heap   total 218112K, used 117454K [0x0000000080000000, 0x0000000100000000)
  region size 1024K, 2 young (2048K), 2 survivors (2048K)
 Metaspace       used 85715K, capacity 87628K, committed 87856K, reserved 1126400K
  class space    used 11094K, capacity 11802K, committed 11904K, reserved 1048576K
}
Event: 56.428 GC heap before
{Heap before GC invocations=87 (full 0):
 garbage-first heap   total 218112K, used 120526K [0x0000000080000000, 0x0000000100000000)
  region size 1024K, 3 young (3072K), 2 survivors (2048K)
 Metaspace       used 85715K, capacity 87628K, committed 87856K, reserved 1126400K
  class space    used 11094K, capacity 11802K, committed 11904K, reserved 1048576K
}
Event: 56.438 GC heap after
{Heap after GC invocations=88 (full 0):
 garbage-first heap   total 262144K, used 120899K [0x0000000080000000, 0x0000000100000000)
  region size 1024K, 2 young (2048K), 2 survivors (2048K)
 Metaspace       used 85715K, capacity 87628K, committed 87856K, reserved 1126400K
  class space    used 11094K, capacity 11802K, committed 11904K, reserved 1048576K
}
Event: 57.078 GC heap before
{Heap before GC invocations=89 (full 0):
 garbage-first heap   total 262144K, used 124995K [0x0000000080000000, 0x0000000100000000)
  region size 1024K, 3 young (3072K), 2 survivors (2048K)
 Metaspace       used 85715K, capacity 87628K, committed 87856K, reserved 1126400K
  class space    used 11094K, capacity 11802K, committed 11904K, reserved 1048576K
}
Event: 57.084 GC heap after
{Heap after GC invocations=90 (full 0):
 garbage-first heap   total 262144K, used 125386K [0x0000000080000000, 0x0000000100000000)
  region size 1024K, 3 young (3072K), 3 survivors (3072K)
 Metaspace       used 85715K, capacity 87628K, committed 87856K, reserved 1126400K
  class space    used 11094K, capacity 11802K, committed 11904K, reserved 1048576K
}
Event: 57.781 GC heap before
{Heap before GC invocations=91 (full 0):
 garbage-first heap   total 262144K, used 131530K [0x0000000080000000, 0x0000000100000000)
  region size 1024K, 5 young (5120K), 3 survivors (3072K)
 Metaspace       used 85715K, capacity 87628K, committed 87856K, reserved 1126400K
  class space    used 11094K, capacity 11802K, committed 11904K, reserved 1048576K
}
Event: 57.787 GC heap after
{Heap after GC invocations=92 (full 0):
 garbage-first heap   total 262144K, used 132083K [0x0000000080000000, 0x0000000100000000)
  region size 1024K, 4 young (4096K), 4 survivors (4096K)
 Metaspace       used 85715K, capacity 87628K, committed 87856K, reserved 1126400K
  class space    used 11094K, capacity 11802K, committed 11904K, reserved 1048576K
}

Deoptimization events (20 events):
Event: 59.972 Thread 0x0000025680a8a800 Uncommon trap: trap_request=0xffffffde fr.pc=0x00000256ec83b3ec relative=0x000000000000022c
Event: 59.972 Thread 0x0000025680a8a800 Uncommon trap: reason=class_check action=maybe_recompile pc=0x00000256ec83b3ec method=java.util.stream.StreamOpFlag.fromCharacteristics(Ljava/util/Spliterator;)I @ 14 c2
Event: 59.972 Thread 0x0000025680a8a800 DEOPT PACKING pc=0x00000256ec83b3ec sp=0x000000bc3bbfe160
Event: 59.972 Thread 0x0000025680a8a800 DEOPT UNPACKING pc=0x00000256e4a2a1af sp=0x000000bc3bbfe048 mode 2
Event: 60.008 Thread 0x0000025680a8a800 Uncommon trap: trap_request=0xffffffde fr.pc=0x00000256ec5a7f5c relative=0x000000000000031c
Event: 60.008 Thread 0x0000025680a8a800 Uncommon trap: reason=class_check action=maybe_recompile pc=0x00000256ec5a7f5c method=java.util.Collections$SetFromMap.remove(Ljava/lang/Object;)Z @ 5 c2
Event: 60.008 Thread 0x0000025680a8a800 DEOPT PACKING pc=0x00000256ec5a7f5c sp=0x000000bc3bbfeb70
Event: 60.008 Thread 0x0000025680a8a800 DEOPT UNPACKING pc=0x00000256e4a2a1af sp=0x000000bc3bbfeb58 mode 2
Event: 60.017 Thread 0x0000025680a84800 Uncommon trap: trap_request=0xffffff4d fr.pc=0x00000256ec832350 relative=0x0000000000000190
Event: 60.017 Thread 0x0000025680a84800 Uncommon trap: reason=unstable_if action=reinterpret pc=0x00000256ec832350 method=java.util.concurrent.locks.AbstractQueuedSynchronizer.acquire(I)V @ 20 c2
Event: 60.017 Thread 0x0000025680a84800 DEOPT PACKING pc=0x00000256ec832350 sp=0x000000bc418fef30
Event: 60.017 Thread 0x0000025680a84800 DEOPT UNPACKING pc=0x00000256e4a2a1af sp=0x000000bc418fee88 mode 2
Event: 61.477 Thread 0x00000256fc806000 DEOPT PACKING pc=0x00000256e5c59fac sp=0x000000bc3d5f8970
Event: 61.477 Thread 0x00000256fc806000 DEOPT UNPACKING pc=0x00000256e4a2a95e sp=0x000000bc3d5f7e20 mode 0
Event: 61.492 Thread 0x00000256fc806000 DEOPT PACKING pc=0x00000256e5c5481d sp=0x000000bc3d5f8790
Event: 61.492 Thread 0x00000256fc806000 DEOPT UNPACKING pc=0x00000256e4a2a95e sp=0x000000bc3d5f7c78 mode 0
Event: 61.493 Thread 0x00000256fc806000 Uncommon trap: trap_request=0xffffff4d fr.pc=0x00000256eca0f344 relative=0x0000000000000084
Event: 61.493 Thread 0x00000256fc806000 Uncommon trap: reason=unstable_if action=reinterpret pc=0x00000256eca0f344 method=com.google.common.io.CountingInputStream.read([BII)I @ 15 c2
Event: 61.493 Thread 0x00000256fc806000 DEOPT PACKING pc=0x00000256eca0f344 sp=0x000000bc3d5f9bf0
Event: 61.493 Thread 0x00000256fc806000 DEOPT UNPACKING pc=0x00000256e4a2a1af sp=0x000000bc3d5f9b60 mode 2

Classes redefined (0 events):
No events

Internal exceptions (20 events):
Event: 58.192 Thread 0x00000256fc806000 Exception <a 'java/lang/NoSuchMethodError'{0x000000008ffeae78}: 'java.lang.Object java.lang.invoke.DirectMethodHandle$Holder.invokeStatic(java.lang.Object, java.lang.Object, java.lang.Object, int, java.lang.Object)'> (0x000000008ffeae78) thrown at [./src/hotspot/share/interpreter/linkResolver.cpp, line 773]
Event: 58.317 Thread 0x00000256fcaad000 Exception <a 'java/lang/NoSuchMethodError'{0x000000008fd89c78}: <clinit>> (0x000000008fd89c78) thrown at [./src/hotspot/share/prims/jni.cpp, line 1366]
Event: 58.320 Thread 0x00000256fcaad000 Exception <a 'java/lang/NoSuchMethodError'{0x000000008fd93668}: <clinit>> (0x000000008fd93668) thrown at [./src/hotspot/share/prims/jni.cpp, line 1366]
Event: 58.337 Thread 0x00000256fcaad000 Exception <a 'java/lang/NoSuchMethodError'{0x000000008fd9afa8}: <clinit>> (0x000000008fd9afa8) thrown at [./src/hotspot/share/prims/jni.cpp, line 1366]
Event: 59.988 Thread 0x00000256fcaad000 Exception <a 'java/lang/NoSuchMethodError'{0x000000008f00fb88}: <clinit>> (0x000000008f00fb88) thrown at [./src/hotspot/share/prims/jni.cpp, line 1366]
Event: 59.989 Thread 0x00000256fcaad000 Exception <a 'java/lang/NoSuchMethodError'{0x000000008f0113f0}: <clinit>> (0x000000008f0113f0) thrown at [./src/hotspot/share/prims/jni.cpp, line 1366]
Event: 59.992 Thread 0x00000256fcaad000 Exception <a 'java/lang/NoSuchMethodError'{0x000000008f01e3e8}: <clinit>> (0x000000008f01e3e8) thrown at [./src/hotspot/share/prims/jni.cpp, line 1366]
Event: 59.995 Thread 0x00000256fcaad000 Exception <a 'java/lang/NoSuchMethodError'{0x000000008f0295e0}: <clinit>> (0x000000008f0295e0) thrown at [./src/hotspot/share/prims/jni.cpp, line 1366]
Event: 60.010 Thread 0x00000256fcaad000 Exception <a 'java/lang/NoSuchMethodError'{0x000000008f07e190}: <clinit>> (0x000000008f07e190) thrown at [./src/hotspot/share/prims/jni.cpp, line 1366]
Event: 60.013 Thread 0x00000256fcaad000 Exception <a 'java/lang/NoSuchMethodError'{0x000000008f099870}: <clinit>> (0x000000008f099870) thrown at [./src/hotspot/share/prims/jni.cpp, line 1366]
Event: 60.013 Thread 0x00000256fcaad000 Exception <a 'java/lang/NoSuchMethodError'{0x000000008f09afc8}: <clinit>> (0x000000008f09afc8) thrown at [./src/hotspot/share/prims/jni.cpp, line 1366]
Event: 60.013 Thread 0x00000256fcaad000 Exception <a 'java/lang/NoSuchMethodError'{0x000000008f09cda8}: <clinit>> (0x000000008f09cda8) thrown at [./src/hotspot/share/prims/jni.cpp, line 1366]
Event: 60.259 Thread 0x00000256fc806000 Exception <a 'java/lang/ClassNotFoundException'{0x000000008ee39618}: org/jetbrains/plugins/gradle/tooling/util/SourceSetCachedFinder$1BeanInfo> (0x000000008ee39618) thrown at [./src/hotspot/share/classfile/systemDictionary.cpp, line 231]
Event: 60.259 Thread 0x00000256fc806000 Exception <a 'java/lang/ClassNotFoundException'{0x000000008ee4bb38}: org/jetbrains/plugins/gradle/tooling/util/SourceSetCachedFinder$1Customizer> (0x000000008ee4bb38) thrown at [./src/hotspot/share/classfile/systemDictionary.cpp, line 231]
Event: 60.263 Thread 0x00000256fc806000 Exception <a 'java/lang/ClassNotFoundException'{0x000000008ee88e88}: org/jetbrains/plugins/gradle/tooling/util/SourceSetCachedFinder$2BeanInfo> (0x000000008ee88e88) thrown at [./src/hotspot/share/classfile/systemDictionary.cpp, line 231]
Event: 60.264 Thread 0x00000256fc806000 Exception <a 'java/lang/ClassNotFoundException'{0x000000008ee9b3a8}: org/jetbrains/plugins/gradle/tooling/util/SourceSetCachedFinder$2Customizer> (0x000000008ee9b3a8) thrown at [./src/hotspot/share/classfile/systemDictionary.cpp, line 231]
Event: 60.267 Thread 0x00000256fc806000 Exception <a 'java/lang/ClassNotFoundException'{0x000000008eee7478}: org/jetbrains/plugins/gradle/tooling/util/SourceSetCachedFinderBeanInfo> (0x000000008eee7478) thrown at [./src/hotspot/share/classfile/systemDictionary.cpp, line 231]
Event: 60.268 Thread 0x00000256fc806000 Exception <a 'java/lang/ClassNotFoundException'{0x000000008eef90c0}: org/jetbrains/plugins/gradle/tooling/util/SourceSetCachedFinderCustomizer> (0x000000008eef90c0) thrown at [./src/hotspot/share/classfile/systemDictionary.cpp, line 231]
Event: 60.321 Thread 0x00000256fc806000 Exception <a 'java/lang/ClassNotFoundException'{0x000000008edd6028}: org/jetbrains/plugins/gradle/tooling/util/SourceSetCachedFinder$ArtifactsMapBeanInfo> (0x000000008edd6028) thrown at [./src/hotspot/share/classfile/systemDictionary.cpp, line 231]
Event: 60.321 Thread 0x00000256fc806000 Exception <a 'java/lang/ClassNotFoundException'{0x000000008ede9220}: org/jetbrains/plugins/gradle/tooling/util/SourceSetCachedFinder$ArtifactsMapCustomizer> (0x000000008ede9220) thrown at [./src/hotspot/share/classfile/systemDictionary.cpp, line 231]

Events (20 events):
Event: 61.167 loading class sun/security/ssl/PreSharedKeyExtension$PartialClientHelloMessage
Event: 61.167 loading class sun/security/ssl/PreSharedKeyExtension$PartialClientHelloMessage done
Event: 61.167 loading class sun/security/ssl/SSLEngineOutputRecord
Event: 61.168 loading class sun/security/ssl/SSLEngineOutputRecord done
Event: 61.169 loading class sun/security/ssl/SSLEngineOutputRecord$HandshakeFragment
Event: 61.170 loading class sun/security/ssl/SSLEngineOutputRecord$HandshakeFragment done
Event: 61.170 loading class sun/security/ssl/SSLEngineOutputRecord$HandshakeMemo
Event: 61.170 loading class sun/security/ssl/SSLEngineOutputRecord$RecordMemo
Event: 61.171 loading class sun/security/ssl/SSLEngineOutputRecord$RecordMemo done
Event: 61.171 loading class sun/security/ssl/SSLEngineOutputRecord$HandshakeMemo done
Event: 61.243 loading class sun/security/ssl/PreSharedKeyExtension$SHPreSharedKeySpec
Event: 61.244 loading class sun/security/ssl/PreSharedKeyExtension$SHPreSharedKeySpec done
Event: 61.248 Executing VM operation: RevokeBias
Event: 61.248 Executing VM operation: RevokeBias done
Event: 61.275 Executing VM operation: RevokeBias
Event: 61.275 Executing VM operation: RevokeBias done
Event: 61.523 Executing VM operation: RevokeBias
Event: 61.524 Executing VM operation: RevokeBias done
Event: 61.524 Executing VM operation: RevokeBias
Event: 61.525 Executing VM operation: RevokeBias done


Dynamic libraries:
0x00007ff7a8310000 - 0x00007ff7a831a000 	C:\Program Files\Android\Android Studio\jre\bin\java.exe
0x00007ff9ce070000 - 0x00007ff9ce268000 	C:\WINDOWS\SYSTEM32\ntdll.dll
0x00007ff9cc8d0000 - 0x00007ff9cc98d000 	C:\WINDOWS\System32\KERNEL32.DLL
0x00007ff9cb850000 - 0x00007ff9cbb22000 	C:\WINDOWS\System32\KERNELBASE.dll
0x00007ff9cbc90000 - 0x00007ff9cbd90000 	C:\WINDOWS\System32\ucrtbase.dll
0x00007ff9c2090000 - 0x00007ff9c20a7000 	C:\Program Files\Android\Android Studio\jre\bin\VCRUNTIME140.dll
0x00007ff9bf070000 - 0x00007ff9bf089000 	C:\Program Files\Android\Android Studio\jre\bin\jli.dll
0x00007ff9cddf0000 - 0x00007ff9cdf8d000 	C:\WINDOWS\System32\USER32.dll
0x00007ff9cbe00000 - 0x00007ff9cbe22000 	C:\WINDOWS\System32\win32u.dll
0x00007ff9ccd90000 - 0x00007ff9ccdbb000 	C:\WINDOWS\System32\GDI32.dll
0x00007ff9cbb30000 - 0x00007ff9cbc3f000 	C:\WINDOWS\System32\gdi32full.dll
0x00007ff9cb7b0000 - 0x00007ff9cb84d000 	C:\WINDOWS\System32\msvcp_win.dll
0x00007ff9bbec0000 - 0x00007ff9bc15a000 	C:\WINDOWS\WinSxS\amd64_microsoft.windows.common-controls_6595b64144ccf1df_6.0.19041.1110_none_60b5254171f9507e\COMCTL32.dll
0x00007ff9cc400000 - 0x00007ff9cc49e000 	C:\WINDOWS\System32\msvcrt.dll
0x00007ff9cc620000 - 0x00007ff9cc650000 	C:\WINDOWS\System32\IMM32.DLL
0x00007ff9be670000 - 0x00007ff9be70d000 	C:\Program Files\Android\Android Studio\jre\bin\msvcp140.dll
0x00007ff998600000 - 0x00007ff999102000 	C:\Program Files\Android\Android Studio\jre\bin\server\jvm.dll
0x00007ff9cc570000 - 0x00007ff9cc61e000 	C:\WINDOWS\System32\ADVAPI32.dll
0x00007ff9cccf0000 - 0x00007ff9ccd8c000 	C:\WINDOWS\System32\sechost.dll
0x00007ff9cc7a0000 - 0x00007ff9cc8c5000 	C:\WINDOWS\System32\RPCRT4.dll
0x00007ff9cdfa0000 - 0x00007ff9cdfa8000 	C:\WINDOWS\System32\PSAPI.DLL
0x00007ff9ab600000 - 0x00007ff9ab627000 	C:\WINDOWS\SYSTEM32\WINMM.dll
0x00007ff9c3ce0000 - 0x00007ff9c3cea000 	C:\WINDOWS\SYSTEM32\VERSION.dll
0x00007ff9c47c0000 - 0x00007ff9c47c9000 	C:\WINDOWS\SYSTEM32\WSOCK32.dll
0x00007ff9cc650000 - 0x00007ff9cc6bb000 	C:\WINDOWS\System32\WS2_32.dll
0x00007ff9c9580000 - 0x00007ff9c9592000 	C:\WINDOWS\SYSTEM32\kernel.appcore.dll
0x00007ff9be590000 - 0x00007ff9be5a1000 	C:\Program Files\Android\Android Studio\jre\bin\verify.dll
0x00007ff9baa00000 - 0x00007ff9babe4000 	C:\WINDOWS\SYSTEM32\DBGHELP.DLL
0x00007ff9ba9d0000 - 0x00007ff9ba9fc000 	C:\WINDOWS\SYSTEM32\dbgcore.DLL
0x00007ff9cbe30000 - 0x00007ff9cbeb2000 	C:\WINDOWS\System32\bcryptPrimitives.dll
0x00007ff9b3f10000 - 0x00007ff9b3f39000 	C:\Program Files\Android\Android Studio\jre\bin\java.dll
0x00007ff9c4130000 - 0x00007ff9c413b000 	C:\Program Files\Android\Android Studio\jre\bin\jimage.dll
0x00007ff9b3ef0000 - 0x00007ff9b3f08000 	C:\Program Files\Android\Android Studio\jre\bin\zip.dll
0x00007ff9cd6a0000 - 0x00007ff9cdde3000 	C:\WINDOWS\System32\SHELL32.dll
0x00007ff9c9860000 - 0x00007ff9c9ff1000 	C:\WINDOWS\SYSTEM32\windows.storage.dll
0x00007ff9cc990000 - 0x00007ff9ccce4000 	C:\WINDOWS\System32\combase.dll
0x00007ff9cb100000 - 0x00007ff9cb130000 	C:\WINDOWS\SYSTEM32\Wldp.dll
0x00007ff9cc350000 - 0x00007ff9cc3fd000 	C:\WINDOWS\System32\SHCORE.dll
0x00007ff9cc2f0000 - 0x00007ff9cc345000 	C:\WINDOWS\System32\shlwapi.dll
0x00007ff9cb6c0000 - 0x00007ff9cb6df000 	C:\WINDOWS\SYSTEM32\profapi.dll
0x00007ff9b0a80000 - 0x00007ff9b0a9a000 	C:\Program Files\Android\Android Studio\jre\bin\net.dll
0x00007ff9c3f10000 - 0x00007ff9c401d000 	C:\WINDOWS\SYSTEM32\WINHTTP.dll
0x00007ff9cae60000 - 0x00007ff9caeca000 	C:\WINDOWS\system32\mswsock.dll
0x00007ff9aebc0000 - 0x00007ff9aebd4000 	C:\Program Files\Android\Android Studio\jre\bin\nio.dll
0x00007ff9aad60000 - 0x00007ff9aad87000 	C:\Users\Tan\.gradle\native\e1d6ef7f7dcc3fd88c89a11ec53ec762bb8ba0a96d01ffa2cd45eb1d1d8dd5c5\windows-amd64\native-platform.dll
0x00007ff9bef20000 - 0x00007ff9bf064000 	C:\Users\Tan\.gradle\native\0d407fdbe67a94daf76414ababcb853783967236a71b16ec16e742cd7a986fd3\windows-amd64\native-platform-file-events.dll
0x00007ff9c0840000 - 0x00007ff9c084a000 	C:\Program Files\Android\Android Studio\jre\bin\management.dll
0x00007ff9bfc40000 - 0x00007ff9bfc4d000 	C:\Program Files\Android\Android Studio\jre\bin\management_ext.dll
0x00007ff9cb060000 - 0x00007ff9cb078000 	C:\WINDOWS\SYSTEM32\CRYPTSP.dll
0x00007ff9ca780000 - 0x00007ff9ca7b4000 	C:\WINDOWS\system32\rsaenh.dll
0x00007ff9cb780000 - 0x00007ff9cb7a7000 	C:\WINDOWS\System32\bcrypt.dll
0x00007ff9cb640000 - 0x00007ff9cb66e000 	C:\WINDOWS\SYSTEM32\USERENV.dll
0x00007ff9cb050000 - 0x00007ff9cb05c000 	C:\WINDOWS\SYSTEM32\CRYPTBASE.dll
0x00007ff9cab50000 - 0x00007ff9cab8b000 	C:\WINDOWS\SYSTEM32\IPHLPAPI.DLL
0x00007ff9cdf90000 - 0x00007ff9cdf98000 	C:\WINDOWS\System32\NSI.dll
0x00007ff9c5010000 - 0x00007ff9c5027000 	C:\WINDOWS\SYSTEM32\dhcpcsvc6.DLL
0x00007ff9c5030000 - 0x00007ff9c504d000 	C:\WINDOWS\SYSTEM32\dhcpcsvc.DLL
0x00007ff9cab90000 - 0x00007ff9cac5a000 	C:\WINDOWS\SYSTEM32\DNSAPI.dll
0x00007ff9acb50000 - 0x00007ff9acb77000 	C:\Program Files\Android\Android Studio\jre\bin\sunec.dll
0x00007ff9c3390000 - 0x00007ff9c339a000 	C:\Windows\System32\rasadhlp.dll
0x00007ff9c3e90000 - 0x00007ff9c3f10000 	C:\WINDOWS\System32\fwpuclnt.dll

dbghelp: loaded successfully - version: 4.0.5 - missing functions: none
symbol engine: initialized successfully - sym options: 0x614 - pdb path: .;C:\Program Files\Android\Android Studio\jre\bin;C:\WINDOWS\SYSTEM32;C:\WINDOWS\WinSxS\amd64_microsoft.windows.common-controls_6595b64144ccf1df_6.0.19041.1110_none_60b5254171f9507e;C:\Program Files\Android\Android Studio\jre\bin\server;C:\Users\Tan\.gradle\native\e1d6ef7f7dcc3fd88c89a11ec53ec762bb8ba0a96d01ffa2cd45eb1d1d8dd5c5\windows-amd64;C:\Users\Tan\.gradle\native\0d407fdbe67a94daf76414ababcb853783967236a71b16ec16e742cd7a986fd3\windows-amd64

VM Arguments:
jvm_args: --add-opens=java.base/java.util=ALL-UNNAMED --add-opens=java.base/java.lang=ALL-UNNAMED --add-opens=java.base/java.lang.invoke=ALL-UNNAMED --add-opens=java.base/java.util=ALL-UNNAMED --add-opens=java.prefs/java.util.prefs=ALL-UNNAMED --add-opens=java.prefs/java.util.prefs=ALL-UNNAMED --add-opens=java.base/java.nio.charset=ALL-UNNAMED --add-opens=java.base/java.net=ALL-UNNAMED --add-opens=java.base/java.util.concurrent.atomic=ALL-UNNAMED -Xmx2048m -Dfile.encoding=UTF-8 -Duser.country=CO -Duser.language=es -Duser.variant 
java_command: org.gradle.launcher.daemon.bootstrap.GradleDaemon 7.4
java_class_path (initial): C:\Users\Tan\.gradle\wrapper\dists\gradle-7.4-bin\c0gwcg53nkjbqw7r0h0umtfvt\gradle-7.4\lib\gradle-launcher-7.4.jar
Launcher Type: SUN_STANDARD

[Global flags]
     intx CICompilerCount                          = 3                                         {product} {ergonomic}
     uint ConcGCThreads                            = 1                                         {product} {ergonomic}
     uint G1ConcRefinementThreads                  = 4                                         {product} {ergonomic}
   size_t G1HeapRegionSize                         = 1048576                                   {product} {ergonomic}
    uintx GCDrainStackTargetSize                   = 64                                        {product} {ergonomic}
   size_t InitialHeapSize                          = 67108864                                  {product} {ergonomic}
   size_t MarkStackSize                            = 4194304                                   {product} {ergonomic}
   size_t MaxHeapSize                              = 2147483648                                {product} {command line}
   size_t MaxNewSize                               = 1287651328                                {product} {ergonomic}
   size_t MinHeapDeltaBytes                        = 1048576                                   {product} {ergonomic}
    uintx NonNMethodCodeHeapSize                   = 5830732                                {pd product} {ergonomic}
    uintx NonProfiledCodeHeapSize                  = 122913754                              {pd product} {ergonomic}
    uintx ProfiledCodeHeapSize                     = 122913754                              {pd product} {ergonomic}
    uintx ReservedCodeCacheSize                    = 251658240                              {pd product} {ergonomic}
     bool SegmentedCodeCache                       = true                                      {product} {ergonomic}
     bool UseCompressedClassPointers               = true                                 {lp64_product} {ergonomic}
     bool UseCompressedOops                        = true                                 {lp64_product} {ergonomic}
     bool UseG1GC                                  = true                                      {product} {ergonomic}
     bool UseLargePagesIndividualAllocation        = false                                  {pd product} {ergonomic}

Logging:
Log output configuration:
 #0: stdout all=warning uptime,level,tags
 #1: stderr all=off uptime,level,tags

Environment Variables:
PATH=C:\ProgramData\Oracle\Java\javapath;C:\WINDOWS\system32;C:\WINDOWS;C:\WINDOWS\System32\Wbem;C:\WINDOWS\System32\WindowsPowerShell\v1.0\;C:\WINDOWS\System32\OpenSSH\;C:\Program Files\dotnet\;C:\Users\Tan\AppData\Local\Microsoft\WindowsApps;
USERNAME=Tan
OS=Windows_NT
PROCESSOR_IDENTIFIER=Intel64 Family 6 Model 60 Stepping 3, GenuineIntel



---------------  S Y S T E M  ---------------

OS: Windows 10 , 64 bit Build 19041 (10.0.19041.1889)
OS uptime: 0 days 18:38 hours

CPU:total 4 (initial active 4) (2 cores per cpu, 2 threads per core) family 6 model 60 stepping 3 microcode 0x27, cmov, cx8, fxsr, mmx, sse, sse2, sse3, ssse3, sse4.1, sse4.2, popcnt, avx, avx2, aes, clmul, erms, lzcnt, ht, tsc, tscinvbit, bmi1, bmi2, fma

Memory: 4k page, system-wide physical 3974M (199M free)
TotalPageFile size 5474M (AvailPageFile size 1M)
current process WorkingSet (physical memory assigned to process): 197M, peak: 310M
current process commit charge ("private bytes"): 510M, peak: 513M

vm_info: OpenJDK 64-Bit Server VM (11.0.13+0-b1751.21-8125866) for windows-amd64 JRE (11.0.13+0-b1751.21-8125866), built on Feb  2 2022 03:00:22 by "builder" with MS VC++ 14.0 (VS2015)

END.
