#
# There is insufficient memory for the Java Runtime Environment to continue.
# Native memory allocation (malloc) failed to allocate 952816 bytes for Chunk::new
# Possible reasons:
#   The system is out of physical RAM or swap space
#   The process is running with CompressedOops enabled, and the Java Heap may be blocking the growth of the native heap
# Possible solutions:
#   Reduce memory load on the system
#   Increase physical memory or swap space
#   Check if swap backing store is full
#   Decrease Java heap size (-Xmx/-Xms)
#   Decrease number of Java threads
#   Decrease Java thread stack sizes (-Xss)
#   Set larger code cache with -XX:ReservedCodeCacheSize=
#   JVM is running with Unscaled Compressed Oops mode in which the Java heap is
#     placed in the first 4GB address space. The Java Heap base address is the
#     maximum limit for the native heap growth. Please use -XX:HeapBaseMinAddress
#     to set the Java Heap base and to place the Java Heap above 4GB virtual address.
# This output file may be truncated or incomplete.
#
#  Out of Memory Error (./src/hotspot/share/memory/arena.cpp:197), pid=9416, tid=11392
#
# JRE version: OpenJDK Runtime Environment (11.0.13) (build 11.0.13+0-b1751.21-8125866)
# Java VM: OpenJDK 64-Bit Server VM (11.0.13+0-b1751.21-8125866, mixed mode, tiered, compressed oops, g1 gc, windows-amd64)
# No core dump will be written. Minidumps are not enabled by default on client versions of Windows
#

---------------  S U M M A R Y ------------

Command Line: --add-opens=java.base/java.util=ALL-UNNAMED --add-opens=java.base/java.lang=ALL-UNNAMED --add-opens=java.base/java.lang.invoke=ALL-UNNAMED --add-opens=java.base/java.util=ALL-UNNAMED --add-opens=java.prefs/java.util.prefs=ALL-UNNAMED --add-opens=java.prefs/java.util.prefs=ALL-UNNAMED --add-opens=java.base/java.nio.charset=ALL-UNNAMED --add-opens=java.base/java.net=ALL-UNNAMED --add-opens=java.base/java.util.concurrent.atomic=ALL-UNNAMED -Xmx2048m -Dfile.encoding=UTF-8 -Duser.country=CO -Duser.language=es -Duser.variant org.gradle.launcher.daemon.bootstrap.GradleDaemon 7.4

Host: Intel(R) Core(TM) i3-4160 CPU @ 3.60GHz, 4 cores, 3G,  Windows 10 , 64 bit Build 19041 (10.0.19041.1889)
Time: Sun Oct 30 16:58:44 2022 Hora est. Pacífico, Sudamérica elapsed time: 29.790338 seconds (0d 0h 0m 29s)

---------------  T H R E A D  ---------------

Current thread (0x000001f841a80000):  JavaThread "C2 CompilerThread0" daemon [_thread_in_native, id=11392, stack(0x00000021a8e00000,0x00000021a8f00000)]


Current CompileTask:
C2:  29790 9539       4       org.gradle.internal.reflect.MethodSet::add (50 bytes)

Stack: [0x00000021a8e00000,0x00000021a8f00000]
Native frames: (J=compiled Java code, j=interpreted, Vv=VM code, C=native code)
V  [jvm.dll+0x6100fa]
V  [jvm.dll+0x747090]
V  [jvm.dll+0x7486ad]
V  [jvm.dll+0x748d83]
V  [jvm.dll+0x24ab48]
V  [jvm.dll+0xc04dc]
V  [jvm.dll+0xc0a0c]
V  [jvm.dll+0x35eb9d]
V  [jvm.dll+0x32b833]
V  [jvm.dll+0x32ad2a]
V  [jvm.dll+0x2032b2]
V  [jvm.dll+0x202437]
V  [jvm.dll+0x188e01]
V  [jvm.dll+0x21106b]
V  [jvm.dll+0x20f8c1]
V  [jvm.dll+0x70de0f]
V  [jvm.dll+0x706a75]
V  [jvm.dll+0x60ed66]
C  [ucrtbase.dll+0x21bb2]
C  [KERNEL32.DLL+0x17034]
C  [ntdll.dll+0x526a1]


---------------  P R O C E S S  ---------------

Threads class SMR info:
_java_thread_list=0x000001f848a23e30, length=80, elements={
0x000001f82771a000, 0x000001f841a19000, 0x000001f841a1a800, 0x000001f841a76800,
0x000001f841a79000, 0x000001f841a7d000, 0x000001f841a80000, 0x000001f841a8c800,
0x000001f841a92000, 0x000001f842524800, 0x000001f845a78800, 0x000001f8426db000,
0x000001f843f8e800, 0x000001f8448f8800, 0x000001f844f8a000, 0x000001f8438a1000,
0x000001f843d9e800, 0x000001f84483c000, 0x000001f84490a800, 0x000001f845bb4000,
0x000001f844dab800, 0x000001f844dae800, 0x000001f844dad000, 0x000001f844dae000,
0x000001f844daf800, 0x000001f844db0000, 0x000001f844dac000, 0x000001f844daa800,
0x000001f844db1000, 0x000001f846027800, 0x000001f846026800, 0x000001f84602a000,
0x000001f846028000, 0x000001f846029000, 0x000001f84602a800, 0x000001f846025800,
0x000001f846032000, 0x000001f84602e000, 0x000001f84602e800, 0x000001f84602f800,
0x000001f846030800, 0x000001f846031000, 0x000001f84602c000, 0x000001f846032800,
0x000001f84602d000, 0x000001f846033800, 0x000001f846034800, 0x000001f84841b000,
0x000001f848415800, 0x000001f84841c000, 0x000001f848418800, 0x000001f848416000,
0x000001f848417000, 0x000001f848418000, 0x000001f84841d800, 0x000001f84841f000,
0x000001f848419800, 0x000001f84841c800, 0x000001f848420000, 0x000001f84841e800,
0x000001f84841a000, 0x000001f848421000, 0x000001f848421800, 0x000001f848422800,
0x000001f848423000, 0x000001f848424000, 0x000001f8487b6000, 0x000001f8487b5000,
0x000001f8487b2000, 0x000001f8487b3800, 0x000001f8487b0800, 0x000001f8487b7000,
0x000001f8487b1000, 0x000001f8487b4800, 0x000001f8487b7800, 0x000001f8487b2800,
0x000001f8487bc800, 0x000001f8487bb800, 0x000001f8487bb000, 0x000001f8487ba000
}

Java Threads: ( => current thread )
  0x000001f82771a000 JavaThread "main" [_thread_blocked, id=10724, stack(0x00000021a8200000,0x00000021a8300000)]
  0x000001f841a19000 JavaThread "Reference Handler" daemon [_thread_blocked, id=7584, stack(0x00000021a8900000,0x00000021a8a00000)]
  0x000001f841a1a800 JavaThread "Finalizer" daemon [_thread_blocked, id=11700, stack(0x00000021a8a00000,0x00000021a8b00000)]
  0x000001f841a76800 JavaThread "Signal Dispatcher" daemon [_thread_blocked, id=7000, stack(0x00000021a8b00000,0x00000021a8c00000)]
  0x000001f841a79000 JavaThread "Attach Listener" daemon [_thread_blocked, id=9504, stack(0x00000021a8c00000,0x00000021a8d00000)]
  0x000001f841a7d000 JavaThread "Service Thread" daemon [_thread_blocked, id=8108, stack(0x00000021a8d00000,0x00000021a8e00000)]
=>0x000001f841a80000 JavaThread "C2 CompilerThread0" daemon [_thread_in_native, id=11392, stack(0x00000021a8e00000,0x00000021a8f00000)]
  0x000001f841a8c800 JavaThread "C1 CompilerThread0" daemon [_thread_in_native, id=4404, stack(0x00000021a8f00000,0x00000021a9000000)]
  0x000001f841a92000 JavaThread "Sweeper thread" daemon [_thread_blocked, id=10124, stack(0x00000021a9000000,0x00000021a9100000)]
  0x000001f842524800 JavaThread "Common-Cleaner" daemon [_thread_blocked, id=10160, stack(0x00000021a9100000,0x00000021a9200000)]
  0x000001f845a78800 JavaThread "Daemon health stats" [_thread_blocked, id=7712, stack(0x00000021a9500000,0x00000021a9600000)]
  0x000001f8426db000 JavaThread "Incoming local TCP Connector on port 59907" [_thread_in_native, id=4236, stack(0x00000021a9300000,0x00000021a9400000)]
  0x000001f843f8e800 JavaThread "Daemon periodic checks" [_thread_blocked, id=9088, stack(0x00000021a9600000,0x00000021a9700000)]
  0x000001f8448f8800 JavaThread "Daemon" [_thread_blocked, id=8684, stack(0x00000021a9700000,0x00000021a9800000)]
  0x000001f844f8a000 JavaThread "Handler for socket connection from /127.0.0.1:59907 to /127.0.0.1:59908" [_thread_in_native, id=1492, stack(0x00000021a9800000,0x00000021a9900000)]
  0x000001f8438a1000 JavaThread "Cancel handler" [_thread_blocked, id=1164, stack(0x00000021a9900000,0x00000021a9a00000)]
  0x000001f843d9e800 JavaThread "Daemon worker" [_thread_in_Java, id=6548, stack(0x00000021a9a00000,0x00000021a9b00000)]
  0x000001f84483c000 JavaThread "Asynchronous log dispatcher for DefaultDaemonConnection: socket connection from /127.0.0.1:59907 to /127.0.0.1:59908" [_thread_blocked, id=5052, stack(0x00000021a9b00000,0x00000021a9c00000)]
  0x000001f84490a800 JavaThread "Stdin handler" [_thread_blocked, id=12028, stack(0x00000021a9c00000,0x00000021a9d00000)]
  0x000001f845bb4000 JavaThread "Daemon client event forwarder" [_thread_blocked, id=4616, stack(0x00000021a9d00000,0x00000021a9e00000)]
  0x000001f844dab800 JavaThread "Cache worker for journal cache (C:\Users\Tan\.gradle\caches\journal-1)" [_thread_blocked, id=7920, stack(0x00000021aa000000,0x00000021aa100000)]
  0x000001f844dae800 JavaThread "File lock request listener" [_thread_in_native, id=6840, stack(0x00000021aa100000,0x00000021aa200000)]
  0x000001f844dad000 JavaThread "Cache worker for file hash cache (C:\Users\Tan\.gradle\caches\7.4\fileHashes)" [_thread_blocked, id=10044, stack(0x00000021aa200000,0x00000021aa300000)]
  0x000001f844dae000 JavaThread "File watcher server" daemon [_thread_in_native, id=12196, stack(0x00000021aa300000,0x00000021aa400000)]
  0x000001f844daf800 JavaThread "File watcher consumer" daemon [_thread_blocked, id=12200, stack(0x00000021aa400000,0x00000021aa500000)]
  0x000001f844db0000 JavaThread "jar transforms" [_thread_blocked, id=11604, stack(0x00000021aa500000,0x00000021aa600000)]
  0x000001f844dac000 JavaThread "jar transforms Thread 2" [_thread_blocked, id=5552, stack(0x00000021aa600000,0x00000021aa700000)]
  0x000001f844daa800 JavaThread "jar transforms Thread 3" [_thread_blocked, id=8344, stack(0x00000021aa700000,0x00000021aa800000)]
  0x000001f844db1000 JavaThread "jar transforms Thread 4" [_thread_blocked, id=12004, stack(0x00000021aa800000,0x00000021aa900000)]
  0x000001f846027800 JavaThread "Cache worker for checksums cache (C:\Users\Tan\AndroidStudioProjects\Calculadora\.gradle\7.4\checksums)" [_thread_blocked, id=2552, stack(0x00000021aa900000,0x00000021aaa00000)]
  0x000001f846026800 JavaThread "Cache worker for cache directory md-rule (C:\Users\Tan\.gradle\caches\7.4\md-rule)" [_thread_blocked, id=3636, stack(0x00000021aaa00000,0x00000021aab00000)]
  0x000001f84602a000 JavaThread "Cache worker for file hash cache (C:\Users\Tan\AndroidStudioProjects\Calculadora\.gradle\7.4\fileHashes)" [_thread_blocked, id=10280, stack(0x00000021aab00000,0x00000021aac00000)]
  0x000001f846028000 JavaThread "Cache worker for cache directory md-supplier (C:\Users\Tan\.gradle\caches\7.4\md-supplier)" [_thread_blocked, id=11616, stack(0x00000021aac00000,0x00000021aad00000)]
  0x000001f846029000 JavaThread "Cache worker for execution history cache (C:\Users\Tan\.gradle\caches\7.4\executionHistory)" [_thread_blocked, id=5084, stack(0x00000021aad00000,0x00000021aae00000)]
  0x000001f84602a800 JavaThread "Cache worker for file content cache (C:\Users\Tan\.gradle\caches\7.4\fileContent)" [_thread_blocked, id=1008, stack(0x00000021aae00000,0x00000021aaf00000)]
  0x000001f846025800 JavaThread "Cache worker for dependencies-accessors (C:\Users\Tan\AndroidStudioProjects\Calculadora\.gradle\7.4\dependencies-accessors)" [_thread_blocked, id=9940, stack(0x00000021aaf00000,0x00000021ab000000)]
  0x000001f846032000 JavaThread "Cache worker for Build Output Cleanup Cache (C:\Users\Tan\AndroidStudioProjects\Calculadora\.gradle\buildOutputCleanup)" [_thread_blocked, id=6404, stack(0x00000021ab000000,0x00000021ab100000)]
  0x000001f84602e000 JavaThread "Unconstrained build operations" [_thread_blocked, id=600, stack(0x00000021ab100000,0x00000021ab200000)]
  0x000001f84602e800 JavaThread "Unconstrained build operations Thread 2" [_thread_blocked, id=7628, stack(0x00000021ab200000,0x00000021ab300000)]
  0x000001f84602f800 JavaThread "Unconstrained build operations Thread 3" [_thread_blocked, id=10772, stack(0x00000021ab300000,0x00000021ab400000)]
  0x000001f846030800 JavaThread "Unconstrained build operations Thread 4" [_thread_blocked, id=4376, stack(0x00000021ab400000,0x00000021ab500000)]
  0x000001f846031000 JavaThread "Unconstrained build operations Thread 5" [_thread_blocked, id=5700, stack(0x00000021ab500000,0x00000021ab600000)]
  0x000001f84602c000 JavaThread "Unconstrained build operations Thread 6" [_thread_blocked, id=1624, stack(0x00000021ab600000,0x00000021ab700000)]
  0x000001f846032800 JavaThread "Unconstrained build operations Thread 7" [_thread_blocked, id=6516, stack(0x00000021ab700000,0x00000021ab800000)]
  0x000001f84602d000 JavaThread "Unconstrained build operations Thread 8" [_thread_blocked, id=11048, stack(0x00000021ab800000,0x00000021ab900000)]
  0x000001f846033800 JavaThread "Unconstrained build operations Thread 9" [_thread_blocked, id=9636, stack(0x00000021ab900000,0x00000021aba00000)]
  0x000001f846034800 JavaThread "Unconstrained build operations Thread 10" [_thread_blocked, id=11296, stack(0x00000021aba00000,0x00000021abb00000)]
  0x000001f84841b000 JavaThread "Unconstrained build operations Thread 11" [_thread_blocked, id=8972, stack(0x00000021abb00000,0x00000021abc00000)]
  0x000001f848415800 JavaThread "Unconstrained build operations Thread 12" [_thread_blocked, id=10168, stack(0x00000021abc00000,0x00000021abd00000)]
  0x000001f84841c000 JavaThread "Unconstrained build operations Thread 13" [_thread_blocked, id=3588, stack(0x00000021abd00000,0x00000021abe00000)]
  0x000001f848418800 JavaThread "Unconstrained build operations Thread 14" [_thread_blocked, id=6936, stack(0x00000021abe00000,0x00000021abf00000)]
  0x000001f848416000 JavaThread "Unconstrained build operations Thread 15" [_thread_blocked, id=2576, stack(0x00000021abf00000,0x00000021ac000000)]
  0x000001f848417000 JavaThread "Unconstrained build operations Thread 16" [_thread_blocked, id=1264, stack(0x00000021ac000000,0x00000021ac100000)]
  0x000001f848418000 JavaThread "Unconstrained build operations Thread 17" [_thread_blocked, id=4560, stack(0x00000021ac100000,0x00000021ac200000)]
  0x000001f84841d800 JavaThread "Unconstrained build operations Thread 18" [_thread_blocked, id=5216, stack(0x00000021ac200000,0x00000021ac300000)]
  0x000001f84841f000 JavaThread "Unconstrained build operations Thread 19" [_thread_blocked, id=9700, stack(0x00000021ac300000,0x00000021ac400000)]
  0x000001f848419800 JavaThread "Unconstrained build operations Thread 20" [_thread_blocked, id=2384, stack(0x00000021ac400000,0x00000021ac500000)]
  0x000001f84841c800 JavaThread "Unconstrained build operations Thread 21" [_thread_blocked, id=3248, stack(0x00000021ac500000,0x00000021ac600000)]
  0x000001f848420000 JavaThread "Unconstrained build operations Thread 22" [_thread_blocked, id=8020, stack(0x00000021ac600000,0x00000021ac700000)]
  0x000001f84841e800 JavaThread "Unconstrained build operations Thread 23" [_thread_blocked, id=9608, stack(0x00000021ac700000,0x00000021ac800000)]
  0x000001f84841a000 JavaThread "Unconstrained build operations Thread 24" [_thread_blocked, id=7652, stack(0x00000021ac800000,0x00000021ac900000)]
  0x000001f848421000 JavaThread "Unconstrained build operations Thread 25" [_thread_blocked, id=2116, stack(0x00000021ac900000,0x00000021aca00000)]
  0x000001f848421800 JavaThread "Unconstrained build operations Thread 26" [_thread_blocked, id=6648, stack(0x00000021aca00000,0x00000021acb00000)]
  0x000001f848422800 JavaThread "Unconstrained build operations Thread 27" [_thread_blocked, id=7052, stack(0x00000021acb00000,0x00000021acc00000)]
  0x000001f848423000 JavaThread "Unconstrained build operations Thread 28" [_thread_blocked, id=5824, stack(0x00000021acc00000,0x00000021acd00000)]
  0x000001f848424000 JavaThread "Unconstrained build operations Thread 29" [_thread_blocked, id=9812, stack(0x00000021acd00000,0x00000021ace00000)]
  0x000001f8487b6000 JavaThread "Unconstrained build operations Thread 30" [_thread_blocked, id=11636, stack(0x00000021ace00000,0x00000021acf00000)]
  0x000001f8487b5000 JavaThread "Unconstrained build operations Thread 31" [_thread_blocked, id=4216, stack(0x00000021acf00000,0x00000021ad000000)]
  0x000001f8487b2000 JavaThread "Unconstrained build operations Thread 32" [_thread_blocked, id=816, stack(0x00000021ad000000,0x00000021ad100000)]
  0x000001f8487b3800 JavaThread "Unconstrained build operations Thread 33" [_thread_in_Java, id=10588, stack(0x00000021ad100000,0x00000021ad200000)]
  0x000001f8487b0800 JavaThread "Unconstrained build operations Thread 34" [_thread_blocked, id=7536, stack(0x00000021ad200000,0x00000021ad300000)]
  0x000001f8487b7000 JavaThread "Unconstrained build operations Thread 35" [_thread_blocked, id=10568, stack(0x00000021ad300000,0x00000021ad400000)]
  0x000001f8487b1000 JavaThread "Unconstrained build operations Thread 36" [_thread_blocked, id=2524, stack(0x00000021ad400000,0x00000021ad500000)]
  0x000001f8487b4800 JavaThread "Unconstrained build operations Thread 37" [_thread_blocked, id=10628, stack(0x00000021ad500000,0x00000021ad600000)]
  0x000001f8487b7800 JavaThread "Unconstrained build operations Thread 38" [_thread_blocked, id=952, stack(0x00000021ad600000,0x00000021ad700000)]
  0x000001f8487b2800 JavaThread "Unconstrained build operations Thread 39" [_thread_blocked, id=2776, stack(0x00000021ad700000,0x00000021ad800000)]
  0x000001f8487bc800 JavaThread "Unconstrained build operations Thread 40" [_thread_blocked, id=8980, stack(0x00000021ad800000,0x00000021ad900000)]
  0x000001f8487bb800 JavaThread "Memory manager" [_thread_blocked, id=11980, stack(0x00000021ad900000,0x00000021ada00000)]
  0x000001f8487bb000 JavaThread "included builds" [_thread_blocked, id=12120, stack(0x00000021ada00000,0x00000021adb00000)]
  0x000001f8487ba000 JavaThread "Cache worker for execution history cache (C:\Users\Tan\AndroidStudioProjects\Calculadora\.gradle\7.4\executionHistory)" [_thread_blocked, id=10456, stack(0x00000021ade00000,0x00000021adf00000)]

Other Threads:
  0x000001f841a12800 VMThread "VM Thread" [stack: 0x00000021a8800000,0x00000021a8900000] [id=5128]
  0x000001f842535800 WatcherThread [stack: 0x00000021a9200000,0x00000021a9300000] [id=9736]
  0x000001f827733800 GCTaskThread "GC Thread#0" [stack: 0x00000021a8300000,0x00000021a8400000] [id=10900]
  0x000001f84306a800 GCTaskThread "GC Thread#1" [stack: 0x00000021a9400000,0x00000021a9500000] [id=6608]
  0x000001f844647800 GCTaskThread "GC Thread#2" [stack: 0x00000021a9e00000,0x00000021a9f00000] [id=12208]
  0x000001f843e0e000 GCTaskThread "GC Thread#3" [stack: 0x00000021a9f00000,0x00000021aa000000] [id=1364]
  0x000001f827764000 ConcurrentGCThread "G1 Main Marker" [stack: 0x00000021a8400000,0x00000021a8500000] [id=7808]
  0x000001f827766000 ConcurrentGCThread "G1 Conc#0" [stack: 0x00000021a8500000,0x00000021a8600000] [id=5280]
  0x000001f8277c3800 ConcurrentGCThread "G1 Refine#0" [stack: 0x00000021a8600000,0x00000021a8700000] [id=11968]
  0x000001f8277c4800 ConcurrentGCThread "G1 Young RemSet Sampling" [stack: 0x00000021a8700000,0x00000021a8800000] [id=4784]

Threads with active compile tasks:
C2 CompilerThread0  30042 9539       4       org.gradle.internal.reflect.MethodSet::add (50 bytes)
C1 CompilerThread0  30042 9637       3       com.sun.org.apache.xerces.internal.parsers.AbstractDOMParser::internalEntityDecl (385 bytes)

VM state:not at safepoint (normal execution)

VM Mutex/Monitor currently owned by a thread:  ([mutex/lock_event])
[0x000001f827718270] MethodCompileQueue_lock - owner thread: 0x0000000000000000

Heap address: 0x0000000080000000, size: 2048 MB, Compressed Oops mode: 32-bit
Narrow klass base: 0x0000000000000000, Narrow klass shift: 3
Compressed class space size: 1073741824 Address: 0x0000000100000000

Heap:
 garbage-first heap   total 224256K, used 162737K [0x0000000080000000, 0x0000000100000000)
  region size 1024K, 22 young (22528K), 4 survivors (4096K)
 Metaspace       used 100351K, capacity 102860K, committed 102960K, reserved 1138688K
  class space    used 12960K, capacity 13916K, committed 13952K, reserved 1048576K
Heap Regions: E=young(eden), S=young(survivor), O=old, HS=humongous(starts), HC=humongous(continues), CS=collection set, F=free, A=archive, TAMS=top-at-mark-start (previous, next)
|   0|0x0000000080000000, 0x0000000080100000, 0x0000000080100000|100%|HS|  |TAMS 0x0000000080100000, 0x0000000080000000| Complete 
|   1|0x0000000080100000, 0x0000000080200000, 0x0000000080200000|100%|HC|  |TAMS 0x0000000080200000, 0x0000000080100000| Complete 
|   2|0x0000000080200000, 0x0000000080300000, 0x0000000080300000|100%|HC|  |TAMS 0x0000000080300000, 0x0000000080200000| Complete 
|   3|0x0000000080300000, 0x0000000080400000, 0x0000000080400000|100%| O|  |TAMS 0x0000000080400000, 0x0000000080300000| Untracked 
|   4|0x0000000080400000, 0x0000000080500000, 0x0000000080500000|100%| O|  |TAMS 0x0000000080500000, 0x0000000080400000| Untracked 
|   5|0x0000000080500000, 0x0000000080600000, 0x0000000080600000|100%| O|  |TAMS 0x0000000080600000, 0x0000000080500000| Untracked 
|   6|0x0000000080600000, 0x0000000080700000, 0x0000000080700000|100%| O|  |TAMS 0x0000000080700000, 0x0000000080600000| Untracked 
|   7|0x0000000080700000, 0x0000000080800000, 0x0000000080800000|100%| O|  |TAMS 0x0000000080800000, 0x0000000080700000| Untracked 
|   8|0x0000000080800000, 0x0000000080900000, 0x0000000080900000|100%| O|  |TAMS 0x0000000080900000, 0x0000000080800000| Untracked 
|   9|0x0000000080900000, 0x0000000080a00000, 0x0000000080a00000|100%| O|  |TAMS 0x0000000080a00000, 0x0000000080900000| Untracked 
|  10|0x0000000080a00000, 0x0000000080b00000, 0x0000000080b00000|100%| O|  |TAMS 0x0000000080b00000, 0x0000000080a00000| Untracked 
|  11|0x0000000080b00000, 0x0000000080c00000, 0x0000000080c00000|100%| O|  |TAMS 0x0000000080c00000, 0x0000000080b00000| Untracked 
|  12|0x0000000080c00000, 0x0000000080d00000, 0x0000000080d00000|100%| O|  |TAMS 0x0000000080d00000, 0x0000000080c00000| Untracked 
|  13|0x0000000080d00000, 0x0000000080e00000, 0x0000000080e00000|100%| O|  |TAMS 0x0000000080e00000, 0x0000000080d00000| Untracked 
|  14|0x0000000080e00000, 0x0000000080f00000, 0x0000000080f00000|100%| O|  |TAMS 0x0000000080f00000, 0x0000000080e00000| Untracked 
|  15|0x0000000080f00000, 0x0000000081000000, 0x0000000081000000|100%| O|  |TAMS 0x0000000081000000, 0x0000000080f00000| Untracked 
|  16|0x0000000081000000, 0x0000000081100000, 0x0000000081100000|100%|HS|  |TAMS 0x0000000081100000, 0x0000000081000000| Complete 
|  17|0x0000000081100000, 0x0000000081200000, 0x0000000081200000|100%|HC|  |TAMS 0x0000000081200000, 0x0000000081100000| Complete 
|  18|0x0000000081200000, 0x0000000081300000, 0x0000000081300000|100%|HS|  |TAMS 0x0000000081300000, 0x0000000081200000| Complete 
|  19|0x0000000081300000, 0x0000000081400000, 0x0000000081400000|100%|HC|  |TAMS 0x0000000081400000, 0x0000000081300000| Complete 
|  20|0x0000000081400000, 0x0000000081500000, 0x0000000081500000|100%|HC|  |TAMS 0x0000000081500000, 0x0000000081400000| Complete 
|  21|0x0000000081500000, 0x0000000081600000, 0x0000000081600000|100%|HS|  |TAMS 0x0000000081600000, 0x0000000081500000| Complete 
|  22|0x0000000081600000, 0x0000000081700000, 0x0000000081700000|100%|HC|  |TAMS 0x0000000081700000, 0x0000000081600000| Complete 
|  23|0x0000000081700000, 0x0000000081800000, 0x0000000081800000|100%|HC|  |TAMS 0x0000000081800000, 0x0000000081700000| Complete 
|  24|0x0000000081800000, 0x0000000081900000, 0x0000000081900000|100%|HS|  |TAMS 0x0000000081900000, 0x0000000081800000| Complete 
|  25|0x0000000081900000, 0x0000000081a00000, 0x0000000081a00000|100%|HC|  |TAMS 0x0000000081a00000, 0x0000000081900000| Complete 
|  26|0x0000000081a00000, 0x0000000081b00000, 0x0000000081b00000|100%|HC|  |TAMS 0x0000000081b00000, 0x0000000081a00000| Complete 
|  27|0x0000000081b00000, 0x0000000081c00000, 0x0000000081c00000|100%|HC|  |TAMS 0x0000000081c00000, 0x0000000081b00000| Complete 
|  28|0x0000000081c00000, 0x0000000081d00000, 0x0000000081d00000|100%|HC|  |TAMS 0x0000000081d00000, 0x0000000081c00000| Complete 
|  29|0x0000000081d00000, 0x0000000081e00000, 0x0000000081e00000|100%|HS|  |TAMS 0x0000000081e00000, 0x0000000081d00000| Complete 
|  30|0x0000000081e00000, 0x0000000081f00000, 0x0000000081f00000|100%| O|  |TAMS 0x0000000081f00000, 0x0000000081e00000| Untracked 
|  31|0x0000000081f00000, 0x0000000082000000, 0x0000000082000000|100%| O|  |TAMS 0x0000000082000000, 0x0000000081f00000| Untracked 
|  32|0x0000000082000000, 0x0000000082100000, 0x0000000082100000|100%| O|  |TAMS 0x0000000082100000, 0x0000000082000000| Untracked 
|  33|0x0000000082100000, 0x0000000082200000, 0x0000000082200000|100%| O|  |TAMS 0x0000000082200000, 0x0000000082100000| Untracked 
|  34|0x0000000082200000, 0x0000000082300000, 0x0000000082300000|100%| O|  |TAMS 0x0000000082300000, 0x0000000082200000| Untracked 
|  35|0x0000000082300000, 0x0000000082400000, 0x0000000082400000|100%| O|  |TAMS 0x0000000082400000, 0x0000000082300000| Untracked 
|  36|0x0000000082400000, 0x0000000082500000, 0x0000000082500000|100%| O|  |TAMS 0x0000000082500000, 0x0000000082400000| Untracked 
|  37|0x0000000082500000, 0x0000000082600000, 0x0000000082600000|100%| O|  |TAMS 0x0000000082600000, 0x0000000082500000| Untracked 
|  38|0x0000000082600000, 0x0000000082700000, 0x0000000082700000|100%| O|  |TAMS 0x0000000082700000, 0x0000000082600000| Untracked 
|  39|0x0000000082700000, 0x0000000082800000, 0x0000000082800000|100%| O|  |TAMS 0x0000000082800000, 0x0000000082700000| Untracked 
|  40|0x0000000082800000, 0x0000000082900000, 0x0000000082900000|100%| O|  |TAMS 0x0000000082900000, 0x0000000082800000| Untracked 
|  41|0x0000000082900000, 0x0000000082a00000, 0x0000000082a00000|100%| O|  |TAMS 0x0000000082a00000, 0x0000000082900000| Untracked 
|  42|0x0000000082a00000, 0x0000000082b00000, 0x0000000082b00000|100%| O|  |TAMS 0x0000000082b00000, 0x0000000082a00000| Untracked 
|  43|0x0000000082b00000, 0x0000000082c00000, 0x0000000082c00000|100%|HS|  |TAMS 0x0000000082c00000, 0x0000000082b00000| Complete 
|  44|0x0000000082c00000, 0x0000000082d00000, 0x0000000082d00000|100%|HC|  |TAMS 0x0000000082d00000, 0x0000000082c00000| Complete 
|  45|0x0000000082d00000, 0x0000000082e00000, 0x0000000082e00000|100%|HC|  |TAMS 0x0000000082e00000, 0x0000000082d00000| Complete 
|  46|0x0000000082e00000, 0x0000000082f00000, 0x0000000082f00000|100%|HC|  |TAMS 0x0000000082f00000, 0x0000000082e00000| Complete 
|  47|0x0000000082f00000, 0x0000000083000000, 0x0000000083000000|100%| O|  |TAMS 0x0000000083000000, 0x0000000082f00000| Untracked 
|  48|0x0000000083000000, 0x0000000083100000, 0x0000000083100000|100%| O|  |TAMS 0x0000000083100000, 0x0000000083000000| Untracked 
|  49|0x0000000083100000, 0x0000000083200000, 0x0000000083200000|100%|HS|  |TAMS 0x0000000083200000, 0x0000000083100000| Complete 
|  50|0x0000000083200000, 0x0000000083300000, 0x0000000083300000|100%|HC|  |TAMS 0x0000000083300000, 0x0000000083200000| Complete 
|  51|0x0000000083300000, 0x0000000083400000, 0x0000000083400000|100%|HC|  |TAMS 0x0000000083400000, 0x0000000083300000| Complete 
|  52|0x0000000083400000, 0x0000000083500000, 0x0000000083500000|100%|HS|  |TAMS 0x0000000083500000, 0x0000000083400000| Complete 
|  53|0x0000000083500000, 0x0000000083600000, 0x0000000083600000|100%|HC|  |TAMS 0x0000000083600000, 0x0000000083500000| Complete 
|  54|0x0000000083600000, 0x0000000083700000, 0x0000000083700000|100%|HS|  |TAMS 0x0000000083700000, 0x0000000083600000| Complete 
|  55|0x0000000083700000, 0x0000000083800000, 0x0000000083800000|100%|HC|  |TAMS 0x0000000083800000, 0x0000000083700000| Complete 
|  56|0x0000000083800000, 0x0000000083900000, 0x0000000083900000|100%|HC|  |TAMS 0x0000000083900000, 0x0000000083800000| Complete 
|  57|0x0000000083900000, 0x0000000083a00000, 0x0000000083a00000|100%| O|  |TAMS 0x0000000083a00000, 0x0000000083900000| Untracked 
|  58|0x0000000083a00000, 0x0000000083b00000, 0x0000000083b00000|100%| O|  |TAMS 0x0000000083b00000, 0x0000000083a00000| Untracked 
|  59|0x0000000083b00000, 0x0000000083c00000, 0x0000000083c00000|100%| O|  |TAMS 0x0000000083c00000, 0x0000000083b00000| Untracked 
|  60|0x0000000083c00000, 0x0000000083d00000, 0x0000000083d00000|100%| O|  |TAMS 0x0000000083d00000, 0x0000000083c00000| Untracked 
|  61|0x0000000083d00000, 0x0000000083e00000, 0x0000000083e00000|100%| O|  |TAMS 0x0000000083e00000, 0x0000000083d00000| Untracked 
|  62|0x0000000083e00000, 0x0000000083f00000, 0x0000000083f00000|100%| O|  |TAMS 0x0000000083f00000, 0x0000000083e00000| Untracked 
|  63|0x0000000083f00000, 0x0000000084000000, 0x0000000084000000|100%|HS|  |TAMS 0x0000000084000000, 0x0000000083f00000| Complete 
|  64|0x0000000084000000, 0x0000000084100000, 0x0000000084100000|100%|HC|  |TAMS 0x0000000084100000, 0x0000000084000000| Complete 
|  65|0x0000000084100000, 0x0000000084200000, 0x0000000084200000|100%|HC|  |TAMS 0x0000000084200000, 0x0000000084100000| Complete 
|  66|0x0000000084200000, 0x0000000084300000, 0x0000000084300000|100%|HC|  |TAMS 0x0000000084300000, 0x0000000084200000| Complete 
|  67|0x0000000084300000, 0x0000000084400000, 0x0000000084400000|100%|HC|  |TAMS 0x0000000084400000, 0x0000000084300000| Complete 
|  68|0x0000000084400000, 0x0000000084500000, 0x0000000084500000|100%| O|  |TAMS 0x0000000084500000, 0x0000000084400000| Untracked 
|  69|0x0000000084500000, 0x0000000084600000, 0x0000000084600000|100%| O|  |TAMS 0x0000000084600000, 0x0000000084500000| Untracked 
|  70|0x0000000084600000, 0x0000000084700000, 0x0000000084700000|100%| O|  |TAMS 0x0000000084700000, 0x0000000084600000| Untracked 
|  71|0x0000000084700000, 0x0000000084800000, 0x0000000084800000|100%|HS|  |TAMS 0x0000000084800000, 0x0000000084700000| Complete 
|  72|0x0000000084800000, 0x0000000084900000, 0x0000000084900000|100%|HS|  |TAMS 0x0000000084900000, 0x0000000084800000| Complete 
|  73|0x0000000084900000, 0x0000000084a00000, 0x0000000084a00000|100%| O|  |TAMS 0x0000000084a00000, 0x0000000084900000| Untracked 
|  74|0x0000000084a00000, 0x0000000084b00000, 0x0000000084b00000|100%| O|  |TAMS 0x0000000084b00000, 0x0000000084a00000| Untracked 
|  75|0x0000000084b00000, 0x0000000084c00000, 0x0000000084c00000|100%|HS|  |TAMS 0x0000000084c00000, 0x0000000084b00000| Complete 
|  76|0x0000000084c00000, 0x0000000084d00000, 0x0000000084d00000|100%|HC|  |TAMS 0x0000000084d00000, 0x0000000084c00000| Complete 
|  77|0x0000000084d00000, 0x0000000084e00000, 0x0000000084e00000|100%| O|  |TAMS 0x0000000084e00000, 0x0000000084d00000| Untracked 
|  78|0x0000000084e00000, 0x0000000084f00000, 0x0000000084f00000|100%| O|  |TAMS 0x0000000084f00000, 0x0000000084e00000| Untracked 
|  79|0x0000000084f00000, 0x0000000085000000, 0x0000000085000000|100%| O|  |TAMS 0x0000000085000000, 0x0000000084f00000| Untracked 
|  80|0x0000000085000000, 0x0000000085100000, 0x0000000085100000|100%| O|  |TAMS 0x0000000085100000, 0x0000000085000000| Untracked 
|  81|0x0000000085100000, 0x0000000085200000, 0x0000000085200000|100%| O|  |TAMS 0x0000000085200000, 0x0000000085100000| Untracked 
|  82|0x0000000085200000, 0x0000000085300000, 0x0000000085300000|100%| O|  |TAMS 0x0000000085300000, 0x0000000085200000| Untracked 
|  83|0x0000000085300000, 0x0000000085400000, 0x0000000085400000|100%| O|  |TAMS 0x0000000085400000, 0x0000000085300000| Untracked 
|  84|0x0000000085400000, 0x0000000085500000, 0x0000000085500000|100%| O|  |TAMS 0x0000000085500000, 0x0000000085400000| Untracked 
|  85|0x0000000085500000, 0x0000000085600000, 0x0000000085600000|100%| O|  |TAMS 0x0000000085600000, 0x0000000085500000| Untracked 
|  86|0x0000000085600000, 0x0000000085700000, 0x0000000085700000|100%| O|  |TAMS 0x0000000085700000, 0x0000000085600000| Untracked 
|  87|0x0000000085700000, 0x0000000085800000, 0x0000000085800000|100%| O|  |TAMS 0x0000000085800000, 0x0000000085700000| Untracked 
|  88|0x0000000085800000, 0x0000000085900000, 0x0000000085900000|100%| O|  |TAMS 0x0000000085900000, 0x0000000085800000| Untracked 
|  89|0x0000000085900000, 0x0000000085a00000, 0x0000000085a00000|100%| O|  |TAMS 0x0000000085a00000, 0x0000000085900000| Untracked 
|  90|0x0000000085a00000, 0x0000000085b00000, 0x0000000085b00000|100%| O|  |TAMS 0x0000000085b00000, 0x0000000085a00000| Untracked 
|  91|0x0000000085b00000, 0x0000000085c00000, 0x0000000085c00000|100%| O|  |TAMS 0x0000000085c00000, 0x0000000085b00000| Untracked 
|  92|0x0000000085c00000, 0x0000000085d00000, 0x0000000085d00000|100%| O|  |TAMS 0x0000000085d00000, 0x0000000085c00000| Untracked 
|  93|0x0000000085d00000, 0x0000000085e00000, 0x0000000085e00000|100%| O|  |TAMS 0x0000000085e00000, 0x0000000085d00000| Untracked 
|  94|0x0000000085e00000, 0x0000000085f00000, 0x0000000085f00000|100%|HS|  |TAMS 0x0000000085f00000, 0x0000000085e00000| Complete 
|  95|0x0000000085f00000, 0x0000000086000000, 0x0000000086000000|100%|HC|  |TAMS 0x0000000086000000, 0x0000000085f00000| Complete 
|  96|0x0000000086000000, 0x0000000086100000, 0x0000000086100000|100%|HC|  |TAMS 0x0000000086100000, 0x0000000086000000| Complete 
|  97|0x0000000086100000, 0x0000000086200000, 0x0000000086200000|100%|HC|  |TAMS 0x0000000086200000, 0x0000000086100000| Complete 
|  98|0x0000000086200000, 0x0000000086300000, 0x0000000086300000|100%|HS|  |TAMS 0x0000000086300000, 0x0000000086200000| Complete 
|  99|0x0000000086300000, 0x0000000086400000, 0x0000000086400000|100%|HC|  |TAMS 0x0000000086400000, 0x0000000086300000| Complete 
| 100|0x0000000086400000, 0x0000000086500000, 0x0000000086500000|100%|HS|  |TAMS 0x0000000086500000, 0x0000000086400000| Complete 
| 101|0x0000000086500000, 0x0000000086600000, 0x0000000086600000|100%|HC|  |TAMS 0x0000000086600000, 0x0000000086500000| Complete 
| 102|0x0000000086600000, 0x0000000086700000, 0x0000000086700000|100%|HC|  |TAMS 0x0000000086700000, 0x0000000086600000| Complete 
| 103|0x0000000086700000, 0x0000000086800000, 0x0000000086800000|100%|HS|  |TAMS 0x0000000086800000, 0x0000000086700000| Complete 
| 104|0x0000000086800000, 0x0000000086900000, 0x0000000086900000|100%|HC|  |TAMS 0x0000000086900000, 0x0000000086800000| Complete 
| 105|0x0000000086900000, 0x0000000086a00000, 0x0000000086a00000|100%|HC|  |TAMS 0x0000000086a00000, 0x0000000086900000| Complete 
| 106|0x0000000086a00000, 0x0000000086b00000, 0x0000000086b00000|100%| O|  |TAMS 0x0000000086b00000, 0x0000000086a00000| Untracked 
| 107|0x0000000086b00000, 0x0000000086c00000, 0x0000000086c00000|100%| O|  |TAMS 0x0000000086c00000, 0x0000000086b00000| Untracked 
| 108|0x0000000086c00000, 0x0000000086d00000, 0x0000000086d00000|100%|HS|  |TAMS 0x0000000086d00000, 0x0000000086c00000| Complete 
| 109|0x0000000086d00000, 0x0000000086e00000, 0x0000000086e00000|100%|HC|  |TAMS 0x0000000086e00000, 0x0000000086d00000| Complete 
| 110|0x0000000086e00000, 0x0000000086f00000, 0x0000000086f00000|100%|HC|  |TAMS 0x0000000086f00000, 0x0000000086e00000| Complete 
| 111|0x0000000086f00000, 0x0000000087000000, 0x0000000087000000|100%|HC|  |TAMS 0x0000000087000000, 0x0000000086f00000| Complete 
| 112|0x0000000087000000, 0x0000000087100000, 0x0000000087100000|100%|HC|  |TAMS 0x0000000087100000, 0x0000000087000000| Complete 
| 113|0x0000000087100000, 0x0000000087200000, 0x0000000087200000|100%|HS|  |TAMS 0x0000000087200000, 0x0000000087100000| Complete 
| 114|0x0000000087200000, 0x0000000087300000, 0x0000000087300000|100%| O|  |TAMS 0x0000000087300000, 0x0000000087200000| Untracked 
| 115|0x0000000087300000, 0x0000000087400000, 0x0000000087400000|100%| O|  |TAMS 0x0000000087400000, 0x0000000087300000| Untracked 
| 116|0x0000000087400000, 0x0000000087500000, 0x0000000087500000|100%|HS|  |TAMS 0x0000000087500000, 0x0000000087400000| Complete 
| 117|0x0000000087500000, 0x0000000087600000, 0x0000000087600000|100%|HC|  |TAMS 0x0000000087600000, 0x0000000087500000| Complete 
| 118|0x0000000087600000, 0x0000000087700000, 0x0000000087700000|100%|HC|  |TAMS 0x0000000087700000, 0x0000000087600000| Complete 
| 119|0x0000000087700000, 0x0000000087800000, 0x0000000087800000|100%|HC|  |TAMS 0x0000000087800000, 0x0000000087700000| Complete 
| 120|0x0000000087800000, 0x0000000087900000, 0x0000000087900000|100%| O|  |TAMS 0x0000000087900000, 0x0000000087800000| Untracked 
| 121|0x0000000087900000, 0x0000000087a00000, 0x0000000087a00000|100%| O|  |TAMS 0x0000000087a00000, 0x0000000087900000| Untracked 
| 122|0x0000000087a00000, 0x0000000087b00000, 0x0000000087b00000|100%| O|  |TAMS 0x0000000087b00000, 0x0000000087a00000| Untracked 
| 123|0x0000000087b00000, 0x0000000087c00000, 0x0000000087c00000|100%| O|  |TAMS 0x0000000087c00000, 0x0000000087b00000| Untracked 
| 124|0x0000000087c00000, 0x0000000087d00000, 0x0000000087d00000|100%| O|  |TAMS 0x0000000087d00000, 0x0000000087c00000| Untracked 
| 125|0x0000000087d00000, 0x0000000087e00000, 0x0000000087e00000|100%| O|  |TAMS 0x0000000087e00000, 0x0000000087d00000| Untracked 
| 126|0x0000000087e00000, 0x0000000087f00000, 0x0000000087f00000|100%| O|  |TAMS 0x0000000087f00000, 0x0000000087e00000| Untracked 
| 127|0x0000000087f00000, 0x0000000088000000, 0x0000000088000000|100%| O|  |TAMS 0x0000000088000000, 0x0000000087f00000| Untracked 
| 128|0x0000000088000000, 0x0000000088000000, 0x0000000088100000|  0%| F|  |TAMS 0x0000000088000000, 0x0000000088000000| Untracked 
| 129|0x0000000088100000, 0x0000000088100000, 0x0000000088200000|  0%| F|  |TAMS 0x0000000088100000, 0x0000000088100000| Untracked 
| 130|0x0000000088200000, 0x0000000088300000, 0x0000000088300000|100%| O|  |TAMS 0x0000000088300000, 0x0000000088200000| Untracked 
| 131|0x0000000088300000, 0x0000000088400000, 0x0000000088400000|100%| O|  |TAMS 0x0000000088400000, 0x0000000088300000| Untracked 
| 132|0x0000000088400000, 0x0000000088500000, 0x0000000088500000|100%| O|  |TAMS 0x0000000088500000, 0x0000000088400000| Untracked 
| 133|0x0000000088500000, 0x0000000088600000, 0x0000000088600000|100%| O|  |TAMS 0x0000000088600000, 0x0000000088500000| Untracked 
| 134|0x0000000088600000, 0x0000000088600000, 0x0000000088700000|  0%| F|  |TAMS 0x0000000088600000, 0x0000000088600000| Untracked 
| 135|0x0000000088700000, 0x0000000088700000, 0x0000000088800000|  0%| F|  |TAMS 0x0000000088700000, 0x0000000088700000| Untracked 
| 136|0x0000000088800000, 0x0000000088900000, 0x0000000088900000|100%|HS|  |TAMS 0x0000000088800000, 0x0000000088800000| Complete 
| 137|0x0000000088900000, 0x0000000088900000, 0x0000000088a00000|  0%| F|  |TAMS 0x0000000088900000, 0x0000000088900000| Untracked 
| 138|0x0000000088a00000, 0x0000000088a00000, 0x0000000088b00000|  0%| F|  |TAMS 0x0000000088a00000, 0x0000000088a00000| Untracked 
| 139|0x0000000088b00000, 0x0000000088c00000, 0x0000000088c00000|100%|HS|  |TAMS 0x0000000088b00000, 0x0000000088b00000| Complete 
| 140|0x0000000088c00000, 0x0000000088d00000, 0x0000000088d00000|100%|HC|  |TAMS 0x0000000088c00000, 0x0000000088c00000| Complete 
| 141|0x0000000088d00000, 0x0000000088d00000, 0x0000000088e00000|  0%| F|  |TAMS 0x0000000088d00000, 0x0000000088d00000| Untracked 
| 142|0x0000000088e00000, 0x0000000088e00000, 0x0000000088f00000|  0%| F|  |TAMS 0x0000000088e00000, 0x0000000088e00000| Untracked 
| 143|0x0000000088f00000, 0x0000000088f00000, 0x0000000089000000|  0%| F|  |TAMS 0x0000000088f00000, 0x0000000088f00000| Untracked 
| 144|0x0000000089000000, 0x0000000089100000, 0x0000000089100000|100%|HS|  |TAMS 0x0000000089000000, 0x0000000089000000| Complete 
| 145|0x0000000089100000, 0x0000000089200000, 0x0000000089200000|100%|HC|  |TAMS 0x0000000089100000, 0x0000000089100000| Complete 
| 146|0x0000000089200000, 0x0000000089300000, 0x0000000089300000|100%|HC|  |TAMS 0x0000000089200000, 0x0000000089200000| Complete 
| 147|0x0000000089300000, 0x0000000089300000, 0x0000000089400000|  0%| F|  |TAMS 0x0000000089300000, 0x0000000089300000| Untracked 
| 148|0x0000000089400000, 0x0000000089400000, 0x0000000089500000|  0%| F|  |TAMS 0x0000000089400000, 0x0000000089400000| Untracked 
| 149|0x0000000089500000, 0x0000000089500000, 0x0000000089600000|  0%| F|  |TAMS 0x0000000089500000, 0x0000000089500000| Untracked 
| 150|0x0000000089600000, 0x0000000089600000, 0x0000000089700000|  0%| F|  |TAMS 0x0000000089600000, 0x0000000089600000| Untracked 
| 151|0x0000000089700000, 0x0000000089700000, 0x0000000089800000|  0%| F|  |TAMS 0x0000000089700000, 0x0000000089700000| Untracked 
| 152|0x0000000089800000, 0x0000000089800000, 0x0000000089900000|  0%| F|  |TAMS 0x0000000089800000, 0x0000000089800000| Untracked 
| 153|0x0000000089900000, 0x0000000089900000, 0x0000000089a00000|  0%| F|  |TAMS 0x0000000089900000, 0x0000000089900000| Untracked 
| 154|0x0000000089a00000, 0x0000000089a00000, 0x0000000089b00000|  0%| F|  |TAMS 0x0000000089a00000, 0x0000000089a00000| Untracked 
| 155|0x0000000089b00000, 0x0000000089b00000, 0x0000000089c00000|  0%| F|  |TAMS 0x0000000089b00000, 0x0000000089b00000| Untracked 
| 156|0x0000000089c00000, 0x0000000089c00000, 0x0000000089d00000|  0%| F|  |TAMS 0x0000000089c00000, 0x0000000089c00000| Untracked 
| 157|0x0000000089d00000, 0x0000000089d00000, 0x0000000089e00000|  0%| F|  |TAMS 0x0000000089d00000, 0x0000000089d00000| Untracked 
| 158|0x0000000089e00000, 0x0000000089e00000, 0x0000000089f00000|  0%| F|  |TAMS 0x0000000089e00000, 0x0000000089e00000| Untracked 
| 159|0x0000000089f00000, 0x0000000089f00000, 0x000000008a000000|  0%| F|  |TAMS 0x0000000089f00000, 0x0000000089f00000| Untracked 
| 160|0x000000008a000000, 0x000000008a000000, 0x000000008a100000|  0%| F|  |TAMS 0x000000008a000000, 0x000000008a000000| Untracked 
| 161|0x000000008a100000, 0x000000008a100000, 0x000000008a200000|  0%| F|  |TAMS 0x000000008a100000, 0x000000008a100000| Untracked 
| 162|0x000000008a200000, 0x000000008a200000, 0x000000008a300000|  0%| F|  |TAMS 0x000000008a200000, 0x000000008a200000| Untracked 
| 163|0x000000008a300000, 0x000000008a300000, 0x000000008a400000|  0%| F|  |TAMS 0x000000008a300000, 0x000000008a300000| Untracked 
| 164|0x000000008a400000, 0x000000008a400000, 0x000000008a500000|  0%| F|  |TAMS 0x000000008a400000, 0x000000008a400000| Untracked 
| 165|0x000000008a500000, 0x000000008a500000, 0x000000008a600000|  0%| F|  |TAMS 0x000000008a500000, 0x000000008a500000| Untracked 
| 166|0x000000008a600000, 0x000000008a600000, 0x000000008a700000|  0%| F|  |TAMS 0x000000008a600000, 0x000000008a600000| Untracked 
| 167|0x000000008a700000, 0x000000008a7ec680, 0x000000008a800000| 92%| S|CS|TAMS 0x000000008a700000, 0x000000008a700000| Complete 
| 168|0x000000008a800000, 0x000000008a900000, 0x000000008a900000|100%| S|CS|TAMS 0x000000008a800000, 0x000000008a800000| Complete 
| 169|0x000000008a900000, 0x000000008aa00000, 0x000000008aa00000|100%| S|CS|TAMS 0x000000008a900000, 0x000000008a900000| Complete 
| 170|0x000000008aa00000, 0x000000008ab00000, 0x000000008ab00000|100%| S|CS|TAMS 0x000000008aa00000, 0x000000008aa00000| Complete 
| 171|0x000000008ab00000, 0x000000008ab00000, 0x000000008ac00000|  0%| F|  |TAMS 0x000000008ab00000, 0x000000008ab00000| Untracked 
| 172|0x000000008ac00000, 0x000000008ac00000, 0x000000008ad00000|  0%| F|  |TAMS 0x000000008ac00000, 0x000000008ac00000| Untracked 
| 173|0x000000008ad00000, 0x000000008ad00000, 0x000000008ae00000|  0%| F|  |TAMS 0x000000008ad00000, 0x000000008ad00000| Untracked 
| 174|0x000000008ae00000, 0x000000008ae00000, 0x000000008af00000|  0%| F|  |TAMS 0x000000008ae00000, 0x000000008ae00000| Untracked 
| 175|0x000000008af00000, 0x000000008af00000, 0x000000008b000000|  0%| F|  |TAMS 0x000000008af00000, 0x000000008af00000| Untracked 
| 176|0x000000008b000000, 0x000000008b000000, 0x000000008b100000|  0%| F|  |TAMS 0x000000008b000000, 0x000000008b000000| Untracked 
| 177|0x000000008b100000, 0x000000008b100000, 0x000000008b200000|  0%| F|  |TAMS 0x000000008b100000, 0x000000008b100000| Untracked 
| 178|0x000000008b200000, 0x000000008b200000, 0x000000008b300000|  0%| F|  |TAMS 0x000000008b200000, 0x000000008b200000| Untracked 
| 179|0x000000008b300000, 0x000000008b300000, 0x000000008b400000|  0%| F|  |TAMS 0x000000008b300000, 0x000000008b300000| Untracked 
| 180|0x000000008b400000, 0x000000008b400000, 0x000000008b500000|  0%| F|  |TAMS 0x000000008b400000, 0x000000008b400000| Untracked 
| 181|0x000000008b500000, 0x000000008b500000, 0x000000008b600000|  0%| F|  |TAMS 0x000000008b500000, 0x000000008b500000| Untracked 
| 182|0x000000008b600000, 0x000000008b600000, 0x000000008b700000|  0%| F|  |TAMS 0x000000008b600000, 0x000000008b600000| Untracked 
| 183|0x000000008b700000, 0x000000008b700000, 0x000000008b800000|  0%| F|  |TAMS 0x000000008b700000, 0x000000008b700000| Untracked 
| 184|0x000000008b800000, 0x000000008b800000, 0x000000008b900000|  0%| F|  |TAMS 0x000000008b800000, 0x000000008b800000| Untracked 
| 185|0x000000008b900000, 0x000000008b900000, 0x000000008ba00000|  0%| F|  |TAMS 0x000000008b900000, 0x000000008b900000| Untracked 
| 186|0x000000008ba00000, 0x000000008ba00000, 0x000000008bb00000|  0%| F|  |TAMS 0x000000008ba00000, 0x000000008ba00000| Untracked 
| 187|0x000000008bb00000, 0x000000008bb00000, 0x000000008bc00000|  0%| F|  |TAMS 0x000000008bb00000, 0x000000008bb00000| Untracked 
| 188|0x000000008bc00000, 0x000000008bc00000, 0x000000008bd00000|  0%| F|  |TAMS 0x000000008bc00000, 0x000000008bc00000| Untracked 
| 189|0x000000008bd00000, 0x000000008bd00000, 0x000000008be00000|  0%| F|  |TAMS 0x000000008bd00000, 0x000000008bd00000| Untracked 
| 190|0x000000008be00000, 0x000000008be00000, 0x000000008bf00000|  0%| F|  |TAMS 0x000000008be00000, 0x000000008be00000| Untracked 
| 191|0x000000008bf00000, 0x000000008bf00000, 0x000000008c000000|  0%| F|  |TAMS 0x000000008bf00000, 0x000000008bf00000| Untracked 
| 192|0x000000008c000000, 0x000000008c000000, 0x000000008c100000|  0%| F|  |TAMS 0x000000008c000000, 0x000000008c000000| Untracked 
| 193|0x000000008c100000, 0x000000008c100000, 0x000000008c200000|  0%| F|  |TAMS 0x000000008c100000, 0x000000008c100000| Untracked 
| 194|0x000000008c200000, 0x000000008c200000, 0x000000008c300000|  0%| F|  |TAMS 0x000000008c200000, 0x000000008c200000| Untracked 
| 195|0x000000008c300000, 0x000000008c300000, 0x000000008c400000|  0%| F|  |TAMS 0x000000008c300000, 0x000000008c300000| Untracked 
| 196|0x000000008c400000, 0x000000008c400000, 0x000000008c500000|  0%| F|  |TAMS 0x000000008c400000, 0x000000008c400000| Untracked 
| 197|0x000000008c500000, 0x000000008c500000, 0x000000008c600000|  0%| F|  |TAMS 0x000000008c500000, 0x000000008c500000| Untracked 
| 198|0x000000008c600000, 0x000000008c600000, 0x000000008c700000|  0%| F|  |TAMS 0x000000008c600000, 0x000000008c600000| Untracked 
| 199|0x000000008c700000, 0x000000008c700000, 0x000000008c800000|  0%| F|  |TAMS 0x000000008c700000, 0x000000008c700000| Untracked 
| 200|0x000000008c800000, 0x000000008c800000, 0x000000008c900000|  0%| F|  |TAMS 0x000000008c800000, 0x000000008c800000| Untracked 
| 201|0x000000008c900000, 0x000000008c9be1d8, 0x000000008ca00000| 74%| E|  |TAMS 0x000000008c900000, 0x000000008c900000| Complete 
| 202|0x000000008ca00000, 0x000000008cb00000, 0x000000008cb00000|100%| E|CS|TAMS 0x000000008ca00000, 0x000000008ca00000| Complete 
| 203|0x000000008cb00000, 0x000000008cc00000, 0x000000008cc00000|100%| E|CS|TAMS 0x000000008cb00000, 0x000000008cb00000| Complete 
| 204|0x000000008cc00000, 0x000000008cd00000, 0x000000008cd00000|100%| E|CS|TAMS 0x000000008cc00000, 0x000000008cc00000| Complete 
| 205|0x000000008cd00000, 0x000000008ce00000, 0x000000008ce00000|100%| E|CS|TAMS 0x000000008cd00000, 0x000000008cd00000| Complete 
| 206|0x000000008ce00000, 0x000000008cf00000, 0x000000008cf00000|100%| E|CS|TAMS 0x000000008ce00000, 0x000000008ce00000| Complete 
| 207|0x000000008cf00000, 0x000000008d000000, 0x000000008d000000|100%| E|CS|TAMS 0x000000008cf00000, 0x000000008cf00000| Complete 
| 208|0x000000008d000000, 0x000000008d100000, 0x000000008d100000|100%| E|CS|TAMS 0x000000008d000000, 0x000000008d000000| Complete 
| 209|0x000000008d100000, 0x000000008d200000, 0x000000008d200000|100%| E|CS|TAMS 0x000000008d100000, 0x000000008d100000| Complete 
| 210|0x000000008d200000, 0x000000008d300000, 0x000000008d300000|100%| E|CS|TAMS 0x000000008d200000, 0x000000008d200000| Complete 
| 211|0x000000008d300000, 0x000000008d400000, 0x000000008d400000|100%| E|CS|TAMS 0x000000008d300000, 0x000000008d300000| Complete 
| 212|0x000000008d400000, 0x000000008d500000, 0x000000008d500000|100%| E|CS|TAMS 0x000000008d400000, 0x000000008d400000| Complete 
| 213|0x000000008d500000, 0x000000008d600000, 0x000000008d600000|100%| E|CS|TAMS 0x000000008d500000, 0x000000008d500000| Complete 
| 214|0x000000008d600000, 0x000000008d700000, 0x000000008d700000|100%| E|CS|TAMS 0x000000008d600000, 0x000000008d600000| Complete 
| 215|0x000000008d700000, 0x000000008d800000, 0x000000008d800000|100%| E|CS|TAMS 0x000000008d700000, 0x000000008d700000| Complete 
| 216|0x000000008d800000, 0x000000008d900000, 0x000000008d900000|100%| E|CS|TAMS 0x000000008d800000, 0x000000008d800000| Complete 
| 217|0x000000008d900000, 0x000000008da00000, 0x000000008da00000|100%| E|CS|TAMS 0x000000008d900000, 0x000000008d900000| Complete 
| 218|0x000000008da00000, 0x000000008db00000, 0x000000008db00000|100%| E|CS|TAMS 0x000000008da00000, 0x000000008da00000| Complete 

Card table byte_map: [0x000001f83ac60000,0x000001f83b060000] _byte_map_base: 0x000001f83a860000

Marking Bits (Prev, Next): (CMBitMap*) 0x000001f82775b080, (CMBitMap*) 0x000001f82775b048
 Prev Bits: [0x000001f83d460000, 0x000001f83f460000)
 Next Bits: [0x000001f83b460000, 0x000001f83d460000)

Polling page: 0x000001f825e60000

Metaspace:

Usage:
  Non-class:     86.86 MB capacity,    85.35 MB ( 98%) used,     1.24 MB (  1%) free+waste,   276.00 KB ( <1%) overhead. 
      Class:     13.59 MB capacity,    12.66 MB ( 93%) used,   824.05 KB (  6%) free+waste,   131.38 KB ( <1%) overhead. 
       Both:    100.45 MB capacity,    98.01 MB ( 98%) used,     2.04 MB (  2%) free+waste,   407.38 KB ( <1%) overhead. 

Virtual space:
  Non-class space:       88.00 MB reserved,      86.92 MB ( 99%) committed 
      Class space:        1.00 GB reserved,      13.63 MB (  1%) committed 
             Both:        1.09 GB reserved,     100.55 MB (  9%) committed 

Chunk freelists:
   Non-Class:  0 bytes
       Class:  4.00 KB
        Both:  4.00 KB

MaxMetaspaceSize: 17179869184.00 GB
CompressedClassSpaceSize: 1.00 GB
Initial GC threshold: 20.80 MB
Current GC threshold: 153.20 MB
CDS: off

CodeHeap 'non-profiled nmethods': size=120064Kb used=5810Kb max_used=5810Kb free=114254Kb
 bounds [0x000001f832d00000, 0x000001f8332b0000, 0x000001f83a240000]
CodeHeap 'profiled nmethods': size=120000Kb used=21017Kb max_used=21017Kb free=98982Kb
 bounds [0x000001f82b7d0000, 0x000001f82cc60000, 0x000001f832d00000]
CodeHeap 'non-nmethods': size=5696Kb used=2426Kb max_used=2446Kb free=3269Kb
 bounds [0x000001f82b240000, 0x000001f82b4c0000, 0x000001f82b7d0000]
 total_blobs=10451 nmethods=9495 adapters=868
 compilation: enabled
              stopped_count=0, restarted_count=0
 full_count=0

Compilation events (20 events):
Event: 29.712 Thread 0x000001f841a8c800 9535       3       org.gradle.api.internal.attributes.DefaultImmutableAttributes::keySet (5 bytes)
Event: 29.713 Thread 0x000001f841a8c800 nmethod 9535 0x000001f82cc15410 code [0x000001f82cc155e0, 0x000001f82cc15808]
Event: 29.713 Thread 0x000001f841a8c800 9536       3       org.gradle.internal.serialize.kryo.KryoBackedEncoder::writeBoolean (9 bytes)
Event: 29.713 Thread 0x000001f841a8c800 nmethod 9536 0x000001f82cc15910 code [0x000001f82cc15ac0, 0x000001f82cc15c08]
Event: 29.716 Thread 0x000001f841a80000 nmethod 9532 0x000001f8332a9d10 code [0x000001f8332a9f20, 0x000001f8332aa610]
Event: 29.719 Thread 0x000001f841a8c800 9537       3       org.gradle.cache.Cache$$Lambda$69/0x00000001001b8040::apply (9 bytes)
Event: 29.719 Thread 0x000001f841a8c800 nmethod 9537 0x000001f82cc15d10 code [0x000001f82cc15ee0, 0x000001f82cc160e8]
Event: 29.719 Thread 0x000001f841a8c800 9538       3       org.gradle.cache.Cache::lambda$get$0 (7 bytes)
Event: 29.719 Thread 0x000001f841a80000 9539       4       org.gradle.internal.reflect.MethodSet::add (50 bytes)
Event: 29.719 Thread 0x000001f841a8c800 nmethod 9538 0x000001f82cc16210 code [0x000001f82cc163c0, 0x000001f82cc16568]
Event: 29.722 Thread 0x000001f841a8c800 9540       3       com.google.common.cache.LocalCache::createSegment (13 bytes)
Event: 29.722 Thread 0x000001f841a8c800 nmethod 9540 0x000001f82cc16610 code [0x000001f82cc167c0, 0x000001f82cc16988]
Event: 29.722 Thread 0x000001f841a8c800 9542       3       org.gradle.internal.component.model.MutableModuleSources::of (45 bytes)
Event: 29.723 Thread 0x000001f841a8c800 nmethod 9542 0x000001f82cc16a90 code [0x000001f82cc16cc0, 0x000001f82cc17668]
Event: 29.723 Thread 0x000001f841a8c800 9541       3       com.google.common.cache.LocalCache$Segment::<init> (163 bytes)
Event: 29.724 Thread 0x000001f841a8c800 nmethod 9541 0x000001f82cc17910 code [0x000001f82cc17d60, 0x000001f82cc1a3c8]
Event: 29.729 Thread 0x000001f841a8c800 9543       3       jdk.internal.reflect.Reflection::filterMethods (28 bytes)
Event: 29.729 Thread 0x000001f841a8c800 nmethod 9543 0x000001f82cc1ae10 code [0x000001f82cc1b000, 0x000001f82cc1b418]
Event: 29.773 Thread 0x000001f841a8c800 9545       3       org.gradle.internal.component.external.model.maven.DefaultMavenModuleResolveMetadata::withDerivationStrategy (24 bytes)
Event: 29.773 Thread 0x000001f841a8c800 nmethod 9545 0x000001f82cc1b510 code [0x000001f82cc1b6e0, 0x000001f82cc1bac8]

GC Heap History (20 events):
Event: 24.187 GC heap before
{Heap before GC invocations=64 (full 0):
 garbage-first heap   total 224256K, used 171785K [0x0000000080000000, 0x0000000100000000)
  region size 1024K, 43 young (44032K), 3 survivors (3072K)
 Metaspace       used 87187K, capacity 89364K, committed 89648K, reserved 1126400K
  class space    used 11293K, capacity 12099K, committed 12160K, reserved 1048576K
}
Event: 24.196 GC heap after
{Heap after GC invocations=65 (full 0):
 garbage-first heap   total 224256K, used 133658K [0x0000000080000000, 0x0000000100000000)
  region size 1024K, 5 young (5120K), 5 survivors (5120K)
 Metaspace       used 87187K, capacity 89364K, committed 89648K, reserved 1126400K
  class space    used 11293K, capacity 12099K, committed 12160K, reserved 1048576K
}
Event: 24.428 GC heap before
{Heap before GC invocations=66 (full 0):
 garbage-first heap   total 224256K, used 135706K [0x0000000080000000, 0x0000000100000000)
  region size 1024K, 8 young (8192K), 5 survivors (5120K)
 Metaspace       used 87409K, capacity 89698K, committed 90032K, reserved 1126400K
  class space    used 11336K, capacity 12190K, committed 12288K, reserved 1048576K
}
Event: 24.437 GC heap after
{Heap after GC invocations=67 (full 0):
 garbage-first heap   total 224256K, used 133992K [0x0000000080000000, 0x0000000100000000)
  region size 1024K, 4 young (4096K), 4 survivors (4096K)
 Metaspace       used 87409K, capacity 89698K, committed 90032K, reserved 1126400K
  class space    used 11336K, capacity 12190K, committed 12288K, reserved 1048576K
}
Event: 24.782 GC heap before
{Heap before GC invocations=68 (full 0):
 garbage-first heap   total 224256K, used 169832K [0x0000000080000000, 0x0000000100000000)
  region size 1024K, 38 young (38912K), 4 survivors (4096K)
 Metaspace       used 87882K, capacity 90210K, committed 90544K, reserved 1128448K
  class space    used 11358K, capacity 12190K, committed 12288K, reserved 1048576K
}
Event: 24.790 GC heap after
{Heap after GC invocations=69 (full 0):
 garbage-first heap   total 224256K, used 138815K [0x0000000080000000, 0x0000000100000000)
  region size 1024K, 4 young (4096K), 4 survivors (4096K)
 Metaspace       used 87882K, capacity 90210K, committed 90544K, reserved 1128448K
  class space    used 11358K, capacity 12190K, committed 12288K, reserved 1048576K
}
Event: 24.932 GC heap before
{Heap before GC invocations=69 (full 0):
 garbage-first heap   total 224256K, used 173631K [0x0000000080000000, 0x0000000100000000)
  region size 1024K, 38 young (38912K), 4 survivors (4096K)
 Metaspace       used 87884K, capacity 90210K, committed 90544K, reserved 1128448K
  class space    used 11358K, capacity 12190K, committed 12288K, reserved 1048576K
}
Event: 24.936 GC heap after
{Heap after GC invocations=70 (full 0):
 garbage-first heap   total 224256K, used 139235K [0x0000000080000000, 0x0000000100000000)
  region size 1024K, 1 young (1024K), 1 survivors (1024K)
 Metaspace       used 87884K, capacity 90210K, committed 90544K, reserved 1128448K
  class space    used 11358K, capacity 12190K, committed 12288K, reserved 1048576K
}
Event: 25.147 GC heap before
{Heap before GC invocations=70 (full 0):
 garbage-first heap   total 224256K, used 177123K [0x0000000080000000, 0x0000000100000000)
  region size 1024K, 38 young (38912K), 1 survivors (1024K)
 Metaspace       used 87886K, capacity 90210K, committed 90544K, reserved 1128448K
  class space    used 11358K, capacity 12190K, committed 12288K, reserved 1048576K
}
Event: 25.149 GC heap after
{Heap after GC invocations=71 (full 0):
 garbage-first heap   total 224256K, used 139001K [0x0000000080000000, 0x0000000100000000)
  region size 1024K, 1 young (1024K), 1 survivors (1024K)
 Metaspace       used 87886K, capacity 90210K, committed 90544K, reserved 1128448K
  class space    used 11358K, capacity 12190K, committed 12288K, reserved 1048576K
}
Event: 25.364 GC heap before
{Heap before GC invocations=72 (full 0):
 garbage-first heap   total 224256K, used 179961K [0x0000000080000000, 0x0000000100000000)
  region size 1024K, 41 young (41984K), 1 survivors (1024K)
 Metaspace       used 87886K, capacity 90210K, committed 90544K, reserved 1128448K
  class space    used 11358K, capacity 12190K, committed 12288K, reserved 1048576K
}
Event: 25.365 GC heap after
{Heap after GC invocations=73 (full 0):
 garbage-first heap   total 224256K, used 139190K [0x0000000080000000, 0x0000000100000000)
  region size 1024K, 1 young (1024K), 1 survivors (1024K)
 Metaspace       used 87886K, capacity 90210K, committed 90544K, reserved 1128448K
  class space    used 11358K, capacity 12190K, committed 12288K, reserved 1048576K
}
Event: 25.548 GC heap before
{Heap before GC invocations=73 (full 0):
 garbage-first heap   total 224256K, used 183222K [0x0000000080000000, 0x0000000100000000)
  region size 1024K, 44 young (45056K), 1 survivors (1024K)
 Metaspace       used 87891K, capacity 90210K, committed 90544K, reserved 1128448K
  class space    used 11359K, capacity 12190K, committed 12288K, reserved 1048576K
}
Event: 25.550 GC heap after
{Heap after GC invocations=74 (full 0):
 garbage-first heap   total 224256K, used 139157K [0x0000000080000000, 0x0000000100000000)
  region size 1024K, 1 young (1024K), 1 survivors (1024K)
 Metaspace       used 87891K, capacity 90210K, committed 90544K, reserved 1128448K
  class space    used 11359K, capacity 12190K, committed 12288K, reserved 1048576K
}
Event: 25.748 GC heap before
{Heap before GC invocations=74 (full 0):
 garbage-first heap   total 224256K, used 185237K [0x0000000080000000, 0x0000000100000000)
  region size 1024K, 46 young (47104K), 1 survivors (1024K)
 Metaspace       used 87904K, capacity 90210K, committed 90544K, reserved 1128448K
  class space    used 11359K, capacity 12190K, committed 12288K, reserved 1048576K
}
Event: 25.750 GC heap after
{Heap after GC invocations=75 (full 0):
 garbage-first heap   total 224256K, used 139188K [0x0000000080000000, 0x0000000100000000)
  region size 1024K, 1 young (1024K), 1 survivors (1024K)
 Metaspace       used 87904K, capacity 90210K, committed 90544K, reserved 1128448K
  class space    used 11359K, capacity 12190K, committed 12288K, reserved 1048576K
}
Event: 27.129 GC heap before
{Heap before GC invocations=76 (full 0):
 garbage-first heap   total 224256K, used 175028K [0x0000000080000000, 0x0000000100000000)
  region size 1024K, 37 young (37888K), 1 survivors (1024K)
 Metaspace       used 91340K, capacity 93713K, committed 93872K, reserved 1130496K
  class space    used 11848K, capacity 12722K, committed 12800K, reserved 1048576K
}
Event: 27.134 GC heap after
{Heap after GC invocations=77 (full 0):
 garbage-first heap   total 224256K, used 137887K [0x0000000080000000, 0x0000000100000000)
  region size 1024K, 2 young (2048K), 2 survivors (2048K)
 Metaspace       used 91340K, capacity 93713K, committed 93872K, reserved 1130496K
  class space    used 11848K, capacity 12722K, committed 12800K, reserved 1048576K
}
Event: 28.784 GC heap before
{Heap before GC invocations=78 (full 0):
 garbage-first heap   total 224256K, used 195815K [0x0000000080000000, 0x0000000100000000)
  region size 1024K, 48 young (49152K), 2 survivors (2048K)
 Metaspace       used 97050K, capacity 99481K, committed 99760K, reserved 1136640K
  class space    used 12574K, capacity 13501K, committed 13568K, reserved 1048576K
}
Event: 28.799 GC heap after
{Heap after GC invocations=79 (full 0):
 garbage-first heap   total 224256K, used 145329K [0x0000000080000000, 0x0000000100000000)
  region size 1024K, 4 young (4096K), 4 survivors (4096K)
 Metaspace       used 97050K, capacity 99481K, committed 99760K, reserved 1136640K
  class space    used 12574K, capacity 13501K, committed 13568K, reserved 1048576K
}

Deoptimization events (20 events):
Event: 29.508 Thread 0x000001f846031000 DEOPT PACKING pc=0x000001f8332a0bac sp=0x00000021ab5fd4c0
Event: 29.509 Thread 0x000001f846031000 DEOPT UNPACKING pc=0x000001f82b28a1af sp=0x00000021ab5fd450 mode 2
Event: 29.516 Thread 0x000001f84602e000 Uncommon trap: trap_request=0xffffff4d fr.pc=0x000001f8332a0774 relative=0x00000000000000d4
Event: 29.516 Thread 0x000001f843d9e800 Uncommon trap: trap_request=0xffffff4d fr.pc=0x000001f8332a0774 relative=0x00000000000000d4
Event: 29.516 Thread 0x000001f84602e000 Uncommon trap: reason=unstable_if action=reinterpret pc=0x000001f8332a0774 method=com.sun.org.apache.xerces.internal.dom.DeferredDocumentImpl.getRealPrevSibling(IZ)I @ 20 c2
Event: 29.516 Thread 0x000001f846031000 Uncommon trap: trap_request=0xffffff4d fr.pc=0x000001f8332a0774 relative=0x00000000000000d4
Event: 29.516 Thread 0x000001f843d9e800 Uncommon trap: reason=unstable_if action=reinterpret pc=0x000001f8332a0774 method=com.sun.org.apache.xerces.internal.dom.DeferredDocumentImpl.getRealPrevSibling(IZ)I @ 20 c2
Event: 29.516 Thread 0x000001f84602e000 DEOPT PACKING pc=0x000001f8332a0774 sp=0x00000021ab1fcdb0
Event: 29.516 Thread 0x000001f84602e000 DEOPT UNPACKING pc=0x000001f82b28a1af sp=0x00000021ab1fcd40 mode 2
Event: 29.516 Thread 0x000001f846031000 Uncommon trap: reason=unstable_if action=reinterpret pc=0x000001f8332a0774 method=com.sun.org.apache.xerces.internal.dom.DeferredDocumentImpl.getRealPrevSibling(IZ)I @ 20 c2
Event: 29.516 Thread 0x000001f843d9e800 DEOPT PACKING pc=0x000001f8332a0774 sp=0x00000021a9af6ab0
Event: 29.516 Thread 0x000001f843d9e800 DEOPT UNPACKING pc=0x000001f82b28a1af sp=0x00000021a9af6a40 mode 2
Event: 29.516 Thread 0x000001f846031000 DEOPT PACKING pc=0x000001f8332a0774 sp=0x00000021ab5fd200
Event: 29.516 Thread 0x000001f846031000 DEOPT UNPACKING pc=0x000001f82b28a1af sp=0x00000021ab5fd190 mode 2
Event: 29.536 Thread 0x000001f846027800 Uncommon trap: trap_request=0xffffffc6 fr.pc=0x000001f832e156ac relative=0x0000000000000ecc
Event: 29.536 Thread 0x000001f846027800 Uncommon trap: reason=bimorphic_or_optimized_type_check action=maybe_recompile pc=0x000001f832e156ac method=java.io.DataOutputStream.writeShort(I)V @ 12 c2
Event: 29.536 Thread 0x000001f846027800 DEOPT PACKING pc=0x000001f832e156ac sp=0x00000021aa9fde80
Event: 29.536 Thread 0x000001f846027800 DEOPT UNPACKING pc=0x000001f82b28a1af sp=0x00000021aa9fde88 mode 2
Event: 29.542 Thread 0x000001f84602e000 DEOPT PACKING pc=0x000001f82c0ddbf1 sp=0x00000021ab1fc920
Event: 29.542 Thread 0x000001f84602e000 DEOPT UNPACKING pc=0x000001f82b28a95e sp=0x00000021ab1fbe38 mode 0

Classes redefined (0 events):
No events

Internal exceptions (20 events):
Event: 22.484 Thread 0x000001f843d9e800 Implicit null exception at 0x000001f8330a3d6b to 0x000001f8330a57c4
Event: 22.625 Thread 0x000001f843d9e800 Exception <a 'java/lang/NoSuchMethodError'{0x000000008d512750}: 'int java.lang.invoke.DirectMethodHandle$Holder.invokeStatic(java.lang.Object, java.lang.Object, int, java.lang.Object)'> (0x000000008d512750) thrown at [./src/hotspot/share/interpreter/linkResolver.cpp, line 773]
Event: 22.780 Thread 0x000001f843d9e800 Exception <a 'sun/nio/fs/WindowsException'{0x000000008d43c6b0}> (0x000000008d43c6b0) thrown at [./src/hotspot/share/prims/jni.cpp, line 616]
Event: 22.780 Thread 0x000001f843d9e800 Exception <a 'sun/nio/fs/WindowsException'{0x000000008d43da40}> (0x000000008d43da40) thrown at [./src/hotspot/share/prims/jni.cpp, line 616]
Event: 22.780 Thread 0x000001f843d9e800 Exception <a 'sun/nio/fs/WindowsException'{0x000000008d43ee08}> (0x000000008d43ee08) thrown at [./src/hotspot/share/prims/jni.cpp, line 616]
Event: 22.780 Thread 0x000001f843d9e800 Exception <a 'sun/nio/fs/WindowsException'{0x000000008d4401d0}> (0x000000008d4401d0) thrown at [./src/hotspot/share/prims/jni.cpp, line 616]
Event: 23.145 Thread 0x000001f843d9e800 Exception <a 'java/lang/NoSuchMethodError'{0x000000008c95e420}: 'int java.lang.invoke.DirectMethodHandle$Holder.invokeSpecialIFC(java.lang.Object, java.lang.Object, java.lang.Object)'> (0x000000008c95e420) thrown at [./src/hotspot/share/interpreter/linkResolver.cpp, line 773]
Event: 23.318 Thread 0x000001f843d9e800 Exception <a 'java/lang/NoSuchMethodError'{0x000000008c67f7d8}: 'java.lang.Object java.lang.invoke.Invokers$Holder.linkToTargetMethod(java.lang.Object, java.lang.Object, java.lang.Object, int, java.lang.Object, java.lang.Object)'> (0x000000008c67f7d8) thrown at [./src/hotspot/share/interpreter/linkResolver.cpp, line 773]
Event: 23.845 Thread 0x000001f843d9e800 Exception <a 'java/lang/NoSuchMethodError'{0x000000008b7f2d90}: 'void java.lang.invoke.DirectMethodHandle$Holder.invokeStatic(java.lang.Object, java.lang.Object, java.lang.Object, java.lang.Object, int, java.lang.Object, java.lang.Object)'> (0x000000008b7f2d90) thrown at [./src/hotspot/share/interpreter/linkResolver.cpp, line 773]
Event: 23.868 Thread 0x000001f843d9e800 Exception <a 'java/lang/IncompatibleClassChangeError'{0x000000008b5b8c68}: Found class java.lang.Object, but interface was expected> (0x000000008b5b8c68) thrown at [./src/hotspot/share/interpreter/linkResolver.cpp, line 839]
Event: 24.150 Thread 0x000001f84602e800 Exception <a 'java/lang/IncompatibleClassChangeError'{0x000000008b074818}: Found class java.lang.Object, but interface was expected> (0x000000008b074818) thrown at [./src/hotspot/share/interpreter/linkResolver.cpp, line 839]
Event: 24.336 Thread 0x000001f84602e800 Exception <a 'java/lang/NoSuchMethodError'{0x000000008d907608}: 'void java.lang.invoke.DirectMethodHandle$Holder.invokeVirtual(java.lang.Object, java.lang.Object)'> (0x000000008d907608) thrown at [./src/hotspot/share/interpreter/linkResolver.cpp, line 773]
Event: 25.868 Thread 0x000001f84602e800 Exception <a 'java/lang/NoSuchMethodError'{0x000000008cb0e668}: 'java.lang.Object java.lang.invoke.DirectMethodHandle$Holder.newInvokeSpecial(java.lang.Object, java.lang.Object, java.lang.Object, java.lang.Object)'> (0x000000008cb0e668) thrown at [./src/hotspot/share/interpreter/linkResolver.cpp, line 773]
Event: 26.640 Thread 0x000001f843d9e800 Exception <a 'java/lang/NoSuchMethodError'{0x000000008c3e6430}: 'java.lang.Object java.lang.invoke.DirectMethodHandle$Holder.newInvokeSpecial(java.lang.Object, int)'> (0x000000008c3e6430) thrown at [./src/hotspot/share/interpreter/linkResolver.cpp, line 773]
Event: 26.970 Thread 0x000001f843d9e800 Exception <a 'java/lang/NoSuchMethodError'{0x000000008bca1108}: 'java.lang.Object java.lang.invoke.DirectMethodHandle$Holder.invokeStaticInit(java.lang.Object, java.lang.Object, java.lang.Object, java.lang.Object, java.lang.Object, java.lang.Object, java.lang.Object, java.lang.Object, java.lang.Object, java.lang.Object, java.lang.Object, java.lang.Object, java.lang.Object, java.lang.Object, java.lang.Object, java.lang.Object, java.lang.Object, java.lang.Object, int, java.lang.Object, java.lang.Object)'> (0
Event: 27.311 Thread 0x000001f843d9e800 Exception <a 'java/lang/NoSuchMethodError'{0x000000008d7432e0}: 'java.lang.Object java.lang.invoke.DirectMethodHandle$Holder.invokeStatic(java.lang.Object, int, java.lang.Object, java.lang.Object)'> (0x000000008d7432e0) thrown at [./src/hotspot/share/interpreter/linkResolver.cpp, line 773]
Event: 27.942 Thread 0x000001f84602e000 Implicit null exception at 0x000001f833008ef4 to 0x000001f833009508
Event: 27.942 Thread 0x000001f846031000 Implicit null exception at 0x000001f833008ef4 to 0x000001f833009508
Event: 27.942 Thread 0x000001f843d9e800 Implicit null exception at 0x000001f833008ef4 to 0x000001f833009508
Event: 28.193 Thread 0x000001f84602e000 Exception <a 'sun/nio/fs/WindowsException'{0x000000008c5c8698}> (0x000000008c5c8698) thrown at [./src/hotspot/share/prims/jni.cpp, line 616]

Events (20 events):
Event: 29.770 loading class org/gradle/internal/component/external/model/VariantMetadataRules$VariantAction
Event: 29.770 loading class org/gradle/internal/component/external/model/VariantMetadataRules$VariantAction done
Event: 29.771 loading class org/gradle/internal/component/model/VariantAttributesRules
Event: 29.771 loading class org/gradle/internal/component/model/VariantAttributesRules done
Event: 29.771 loading class com/android/ide/gradle/model/artifacts/samples/SamplesVariantRule$execute$1$2
Event: 29.771 loading class com/android/ide/gradle/model/artifacts/samples/SamplesVariantRule$execute$1$2 done
Event: 29.771 Executing VM operation: RevokeBias
Event: 29.771 Executing VM operation: RevokeBias done
Event: 29.771 Executing VM operation: RevokeBias
Event: 29.772 Executing VM operation: RevokeBias done
Event: 29.772 Executing VM operation: RevokeBias
Event: 29.772 Executing VM operation: RevokeBias done
Event: 29.772 loading class org/gradle/internal/component/model/VariantFilesRules
Event: 29.772 loading class org/gradle/internal/component/model/VariantFilesRules done
Event: 29.773 loading class org/gradle/internal/component/external/model/ivy/DefaultIvyModuleResolveMetadata
Event: 29.773 loading class org/gradle/internal/component/external/model/ivy/DefaultIvyModuleResolveMetadata done
Event: 29.775 loading class org/gradle/internal/component/external/model/maven/RealisedMavenModuleResolveMetadata
Event: 29.775 loading class org/gradle/internal/component/external/model/maven/RealisedMavenModuleResolveMetadata done
Event: 29.777 loading class org/gradle/internal/component/external/model/AbstractRealisedModuleComponentResolveMetadata
Event: 29.777 loading class org/gradle/internal/component/external/model/AbstractRealisedModuleComponentResolveMetadata done


Dynamic libraries:
0x00007ff7a8310000 - 0x00007ff7a831a000 	C:\Program Files\Android\Android Studio\jre\bin\java.exe
0x00007ff9ce070000 - 0x00007ff9ce268000 	C:\WINDOWS\SYSTEM32\ntdll.dll
0x00007ff9cc8d0000 - 0x00007ff9cc98d000 	C:\WINDOWS\System32\KERNEL32.DLL
0x00007ff9cb850000 - 0x00007ff9cbb22000 	C:\WINDOWS\System32\KERNELBASE.dll
0x00007ff9cbc90000 - 0x00007ff9cbd90000 	C:\WINDOWS\System32\ucrtbase.dll
0x00007ff9c78e0000 - 0x00007ff9c78f9000 	C:\Program Files\Android\Android Studio\jre\bin\jli.dll
0x00007ff9c78c0000 - 0x00007ff9c78d7000 	C:\Program Files\Android\Android Studio\jre\bin\VCRUNTIME140.dll
0x00007ff9cddf0000 - 0x00007ff9cdf8d000 	C:\WINDOWS\System32\USER32.dll
0x00007ff9cbe00000 - 0x00007ff9cbe22000 	C:\WINDOWS\System32\win32u.dll
0x00007ff9bbec0000 - 0x00007ff9bc15a000 	C:\WINDOWS\WinSxS\amd64_microsoft.windows.common-controls_6595b64144ccf1df_6.0.19041.1110_none_60b5254171f9507e\COMCTL32.dll
0x00007ff9ccd90000 - 0x00007ff9ccdbb000 	C:\WINDOWS\System32\GDI32.dll
0x00007ff9cc400000 - 0x00007ff9cc49e000 	C:\WINDOWS\System32\msvcrt.dll
0x00007ff9cbb30000 - 0x00007ff9cbc3f000 	C:\WINDOWS\System32\gdi32full.dll
0x00007ff9cb7b0000 - 0x00007ff9cb84d000 	C:\WINDOWS\System32\msvcp_win.dll
0x00007ff9cc620000 - 0x00007ff9cc650000 	C:\WINDOWS\System32\IMM32.DLL
0x00007ff9beff0000 - 0x00007ff9bf08d000 	C:\Program Files\Android\Android Studio\jre\bin\msvcp140.dll
0x00007ff998600000 - 0x00007ff999102000 	C:\Program Files\Android\Android Studio\jre\bin\server\jvm.dll
0x00007ff9cc570000 - 0x00007ff9cc61e000 	C:\WINDOWS\System32\ADVAPI32.dll
0x00007ff9cccf0000 - 0x00007ff9ccd8c000 	C:\WINDOWS\System32\sechost.dll
0x00007ff9cc7a0000 - 0x00007ff9cc8c5000 	C:\WINDOWS\System32\RPCRT4.dll
0x00007ff9cdfa0000 - 0x00007ff9cdfa8000 	C:\WINDOWS\System32\PSAPI.DLL
0x00007ff9c47c0000 - 0x00007ff9c47c9000 	C:\WINDOWS\SYSTEM32\WSOCK32.dll
0x00007ff9ab600000 - 0x00007ff9ab627000 	C:\WINDOWS\SYSTEM32\WINMM.dll
0x00007ff9cc650000 - 0x00007ff9cc6bb000 	C:\WINDOWS\System32\WS2_32.dll
0x00007ff9c3ce0000 - 0x00007ff9c3cea000 	C:\WINDOWS\SYSTEM32\VERSION.dll
0x00007ff9c9580000 - 0x00007ff9c9592000 	C:\WINDOWS\SYSTEM32\kernel.appcore.dll
0x00007ff9be590000 - 0x00007ff9be5a1000 	C:\Program Files\Android\Android Studio\jre\bin\verify.dll
0x00007ff9baa00000 - 0x00007ff9babe4000 	C:\WINDOWS\SYSTEM32\DBGHELP.DLL
0x00007ff9ba9d0000 - 0x00007ff9ba9fc000 	C:\WINDOWS\SYSTEM32\dbgcore.DLL
0x00007ff9cbe30000 - 0x00007ff9cbeb2000 	C:\WINDOWS\System32\bcryptPrimitives.dll
0x00007ff9b3f10000 - 0x00007ff9b3f39000 	C:\Program Files\Android\Android Studio\jre\bin\java.dll
0x00007ff9c4130000 - 0x00007ff9c413b000 	C:\Program Files\Android\Android Studio\jre\bin\jimage.dll
0x00007ff9b3ef0000 - 0x00007ff9b3f08000 	C:\Program Files\Android\Android Studio\jre\bin\zip.dll
0x00007ff9cd6a0000 - 0x00007ff9cdde3000 	C:\WINDOWS\System32\SHELL32.dll
0x00007ff9c9860000 - 0x00007ff9c9ff1000 	C:\WINDOWS\SYSTEM32\windows.storage.dll
0x00007ff9cc990000 - 0x00007ff9ccce4000 	C:\WINDOWS\System32\combase.dll
0x00007ff9cb100000 - 0x00007ff9cb130000 	C:\WINDOWS\SYSTEM32\Wldp.dll
0x00007ff9cc350000 - 0x00007ff9cc3fd000 	C:\WINDOWS\System32\SHCORE.dll
0x00007ff9cc2f0000 - 0x00007ff9cc345000 	C:\WINDOWS\System32\shlwapi.dll
0x00007ff9cb6c0000 - 0x00007ff9cb6df000 	C:\WINDOWS\SYSTEM32\profapi.dll
0x00007ff9b0a80000 - 0x00007ff9b0a9a000 	C:\Program Files\Android\Android Studio\jre\bin\net.dll
0x00007ff9c3f10000 - 0x00007ff9c401d000 	C:\WINDOWS\SYSTEM32\WINHTTP.dll
0x00007ff9cae60000 - 0x00007ff9caeca000 	C:\WINDOWS\system32\mswsock.dll
0x00007ff9aebc0000 - 0x00007ff9aebd4000 	C:\Program Files\Android\Android Studio\jre\bin\nio.dll
0x00007ff9aad60000 - 0x00007ff9aad87000 	C:\Users\Tan\.gradle\native\e1d6ef7f7dcc3fd88c89a11ec53ec762bb8ba0a96d01ffa2cd45eb1d1d8dd5c5\windows-amd64\native-platform.dll
0x00007ff9b4100000 - 0x00007ff9b4244000 	C:\Users\Tan\.gradle\native\0d407fdbe67a94daf76414ababcb853783967236a71b16ec16e742cd7a986fd3\windows-amd64\native-platform-file-events.dll
0x00007ff9c0840000 - 0x00007ff9c084a000 	C:\Program Files\Android\Android Studio\jre\bin\management.dll
0x00007ff9bfc40000 - 0x00007ff9bfc4d000 	C:\Program Files\Android\Android Studio\jre\bin\management_ext.dll
0x00007ff9cb060000 - 0x00007ff9cb078000 	C:\WINDOWS\SYSTEM32\CRYPTSP.dll
0x00007ff9ca780000 - 0x00007ff9ca7b4000 	C:\WINDOWS\system32\rsaenh.dll
0x00007ff9cb780000 - 0x00007ff9cb7a7000 	C:\WINDOWS\System32\bcrypt.dll
0x00007ff9cb640000 - 0x00007ff9cb66e000 	C:\WINDOWS\SYSTEM32\USERENV.dll
0x00007ff9cb050000 - 0x00007ff9cb05c000 	C:\WINDOWS\SYSTEM32\CRYPTBASE.dll
0x00007ff9cab50000 - 0x00007ff9cab8b000 	C:\WINDOWS\SYSTEM32\IPHLPAPI.DLL
0x00007ff9cdf90000 - 0x00007ff9cdf98000 	C:\WINDOWS\System32\NSI.dll
0x00007ff9c5010000 - 0x00007ff9c5027000 	C:\WINDOWS\SYSTEM32\dhcpcsvc6.DLL
0x00007ff9c5030000 - 0x00007ff9c504d000 	C:\WINDOWS\SYSTEM32\dhcpcsvc.DLL
0x00007ff9cab90000 - 0x00007ff9cac5a000 	C:\WINDOWS\SYSTEM32\DNSAPI.dll
0x00007ff9acb50000 - 0x00007ff9acb77000 	C:\Program Files\Android\Android Studio\jre\bin\sunec.dll
0x00007ff9c3390000 - 0x00007ff9c339a000 	C:\Windows\System32\rasadhlp.dll
0x00007ff9c3e90000 - 0x00007ff9c3f10000 	C:\WINDOWS\System32\fwpuclnt.dll

dbghelp: loaded successfully - version: 4.0.5 - missing functions: none
symbol engine: initialized successfully - sym options: 0x614 - pdb path: .;C:\Program Files\Android\Android Studio\jre\bin;C:\WINDOWS\SYSTEM32;C:\WINDOWS\WinSxS\amd64_microsoft.windows.common-controls_6595b64144ccf1df_6.0.19041.1110_none_60b5254171f9507e;C:\Program Files\Android\Android Studio\jre\bin\server;C:\Users\Tan\.gradle\native\e1d6ef7f7dcc3fd88c89a11ec53ec762bb8ba0a96d01ffa2cd45eb1d1d8dd5c5\windows-amd64;C:\Users\Tan\.gradle\native\0d407fdbe67a94daf76414ababcb853783967236a71b16ec16e742cd7a986fd3\windows-amd64

VM Arguments:
jvm_args: --add-opens=java.base/java.util=ALL-UNNAMED --add-opens=java.base/java.lang=ALL-UNNAMED --add-opens=java.base/java.lang.invoke=ALL-UNNAMED --add-opens=java.base/java.util=ALL-UNNAMED --add-opens=java.prefs/java.util.prefs=ALL-UNNAMED --add-opens=java.prefs/java.util.prefs=ALL-UNNAMED --add-opens=java.base/java.nio.charset=ALL-UNNAMED --add-opens=java.base/java.net=ALL-UNNAMED --add-opens=java.base/java.util.concurrent.atomic=ALL-UNNAMED -Xmx2048m -Dfile.encoding=UTF-8 -Duser.country=CO -Duser.language=es -Duser.variant 
java_command: org.gradle.launcher.daemon.bootstrap.GradleDaemon 7.4
java_class_path (initial): C:\Users\Tan\.gradle\wrapper\dists\gradle-7.4-bin\c0gwcg53nkjbqw7r0h0umtfvt\gradle-7.4\lib\gradle-launcher-7.4.jar
Launcher Type: SUN_STANDARD

[Global flags]
     intx CICompilerCount                          = 3                                         {product} {ergonomic}
     uint ConcGCThreads                            = 1                                         {product} {ergonomic}
     uint G1ConcRefinementThreads                  = 4                                         {product} {ergonomic}
   size_t G1HeapRegionSize                         = 1048576                                   {product} {ergonomic}
    uintx GCDrainStackTargetSize                   = 64                                        {product} {ergonomic}
   size_t InitialHeapSize                          = 67108864                                  {product} {ergonomic}
   size_t MarkStackSize                            = 4194304                                   {product} {ergonomic}
   size_t MaxHeapSize                              = 2147483648                                {product} {command line}
   size_t MaxNewSize                               = 1287651328                                {product} {ergonomic}
   size_t MinHeapDeltaBytes                        = 1048576                                   {product} {ergonomic}
    uintx NonNMethodCodeHeapSize                   = 5830732                                {pd product} {ergonomic}
    uintx NonProfiledCodeHeapSize                  = 122913754                              {pd product} {ergonomic}
    uintx ProfiledCodeHeapSize                     = 122913754                              {pd product} {ergonomic}
    uintx ReservedCodeCacheSize                    = 251658240                              {pd product} {ergonomic}
     bool SegmentedCodeCache                       = true                                      {product} {ergonomic}
     bool UseCompressedClassPointers               = true                                 {lp64_product} {ergonomic}
     bool UseCompressedOops                        = true                                 {lp64_product} {ergonomic}
     bool UseG1GC                                  = true                                      {product} {ergonomic}
     bool UseLargePagesIndividualAllocation        = false                                  {pd product} {ergonomic}

Logging:
Log output configuration:
 #0: stdout all=warning uptime,level,tags
 #1: stderr all=off uptime,level,tags

Environment Variables:
PATH=C:\ProgramData\Oracle\Java\javapath;C:\WINDOWS\system32;C:\WINDOWS;C:\WINDOWS\System32\Wbem;C:\WINDOWS\System32\WindowsPowerShell\v1.0\;C:\WINDOWS\System32\OpenSSH\;C:\Program Files\dotnet\;C:\Users\Tan\AppData\Local\Microsoft\WindowsApps;
USERNAME=Tan
OS=Windows_NT
PROCESSOR_IDENTIFIER=Intel64 Family 6 Model 60 Stepping 3, GenuineIntel



---------------  S Y S T E M  ---------------

OS: Windows 10 , 64 bit Build 19041 (10.0.19041.1889)
OS uptime: 0 days 18:39 hours

CPU:total 4 (initial active 4) (2 cores per cpu, 2 threads per core) family 6 model 60 stepping 3 microcode 0x27, cmov, cx8, fxsr, mmx, sse, sse2, sse3, ssse3, sse4.1, sse4.2, popcnt, avx, avx2, aes, clmul, erms, lzcnt, ht, tsc, tscinvbit, bmi1, bmi2, fma

Memory: 4k page, system-wide physical 3974M (308M free)
TotalPageFile size 5474M (AvailPageFile size 1M)
current process WorkingSet (physical memory assigned to process): 440M, peak: 465M
current process commit charge ("private bytes"): 507M, peak: 508M

vm_info: OpenJDK 64-Bit Server VM (11.0.13+0-b1751.21-8125866) for windows-amd64 JRE (11.0.13+0-b1751.21-8125866), built on Feb  2 2022 03:00:22 by "builder" with MS VC++ 14.0 (VS2015)

END.
