#
# There is insufficient memory for the Java Runtime Environment to continue.
# Native memory allocation (mmap) failed to map 44040192 bytes for Failed to commit area from 0x000000008ce00000 to 0x000000008f800000 of length 44040192.
# Possible reasons:
#   The system is out of physical RAM or swap space
#   The process is running with CompressedOops enabled, and the Java Heap may be blocking the growth of the native heap
# Possible solutions:
#   Reduce memory load on the system
#   Increase physical memory or swap space
#   Check if swap backing store is full
#   Decrease Java heap size (-Xmx/-Xms)
#   Decrease number of Java threads
#   Decrease Java thread stack sizes (-Xss)
#   Set larger code cache with -XX:ReservedCodeCacheSize=
#   JVM is running with Unscaled Compressed Oops mode in which the Java heap is
#     placed in the first 4GB address space. The Java Heap base address is the
#     maximum limit for the native heap growth. Please use -XX:HeapBaseMinAddress
#     to set the Java Heap base and to place the Java Heap above 4GB virtual address.
# This output file may be truncated or incomplete.
#
#  Out of Memory Error (./src/hotspot/os/windows/os_windows.cpp:3619), pid=5224, tid=2276
#
# JRE version: OpenJDK Runtime Environment (11.0.13) (build 11.0.13+0-b1751.21-8125866)
# Java VM: OpenJDK 64-Bit Server VM (11.0.13+0-b1751.21-8125866, mixed mode, tiered, compressed oops, g1 gc, windows-amd64)
# No core dump will be written. Minidumps are not enabled by default on client versions of Windows
#

---------------  S U M M A R Y ------------

Command Line: --add-opens=java.base/java.util=ALL-UNNAMED --add-opens=java.base/java.lang=ALL-UNNAMED --add-opens=java.base/java.lang.invoke=ALL-UNNAMED --add-opens=java.base/java.util=ALL-UNNAMED --add-opens=java.prefs/java.util.prefs=ALL-UNNAMED --add-opens=java.prefs/java.util.prefs=ALL-UNNAMED --add-opens=java.base/java.nio.charset=ALL-UNNAMED --add-opens=java.base/java.net=ALL-UNNAMED --add-opens=java.base/java.util.concurrent.atomic=ALL-UNNAMED -Xmx2048m -Dfile.encoding=UTF-8 -Duser.country=CO -Duser.language=es -Duser.variant org.gradle.launcher.daemon.bootstrap.GradleDaemon 7.4

Host: Intel(R) Core(TM) i3-4160 CPU @ 3.60GHz, 4 cores, 3G,  Windows 10 , 64 bit Build 19041 (10.0.19041.1889)
Time: Sun Oct 30 16:59:08 2022 Hora est. Pacífico, Sudamérica elapsed time: 15.212292 seconds (0d 0h 0m 15s)

---------------  T H R E A D  ---------------

Current thread (0x000001e0960b4000):  VMThread "VM Thread" [stack: 0x0000003cada00000,0x0000003cadb00000] [id=2276]

Stack: [0x0000003cada00000,0x0000003cadb00000]
[error occurred during error reporting (printing stack bounds), id 0xc0000005, EXCEPTION_ACCESS_VIOLATION (0xc0000005) at pc=0x000001e08000112d]

Native frames: (J=compiled Java code, j=interpreted, Vv=VM code, C=native code)
V  [jvm.dll+0x6100fa]
V  [jvm.dll+0x747090]
V  [jvm.dll+0x7486ad]
V  [jvm.dll+0x748ce5]
V  [jvm.dll+0x748c9b]
V  [jvm.dll+0x60f224]
V  [jvm.dll+0x60f9b8]
C  [ntdll.dll+0xa241f]
C  [ntdll.dll+0x514a4]
C  [ntdll.dll+0xa0f4e]
C  0x000001e08000112d

VM_Operation (0x0000003caedf6180): G1CollectForAllocation, mode: safepoint, requested by thread 0x000001e098624000


---------------  P R O C E S S  ---------------

Threads class SMR info:
_java_thread_list=0x000001e097ee49d0, length=80, elements={
0x000001e0fa52a800, 0x000001e0960bb000, 0x000001e0960c4000, 0x000001e096117800,
0x000001e096119800, 0x000001e09611c000, 0x000001e096121000, 0x000001e09612d000,
0x000001e096130800, 0x000001e096bbb800, 0x000001e0974d4800, 0x000001e09843b800,
0x000001e099216000, 0x000001e0985e8000, 0x000001e098d34000, 0x000001e099944800,
0x000001e098624000, 0x000001e099b72800, 0x000001e099b73800, 0x000001e09922a800,
0x000001e098d0d000, 0x000001e098d11000, 0x000001e098d0c000, 0x000001e098d11800,
0x000001e098d0d800, 0x000001e098d10000, 0x000001e098d12800, 0x000001e098d0e800,
0x000001e098d0f000, 0x000001e09c0a5000, 0x000001e09c0a3000, 0x000001e09c0a8000,
0x000001e09c0a4000, 0x000001e09c0a5800, 0x000001e09c0ab800, 0x000001e09c0ae800,
0x000001e09c0ac000, 0x000001e09c0ad000, 0x000001e09c0a9000, 0x000001e09c0ae000,
0x000001e09c0af800, 0x000001e09c0a9800, 0x000001e09c0b0800, 0x000001e09c0b1000,
0x000001e09c0b2000, 0x000001e09df02000, 0x000001e09defe800, 0x000001e09deff800,
0x000001e09df00000, 0x000001e09defd000, 0x000001e09defd800, 0x000001e09df05000,
0x000001e09df06800, 0x000001e09df01000, 0x000001e09df06000, 0x000001e09df08800,
0x000001e09df04000, 0x000001e09df07800, 0x000001e09df02800, 0x000001e09df03800,
0x000001e09df09000, 0x000001e09df0a000, 0x000001e09df0b800, 0x000001e09df0a800,
0x000001e097e55000, 0x000001e097e54800, 0x000001e097e57800, 0x000001e097e58800,
0x000001e097e59000, 0x000001e097e53800, 0x000001e097e57000, 0x000001e097e5a000,
0x000001e097e5b000, 0x000001e097e5b800, 0x000001e097e56000, 0x000001e097e60000,
0x000001e097e5c800, 0x000001e097e60800, 0x000001e097e5e000, 0x000001e097e61800
}

Java Threads: ( => current thread )
  0x000001e0fa52a800 JavaThread "main" [_thread_blocked, id=9964, stack(0x0000003cad400000,0x0000003cad500000)]
  0x000001e0960bb000 JavaThread "Reference Handler" daemon [_thread_blocked, id=1640, stack(0x0000003cadb00000,0x0000003cadc00000)]
  0x000001e0960c4000 JavaThread "Finalizer" daemon [_thread_blocked, id=9208, stack(0x0000003cadc00000,0x0000003cadd00000)]
  0x000001e096117800 JavaThread "Signal Dispatcher" daemon [_thread_blocked, id=11580, stack(0x0000003cadd00000,0x0000003cade00000)]
  0x000001e096119800 JavaThread "Attach Listener" daemon [_thread_blocked, id=11876, stack(0x0000003cade00000,0x0000003cadf00000)]
  0x000001e09611c000 JavaThread "Service Thread" daemon [_thread_blocked, id=7820, stack(0x0000003cadf00000,0x0000003cae000000)]
  0x000001e096121000 JavaThread "C2 CompilerThread0" daemon [_thread_blocked, id=6472, stack(0x0000003cae000000,0x0000003cae100000)]
  0x000001e09612d000 JavaThread "C1 CompilerThread0" daemon [_thread_blocked, id=8532, stack(0x0000003cae100000,0x0000003cae200000)]
  0x000001e096130800 JavaThread "Sweeper thread" daemon [_thread_blocked, id=8476, stack(0x0000003cae200000,0x0000003cae300000)]
  0x000001e096bbb800 JavaThread "Common-Cleaner" daemon [_thread_blocked, id=11008, stack(0x0000003cae300000,0x0000003cae400000)]
  0x000001e0974d4800 JavaThread "Daemon health stats" [_thread_blocked, id=3992, stack(0x0000003cae700000,0x0000003cae800000)]
  0x000001e09843b800 JavaThread "Incoming local TCP Connector on port 59919" [_thread_in_native, id=11796, stack(0x0000003cae800000,0x0000003cae900000)]
  0x000001e099216000 JavaThread "Daemon periodic checks" [_thread_blocked, id=9256, stack(0x0000003cae900000,0x0000003caea00000)]
  0x000001e0985e8000 JavaThread "Daemon" [_thread_blocked, id=8092, stack(0x0000003caea00000,0x0000003caeb00000)]
  0x000001e098d34000 JavaThread "Handler for socket connection from /127.0.0.1:59919 to /127.0.0.1:59920" [_thread_in_native, id=4356, stack(0x0000003caeb00000,0x0000003caec00000)]
  0x000001e099944800 JavaThread "Cancel handler" [_thread_blocked, id=9716, stack(0x0000003caec00000,0x0000003caed00000)]
  0x000001e098624000 JavaThread "Daemon worker" [_thread_blocked, id=2948, stack(0x0000003caed00000,0x0000003caee00000)]
  0x000001e099b72800 JavaThread "Asynchronous log dispatcher for DefaultDaemonConnection: socket connection from /127.0.0.1:59919 to /127.0.0.1:59920" [_thread_blocked, id=7728, stack(0x0000003caf000000,0x0000003caf100000)]
  0x000001e099b73800 JavaThread "Stdin handler" [_thread_blocked, id=10756, stack(0x0000003caf100000,0x0000003caf200000)]
  0x000001e09922a800 JavaThread "Daemon client event forwarder" [_thread_blocked, id=1084, stack(0x0000003caf200000,0x0000003caf300000)]
  0x000001e098d0d000 JavaThread "Cache worker for journal cache (C:\Users\Tan\.gradle\caches\journal-1)" [_thread_blocked, id=6408, stack(0x0000003caf300000,0x0000003caf400000)]
  0x000001e098d11000 JavaThread "File lock request listener" [_thread_in_native, id=1916, stack(0x0000003caf400000,0x0000003caf500000)]
  0x000001e098d0c000 JavaThread "Cache worker for file hash cache (C:\Users\Tan\.gradle\caches\7.4\fileHashes)" [_thread_blocked, id=2732, stack(0x0000003caf500000,0x0000003caf600000)]
  0x000001e098d11800 JavaThread "File watcher server" daemon [_thread_in_native, id=11520, stack(0x0000003caf600000,0x0000003caf700000)]
  0x000001e098d0d800 JavaThread "File watcher consumer" daemon [_thread_blocked, id=4900, stack(0x0000003caf700000,0x0000003caf800000)]
  0x000001e098d10000 JavaThread "jar transforms" [_thread_blocked, id=7972, stack(0x0000003caf800000,0x0000003caf900000)]
  0x000001e098d12800 JavaThread "jar transforms Thread 2" [_thread_blocked, id=6504, stack(0x0000003caf900000,0x0000003cafa00000)]
  0x000001e098d0e800 JavaThread "jar transforms Thread 3" [_thread_blocked, id=7184, stack(0x0000003cafa00000,0x0000003cafb00000)]
  0x000001e098d0f000 JavaThread "jar transforms Thread 4" [_thread_blocked, id=4716, stack(0x0000003cafb00000,0x0000003cafc00000)]
  0x000001e09c0a5000 JavaThread "Cache worker for checksums cache (C:\Users\Tan\AndroidStudioProjects\Calculadora\.gradle\7.4\checksums)" [_thread_blocked, id=5240, stack(0x0000003cafc00000,0x0000003cafd00000)]
  0x000001e09c0a3000 JavaThread "Cache worker for cache directory md-rule (C:\Users\Tan\.gradle\caches\7.4\md-rule)" [_thread_blocked, id=7788, stack(0x0000003cafd00000,0x0000003cafe00000)]
  0x000001e09c0a8000 JavaThread "Cache worker for file hash cache (C:\Users\Tan\AndroidStudioProjects\Calculadora\.gradle\7.4\fileHashes)" [_thread_blocked, id=4168, stack(0x0000003cafe00000,0x0000003caff00000)]
  0x000001e09c0a4000 JavaThread "Cache worker for cache directory md-supplier (C:\Users\Tan\.gradle\caches\7.4\md-supplier)" [_thread_blocked, id=7740, stack(0x0000003caff00000,0x0000003cb0000000)]
  0x000001e09c0a5800 JavaThread "Cache worker for execution history cache (C:\Users\Tan\.gradle\caches\7.4\executionHistory)" [_thread_blocked, id=11752, stack(0x0000003cb0000000,0x0000003cb0100000)]
  0x000001e09c0ab800 JavaThread "Cache worker for file content cache (C:\Users\Tan\.gradle\caches\7.4\fileContent)" [_thread_blocked, id=7432, stack(0x0000003cb0100000,0x0000003cb0200000)]
  0x000001e09c0ae800 JavaThread "Cache worker for dependencies-accessors (C:\Users\Tan\AndroidStudioProjects\Calculadora\.gradle\7.4\dependencies-accessors)" [_thread_blocked, id=6796, stack(0x0000003cb0200000,0x0000003cb0300000)]
  0x000001e09c0ac000 JavaThread "Cache worker for Build Output Cleanup Cache (C:\Users\Tan\AndroidStudioProjects\Calculadora\.gradle\buildOutputCleanup)" [_thread_blocked, id=7464, stack(0x0000003cb0300000,0x0000003cb0400000)]
  0x000001e09c0ad000 JavaThread "Unconstrained build operations" [_thread_blocked, id=768, stack(0x0000003cb0400000,0x0000003cb0500000)]
  0x000001e09c0a9000 JavaThread "Unconstrained build operations Thread 2" [_thread_blocked, id=3832, stack(0x0000003cb0500000,0x0000003cb0600000)]
  0x000001e09c0ae000 JavaThread "Unconstrained build operations Thread 3" [_thread_blocked, id=10024, stack(0x0000003cb0600000,0x0000003cb0700000)]
  0x000001e09c0af800 JavaThread "Unconstrained build operations Thread 4" [_thread_blocked, id=11196, stack(0x0000003cb0700000,0x0000003cb0800000)]
  0x000001e09c0a9800 JavaThread "Unconstrained build operations Thread 5" [_thread_blocked, id=7796, stack(0x0000003cb0800000,0x0000003cb0900000)]
  0x000001e09c0b0800 JavaThread "Unconstrained build operations Thread 6" [_thread_blocked, id=9584, stack(0x0000003cb0900000,0x0000003cb0a00000)]
  0x000001e09c0b1000 JavaThread "Unconstrained build operations Thread 7" [_thread_blocked, id=4548, stack(0x0000003cb0a00000,0x0000003cb0b00000)]
  0x000001e09c0b2000 JavaThread "Unconstrained build operations Thread 8" [_thread_blocked, id=7844, stack(0x0000003cb0b00000,0x0000003cb0c00000)]
  0x000001e09df02000 JavaThread "Unconstrained build operations Thread 9" [_thread_blocked, id=9568, stack(0x0000003cb0c00000,0x0000003cb0d00000)]
  0x000001e09defe800 JavaThread "Unconstrained build operations Thread 10" [_thread_blocked, id=6928, stack(0x0000003cb0d00000,0x0000003cb0e00000)]
  0x000001e09deff800 JavaThread "Unconstrained build operations Thread 11" [_thread_blocked, id=2624, stack(0x0000003cb0e00000,0x0000003cb0f00000)]
  0x000001e09df00000 JavaThread "Unconstrained build operations Thread 12" [_thread_blocked, id=788, stack(0x0000003cb0f00000,0x0000003cb1000000)]
  0x000001e09defd000 JavaThread "Unconstrained build operations Thread 13" [_thread_blocked, id=10136, stack(0x0000003cb1000000,0x0000003cb1100000)]
  0x000001e09defd800 JavaThread "Unconstrained build operations Thread 14" [_thread_blocked, id=11628, stack(0x0000003cb1100000,0x0000003cb1200000)]
  0x000001e09df05000 JavaThread "Unconstrained build operations Thread 15" [_thread_blocked, id=11868, stack(0x0000003cb1200000,0x0000003cb1300000)]
  0x000001e09df06800 JavaThread "Unconstrained build operations Thread 16" [_thread_blocked, id=4760, stack(0x0000003cb1300000,0x0000003cb1400000)]
  0x000001e09df01000 JavaThread "Unconstrained build operations Thread 17" [_thread_blocked, id=2064, stack(0x0000003cb1400000,0x0000003cb1500000)]
  0x000001e09df06000 JavaThread "Unconstrained build operations Thread 18" [_thread_blocked, id=11736, stack(0x0000003cb1500000,0x0000003cb1600000)]
  0x000001e09df08800 JavaThread "Unconstrained build operations Thread 19" [_thread_blocked, id=10052, stack(0x0000003cb1600000,0x0000003cb1700000)]
  0x000001e09df04000 JavaThread "Unconstrained build operations Thread 20" [_thread_blocked, id=5164, stack(0x0000003cb1700000,0x0000003cb1800000)]
  0x000001e09df07800 JavaThread "Unconstrained build operations Thread 21" [_thread_blocked, id=9040, stack(0x0000003cb1800000,0x0000003cb1900000)]
  0x000001e09df02800 JavaThread "Unconstrained build operations Thread 22" [_thread_blocked, id=760, stack(0x0000003cb1900000,0x0000003cb1a00000)]
  0x000001e09df03800 JavaThread "Unconstrained build operations Thread 23" [_thread_blocked, id=4192, stack(0x0000003cb1a00000,0x0000003cb1b00000)]
  0x000001e09df09000 JavaThread "Unconstrained build operations Thread 24" [_thread_blocked, id=7408, stack(0x0000003cb1b00000,0x0000003cb1c00000)]
  0x000001e09df0a000 JavaThread "Unconstrained build operations Thread 25" [_thread_blocked, id=8360, stack(0x0000003cb1c00000,0x0000003cb1d00000)]
  0x000001e09df0b800 JavaThread "Unconstrained build operations Thread 26" [_thread_blocked, id=1040, stack(0x0000003cb1d00000,0x0000003cb1e00000)]
  0x000001e09df0a800 JavaThread "Unconstrained build operations Thread 27" [_thread_blocked, id=4892, stack(0x0000003cb1e00000,0x0000003cb1f00000)]
  0x000001e097e55000 JavaThread "Unconstrained build operations Thread 28" [_thread_blocked, id=4124, stack(0x0000003cb1f00000,0x0000003cb2000000)]
  0x000001e097e54800 JavaThread "Unconstrained build operations Thread 29" [_thread_blocked, id=8948, stack(0x0000003cb2000000,0x0000003cb2100000)]
  0x000001e097e57800 JavaThread "Unconstrained build operations Thread 30" [_thread_blocked, id=6944, stack(0x0000003cb2100000,0x0000003cb2200000)]
  0x000001e097e58800 JavaThread "Unconstrained build operations Thread 31" [_thread_blocked, id=6588, stack(0x0000003cb2200000,0x0000003cb2300000)]
  0x000001e097e59000 JavaThread "Unconstrained build operations Thread 32" [_thread_blocked, id=11544, stack(0x0000003cb2300000,0x0000003cb2400000)]
  0x000001e097e53800 JavaThread "Unconstrained build operations Thread 33" [_thread_blocked, id=4808, stack(0x0000003cb2400000,0x0000003cb2500000)]
  0x000001e097e57000 JavaThread "Unconstrained build operations Thread 34" [_thread_blocked, id=640, stack(0x0000003cb2500000,0x0000003cb2600000)]
  0x000001e097e5a000 JavaThread "Unconstrained build operations Thread 35" [_thread_blocked, id=376, stack(0x0000003cb2600000,0x0000003cb2700000)]
  0x000001e097e5b000 JavaThread "Unconstrained build operations Thread 36" [_thread_blocked, id=4256, stack(0x0000003cb2700000,0x0000003cb2800000)]
  0x000001e097e5b800 JavaThread "Unconstrained build operations Thread 37" [_thread_blocked, id=2996, stack(0x0000003cb2800000,0x0000003cb2900000)]
  0x000001e097e56000 JavaThread "Unconstrained build operations Thread 38" [_thread_blocked, id=108, stack(0x0000003cb2900000,0x0000003cb2a00000)]
  0x000001e097e60000 JavaThread "Unconstrained build operations Thread 39" [_thread_blocked, id=9888, stack(0x0000003cb2a00000,0x0000003cb2b00000)]
  0x000001e097e5c800 JavaThread "Unconstrained build operations Thread 40" [_thread_blocked, id=9020, stack(0x0000003cb2b00000,0x0000003cb2c00000)]
  0x000001e097e60800 JavaThread "Memory manager" [_thread_blocked, id=8828, stack(0x0000003cb2c00000,0x0000003cb2d00000)]
  0x000001e097e5e000 JavaThread "included builds" [_thread_blocked, id=10520, stack(0x0000003cae500000,0x0000003cae600000)]
  0x000001e097e61800 JavaThread "Cache worker for execution history cache (C:\Users\Tan\AndroidStudioProjects\Calculadora\.gradle\7.4\executionHistory)" [_thread_blocked, id=6072, stack(0x0000003cb3000000,0x0000003cb3100000)]

Other Threads:
=>0x000001e0960b4000 VMThread "VM Thread" [stack: 0x0000003cada00000,0x0000003cadb00000] [id=2276]
  0x000001e096bcc800 WatcherThread [stack: 0x0000003cae400000,0x0000003cae500000] [id=5100]
  0x000001e0fa543000 GCTaskThread "GC Thread#0" [stack: 0x0000003cad500000,0x0000003cad600000] [id=12052]
  0x000001e097723000 GCTaskThread "GC Thread#1" [stack: 0x0000003cae600000,0x0000003cae700000] [id=5712]
  0x000001e098bb1800 GCTaskThread "GC Thread#2" [stack: 0x0000003caee00000,0x0000003caef00000] [id=3944]
  0x000001e098bb2800 GCTaskThread "GC Thread#3" [stack: 0x0000003caef00000,0x0000003caf000000] [id=9084]
  0x000001e0fa575800 ConcurrentGCThread "G1 Main Marker" [stack: 0x0000003cad600000,0x0000003cad700000] [id=8604]
  0x000001e0fa577000 ConcurrentGCThread "G1 Conc#0" [stack: 0x0000003cad700000,0x0000003cad800000] [id=8652]
  0x000001e0fa5ce800 ConcurrentGCThread "G1 Refine#0" [stack: 0x0000003cad800000,0x0000003cad900000] [id=9164]
  0x000001e0fa5cf800 ConcurrentGCThread "G1 Young RemSet Sampling" [stack: 0x0000003cad900000,0x0000003cada00000] [id=11596]

Threads with active compile tasks:
C2 CompilerThread0  15242 7752   !   4       java.util.zip.ZipFile::getMetaInfEntryNames (106 bytes)

VM state:at safepoint (normal execution)

VM Mutex/Monitor currently owned by a thread:  ([mutex/lock_event])
[0x000001e0fa526840] Threads_lock - owner thread: 0x000001e0960b4000
[0x000001e0fa526450] Heap_lock - owner thread: 0x000001e098624000

Heap address: 0x0000000080000000, size: 2048 MB, Compressed Oops mode: 32-bit
Narrow klass base: 0x0000000000000000, Narrow klass shift: 3
Compressed class space size: 1073741824 Address: 0x0000000100000000

Heap:
 garbage-first heap   total 253952K, used 130208K [0x0000000080000000, 0x0000000100000000)
  region size 1024K, 2 young (2048K), 2 survivors (2048K)
 Metaspace       used 78154K, capacity 80232K, committed 80560K, reserved 1118208K
  class space    used 10153K, capacity 10914K, committed 11008K, reserved 1048576K
Heap Regions: E=young(eden), S=young(survivor), O=old, HS=humongous(starts), HC=humongous(continues), CS=collection set, F=free, A=archive, TAMS=top-at-mark-start (previous, next)
|   0|0x0000000080000000, 0x0000000080100000, 0x0000000080100000|100%|HS|  |TAMS 0x0000000080100000, 0x0000000080100000| Complete 
|   1|0x0000000080100000, 0x0000000080200000, 0x0000000080200000|100%|HC|  |TAMS 0x0000000080200000, 0x0000000080200000| Complete 
|   2|0x0000000080200000, 0x0000000080300000, 0x0000000080300000|100%|HC|  |TAMS 0x0000000080300000, 0x0000000080300000| Complete 
|   3|0x0000000080300000, 0x0000000080400000, 0x0000000080400000|100%| O|  |TAMS 0x0000000080400000, 0x0000000080400000| Untracked 
|   4|0x0000000080400000, 0x0000000080500000, 0x0000000080500000|100%| O|  |TAMS 0x0000000080500000, 0x0000000080500000| Untracked 
|   5|0x0000000080500000, 0x0000000080600000, 0x0000000080600000|100%| O|  |TAMS 0x0000000080600000, 0x0000000080600000| Untracked 
|   6|0x0000000080600000, 0x0000000080700000, 0x0000000080700000|100%| O|  |TAMS 0x0000000080700000, 0x0000000080700000| Untracked 
|   7|0x0000000080700000, 0x0000000080800000, 0x0000000080800000|100%| O|  |TAMS 0x0000000080800000, 0x0000000080800000| Untracked 
|   8|0x0000000080800000, 0x0000000080900000, 0x0000000080900000|100%| O|  |TAMS 0x0000000080900000, 0x0000000080900000| Untracked 
|   9|0x0000000080900000, 0x0000000080a00000, 0x0000000080a00000|100%| O|  |TAMS 0x0000000080a00000, 0x0000000080a00000| Untracked 
|  10|0x0000000080a00000, 0x0000000080b00000, 0x0000000080b00000|100%| O|  |TAMS 0x0000000080b00000, 0x0000000080b00000| Untracked 
|  11|0x0000000080b00000, 0x0000000080c00000, 0x0000000080c00000|100%| O|  |TAMS 0x0000000080c00000, 0x0000000080c00000| Untracked 
|  12|0x0000000080c00000, 0x0000000080d00000, 0x0000000080d00000|100%| O|  |TAMS 0x0000000080d00000, 0x0000000080d00000| Untracked 
|  13|0x0000000080d00000, 0x0000000080e00000, 0x0000000080e00000|100%| O|  |TAMS 0x0000000080e00000, 0x0000000080e00000| Untracked 
|  14|0x0000000080e00000, 0x0000000080f00000, 0x0000000080f00000|100%| O|  |TAMS 0x0000000080f00000, 0x0000000080f00000| Untracked 
|  15|0x0000000080f00000, 0x0000000081000000, 0x0000000081000000|100%| O|  |TAMS 0x0000000081000000, 0x0000000081000000| Untracked 
|  16|0x0000000081000000, 0x0000000081100000, 0x0000000081100000|100%|HS|  |TAMS 0x0000000081100000, 0x0000000081100000| Complete 
|  17|0x0000000081100000, 0x0000000081200000, 0x0000000081200000|100%|HC|  |TAMS 0x0000000081200000, 0x0000000081200000| Complete 
|  18|0x0000000081200000, 0x0000000081300000, 0x0000000081300000|100%|HS|  |TAMS 0x0000000081300000, 0x0000000081300000| Complete 
|  19|0x0000000081300000, 0x0000000081400000, 0x0000000081400000|100%|HC|  |TAMS 0x0000000081400000, 0x0000000081400000| Complete 
|  20|0x0000000081400000, 0x0000000081500000, 0x0000000081500000|100%|HC|  |TAMS 0x0000000081500000, 0x0000000081500000| Complete 
|  21|0x0000000081500000, 0x0000000081600000, 0x0000000081600000|100%|HS|  |TAMS 0x0000000081600000, 0x0000000081600000| Complete 
|  22|0x0000000081600000, 0x0000000081700000, 0x0000000081700000|100%|HC|  |TAMS 0x0000000081700000, 0x0000000081700000| Complete 
|  23|0x0000000081700000, 0x0000000081800000, 0x0000000081800000|100%|HC|  |TAMS 0x0000000081800000, 0x0000000081800000| Complete 
|  24|0x0000000081800000, 0x0000000081900000, 0x0000000081900000|100%|HS|  |TAMS 0x0000000081900000, 0x0000000081900000| Complete 
|  25|0x0000000081900000, 0x0000000081a00000, 0x0000000081a00000|100%|HC|  |TAMS 0x0000000081a00000, 0x0000000081a00000| Complete 
|  26|0x0000000081a00000, 0x0000000081b00000, 0x0000000081b00000|100%|HC|  |TAMS 0x0000000081b00000, 0x0000000081b00000| Complete 
|  27|0x0000000081b00000, 0x0000000081c00000, 0x0000000081c00000|100%|HC|  |TAMS 0x0000000081c00000, 0x0000000081c00000| Complete 
|  28|0x0000000081c00000, 0x0000000081d00000, 0x0000000081d00000|100%|HC|  |TAMS 0x0000000081d00000, 0x0000000081d00000| Complete 
|  29|0x0000000081d00000, 0x0000000081e00000, 0x0000000081e00000|100%|HS|  |TAMS 0x0000000081e00000, 0x0000000081e00000| Complete 
|  30|0x0000000081e00000, 0x0000000081f00000, 0x0000000081f00000|100%|HS|  |TAMS 0x0000000081f00000, 0x0000000081f00000| Complete 
|  31|0x0000000081f00000, 0x0000000082000000, 0x0000000082000000|100%|HC|  |TAMS 0x0000000082000000, 0x0000000082000000| Complete 
|  32|0x0000000082000000, 0x0000000082100000, 0x0000000082100000|100%|HC|  |TAMS 0x0000000082100000, 0x0000000082100000| Complete 
|  33|0x0000000082100000, 0x0000000082200000, 0x0000000082200000|100%|HC|  |TAMS 0x0000000082200000, 0x0000000082200000| Complete 
|  34|0x0000000082200000, 0x0000000082300000, 0x0000000082300000|100%| O|  |TAMS 0x0000000082300000, 0x0000000082300000| Untracked 
|  35|0x0000000082300000, 0x0000000082400000, 0x0000000082400000|100%| O|  |TAMS 0x0000000082400000, 0x0000000082400000| Untracked 
|  36|0x0000000082400000, 0x0000000082500000, 0x0000000082500000|100%| O|  |TAMS 0x0000000082500000, 0x0000000082500000| Untracked 
|  37|0x0000000082500000, 0x0000000082600000, 0x0000000082600000|100%| O|  |TAMS 0x0000000082600000, 0x0000000082600000| Untracked 
|  38|0x0000000082600000, 0x0000000082700000, 0x0000000082700000|100%| O|  |TAMS 0x0000000082700000, 0x0000000082700000| Untracked 
|  39|0x0000000082700000, 0x0000000082800000, 0x0000000082800000|100%| O|  |TAMS 0x0000000082800000, 0x0000000082800000| Untracked 
|  40|0x0000000082800000, 0x0000000082900000, 0x0000000082900000|100%| O|  |TAMS 0x0000000082900000, 0x0000000082900000| Untracked 
|  41|0x0000000082900000, 0x0000000082a00000, 0x0000000082a00000|100%| O|  |TAMS 0x0000000082a00000, 0x0000000082a00000| Untracked 
|  42|0x0000000082a00000, 0x0000000082b00000, 0x0000000082b00000|100%| O|  |TAMS 0x0000000082b00000, 0x0000000082b00000| Untracked 
|  43|0x0000000082b00000, 0x0000000082c00000, 0x0000000082c00000|100%| O|  |TAMS 0x0000000082c00000, 0x0000000082c00000| Untracked 
|  44|0x0000000082c00000, 0x0000000082d00000, 0x0000000082d00000|100%| O|  |TAMS 0x0000000082d00000, 0x0000000082d00000| Untracked 
|  45|0x0000000082d00000, 0x0000000082e00000, 0x0000000082e00000|100%|HS|  |TAMS 0x0000000082e00000, 0x0000000082e00000| Complete 
|  46|0x0000000082e00000, 0x0000000082f00000, 0x0000000082f00000|100%|HC|  |TAMS 0x0000000082f00000, 0x0000000082f00000| Complete 
|  47|0x0000000082f00000, 0x0000000083000000, 0x0000000083000000|100%|HC|  |TAMS 0x0000000083000000, 0x0000000083000000| Complete 
|  48|0x0000000083000000, 0x0000000083100000, 0x0000000083100000|100%|HC|  |TAMS 0x0000000083100000, 0x0000000083100000| Complete 
|  49|0x0000000083100000, 0x0000000083200000, 0x0000000083200000|100%|HS|  |TAMS 0x0000000083200000, 0x0000000083200000| Complete 
|  50|0x0000000083200000, 0x0000000083300000, 0x0000000083300000|100%|HC|  |TAMS 0x0000000083300000, 0x0000000083300000| Complete 
|  51|0x0000000083300000, 0x0000000083400000, 0x0000000083400000|100%|HC|  |TAMS 0x0000000083400000, 0x0000000083400000| Complete 
|  52|0x0000000083400000, 0x0000000083500000, 0x0000000083500000|100%|HS|  |TAMS 0x0000000083500000, 0x0000000083500000| Complete 
|  53|0x0000000083500000, 0x0000000083600000, 0x0000000083600000|100%|HC|  |TAMS 0x0000000083600000, 0x0000000083600000| Complete 
|  54|0x0000000083600000, 0x0000000083700000, 0x0000000083700000|100%|HS|  |TAMS 0x0000000083700000, 0x0000000083700000| Complete 
|  55|0x0000000083700000, 0x0000000083800000, 0x0000000083800000|100%|HC|  |TAMS 0x0000000083800000, 0x0000000083800000| Complete 
|  56|0x0000000083800000, 0x0000000083900000, 0x0000000083900000|100%|HC|  |TAMS 0x0000000083900000, 0x0000000083900000| Complete 
|  57|0x0000000083900000, 0x0000000083a00000, 0x0000000083a00000|100%| O|  |TAMS 0x0000000083a00000, 0x0000000083a00000| Untracked 
|  58|0x0000000083a00000, 0x0000000083b00000, 0x0000000083b00000|100%| O|  |TAMS 0x0000000083b00000, 0x0000000083b00000| Untracked 
|  59|0x0000000083b00000, 0x0000000083c00000, 0x0000000083c00000|100%| O|  |TAMS 0x0000000083c00000, 0x0000000083c00000| Untracked 
|  60|0x0000000083c00000, 0x0000000083d00000, 0x0000000083d00000|100%| O|  |TAMS 0x0000000083d00000, 0x0000000083d00000| Untracked 
|  61|0x0000000083d00000, 0x0000000083e00000, 0x0000000083e00000|100%| O|  |TAMS 0x0000000083e00000, 0x0000000083e00000| Untracked 
|  62|0x0000000083e00000, 0x0000000083f00000, 0x0000000083f00000|100%| O|  |TAMS 0x0000000083f00000, 0x0000000083f00000| Untracked 
|  63|0x0000000083f00000, 0x0000000084000000, 0x0000000084000000|100%|HS|  |TAMS 0x0000000084000000, 0x0000000084000000| Complete 
|  64|0x0000000084000000, 0x0000000084100000, 0x0000000084100000|100%|HC|  |TAMS 0x0000000084100000, 0x0000000084100000| Complete 
|  65|0x0000000084100000, 0x0000000084200000, 0x0000000084200000|100%|HC|  |TAMS 0x0000000084200000, 0x0000000084200000| Complete 
|  66|0x0000000084200000, 0x0000000084300000, 0x0000000084300000|100%|HC|  |TAMS 0x0000000084300000, 0x0000000084300000| Complete 
|  67|0x0000000084300000, 0x0000000084400000, 0x0000000084400000|100%|HC|  |TAMS 0x0000000084400000, 0x0000000084400000| Complete 
|  68|0x0000000084400000, 0x0000000084500000, 0x0000000084500000|100%| O|  |TAMS 0x0000000084500000, 0x0000000084500000| Untracked 
|  69|0x0000000084500000, 0x0000000084600000, 0x0000000084600000|100%| O|  |TAMS 0x0000000084600000, 0x0000000084600000| Untracked 
|  70|0x0000000084600000, 0x0000000084700000, 0x0000000084700000|100%| O|  |TAMS 0x0000000084700000, 0x0000000084700000| Untracked 
|  71|0x0000000084700000, 0x0000000084800000, 0x0000000084800000|100%| O|  |TAMS 0x0000000084800000, 0x0000000084800000| Untracked 
|  72|0x0000000084800000, 0x0000000084900000, 0x0000000084900000|100%| O|  |TAMS 0x0000000084900000, 0x0000000084900000| Untracked 
|  73|0x0000000084900000, 0x0000000084a00000, 0x0000000084a00000|100%|HS|  |TAMS 0x0000000084a00000, 0x0000000084a00000| Complete 
|  74|0x0000000084a00000, 0x0000000084b00000, 0x0000000084b00000|100%|HS|  |TAMS 0x0000000084b00000, 0x0000000084b00000| Complete 
|  75|0x0000000084b00000, 0x0000000084c00000, 0x0000000084c00000|100%| O|  |TAMS 0x0000000084c00000, 0x0000000084c00000| Untracked 
|  76|0x0000000084c00000, 0x0000000084d00000, 0x0000000084d00000|100%| O|  |TAMS 0x0000000084d00000, 0x0000000084d00000| Untracked 
|  77|0x0000000084d00000, 0x0000000084e00000, 0x0000000084e00000|100%| O|  |TAMS 0x0000000084e00000, 0x0000000084e00000| Untracked 
|  78|0x0000000084e00000, 0x0000000084f00000, 0x0000000084f00000|100%| O|  |TAMS 0x0000000084f00000, 0x0000000084f00000| Untracked 
|  79|0x0000000084f00000, 0x0000000085000000, 0x0000000085000000|100%| O|  |TAMS 0x0000000085000000, 0x0000000085000000| Untracked 
|  80|0x0000000085000000, 0x0000000085100000, 0x0000000085100000|100%| O|  |TAMS 0x0000000085100000, 0x0000000085100000| Untracked 
|  81|0x0000000085100000, 0x0000000085200000, 0x0000000085200000|100%| O|  |TAMS 0x0000000085200000, 0x0000000085200000| Untracked 
|  82|0x0000000085200000, 0x0000000085300000, 0x0000000085300000|100%| O|  |TAMS 0x0000000085300000, 0x0000000085300000| Untracked 
|  83|0x0000000085300000, 0x0000000085400000, 0x0000000085400000|100%|HS|  |TAMS 0x0000000085400000, 0x0000000085400000| Complete 
|  84|0x0000000085400000, 0x0000000085500000, 0x0000000085500000|100%|HC|  |TAMS 0x0000000085500000, 0x0000000085500000| Complete 
|  85|0x0000000085500000, 0x0000000085600000, 0x0000000085600000|100%| O|  |TAMS 0x0000000085600000, 0x0000000085600000| Untracked 
|  86|0x0000000085600000, 0x0000000085700000, 0x0000000085700000|100%| O|  |TAMS 0x0000000085700000, 0x0000000085700000| Untracked 
|  87|0x0000000085700000, 0x0000000085800000, 0x0000000085800000|100%| O|  |TAMS 0x0000000085800000, 0x0000000085800000| Untracked 
|  88|0x0000000085800000, 0x0000000085900000, 0x0000000085900000|100%| O|  |TAMS 0x0000000085900000, 0x0000000085900000| Untracked 
|  89|0x0000000085900000, 0x0000000085a00000, 0x0000000085a00000|100%| O|  |TAMS 0x0000000085a00000, 0x0000000085a00000| Untracked 
|  90|0x0000000085a00000, 0x0000000085b00000, 0x0000000085b00000|100%| O|  |TAMS 0x0000000085b00000, 0x0000000085b00000| Untracked 
|  91|0x0000000085b00000, 0x0000000085c00000, 0x0000000085c00000|100%| O|  |TAMS 0x0000000085c00000, 0x0000000085c00000| Untracked 
|  92|0x0000000085c00000, 0x0000000085d00000, 0x0000000085d00000|100%| O|  |TAMS 0x0000000085d00000, 0x0000000085d00000| Untracked 
|  93|0x0000000085d00000, 0x0000000085e00000, 0x0000000085e00000|100%| O|  |TAMS 0x0000000085e00000, 0x0000000085e00000| Untracked 
|  94|0x0000000085e00000, 0x0000000085f00000, 0x0000000085f00000|100%| O|  |TAMS 0x0000000085f00000, 0x0000000085f00000| Untracked 
|  95|0x0000000085f00000, 0x0000000086000000, 0x0000000086000000|100%| O|  |TAMS 0x0000000086000000, 0x0000000086000000| Untracked 
|  96|0x0000000086000000, 0x0000000086100000, 0x0000000086100000|100%|HS|  |TAMS 0x0000000086100000, 0x0000000086100000| Complete 
|  97|0x0000000086100000, 0x0000000086200000, 0x0000000086200000|100%|HC|  |TAMS 0x0000000086200000, 0x0000000086200000| Complete 
|  98|0x0000000086200000, 0x0000000086300000, 0x0000000086300000|100%|HS|  |TAMS 0x0000000086300000, 0x0000000086300000| Complete 
|  99|0x0000000086300000, 0x0000000086400000, 0x0000000086400000|100%|HC|  |TAMS 0x0000000086400000, 0x0000000086400000| Complete 
| 100|0x0000000086400000, 0x0000000086500000, 0x0000000086500000|100%|HC|  |TAMS 0x0000000086500000, 0x0000000086500000| Complete 
| 101|0x0000000086500000, 0x0000000086600000, 0x0000000086600000|100%| O|  |TAMS 0x0000000086600000, 0x0000000086600000| Untracked 
| 102|0x0000000086600000, 0x0000000086700000, 0x0000000086700000|100%| O|  |TAMS 0x0000000086694c00, 0x0000000086700000| Untracked 
| 103|0x0000000086700000, 0x0000000086800000, 0x0000000086800000|100%|HS|  |TAMS 0x0000000086700000, 0x0000000086800000| Complete 
| 104|0x0000000086800000, 0x0000000086900000, 0x0000000086900000|100%|HC|  |TAMS 0x0000000086800000, 0x0000000086900000| Complete 
| 105|0x0000000086900000, 0x0000000086a00000, 0x0000000086a00000|100%|HC|  |TAMS 0x0000000086900000, 0x0000000086a00000| Complete 
| 106|0x0000000086a00000, 0x0000000086b00000, 0x0000000086b00000|100%|HS|  |TAMS 0x0000000086a00000, 0x0000000086b00000| Complete 
| 107|0x0000000086b00000, 0x0000000086c00000, 0x0000000086c00000|100%|HC|  |TAMS 0x0000000086b00000, 0x0000000086c00000| Complete 
| 108|0x0000000086c00000, 0x0000000086d00000, 0x0000000086d00000|100%|HC|  |TAMS 0x0000000086c00000, 0x0000000086d00000| Complete 
| 109|0x0000000086d00000, 0x0000000086e00000, 0x0000000086e00000|100%|HC|  |TAMS 0x0000000086d00000, 0x0000000086e00000| Complete 
| 110|0x0000000086e00000, 0x0000000086f00000, 0x0000000086f00000|100%|HC|  |TAMS 0x0000000086e00000, 0x0000000086f00000| Complete 
| 111|0x0000000086f00000, 0x0000000087000000, 0x0000000087000000|100%|HS|  |TAMS 0x0000000086f00000, 0x0000000087000000| Complete 
| 112|0x0000000087000000, 0x0000000087100000, 0x0000000087100000|100%|HS|  |TAMS 0x0000000087000000, 0x0000000087100000| Complete 
| 113|0x0000000087100000, 0x0000000087200000, 0x0000000087200000|100%|HC|  |TAMS 0x0000000087100000, 0x0000000087200000| Complete 
| 114|0x0000000087200000, 0x0000000087300000, 0x0000000087300000|100%|HC|  |TAMS 0x0000000087200000, 0x0000000087300000| Complete 
| 115|0x0000000087300000, 0x0000000087400000, 0x0000000087400000|100%|HC|  |TAMS 0x0000000087300000, 0x0000000087400000| Complete 
| 116|0x0000000087400000, 0x0000000087500000, 0x0000000087500000|100%| O|  |TAMS 0x0000000087400000, 0x0000000087500000| Untracked 
| 117|0x0000000087500000, 0x0000000087600000, 0x0000000087600000|100%| O|  |TAMS 0x0000000087500000, 0x0000000087600000| Untracked 
| 118|0x0000000087600000, 0x0000000087700000, 0x0000000087700000|100%| O|  |TAMS 0x0000000087600000, 0x0000000087700000| Untracked 
| 119|0x0000000087700000, 0x0000000087800000, 0x0000000087800000|100%| O|  |TAMS 0x0000000087700000, 0x0000000087800000| Untracked 
| 120|0x0000000087800000, 0x0000000087900000, 0x0000000087900000|100%| O|  |TAMS 0x0000000087800000, 0x0000000087900000| Untracked 
| 121|0x0000000087900000, 0x0000000087a00000, 0x0000000087a00000|100%| O|  |TAMS 0x0000000087900000, 0x0000000087a00000| Untracked 
| 122|0x0000000087a00000, 0x0000000087b00000, 0x0000000087b00000|100%| O|  |TAMS 0x0000000087a00000, 0x0000000087b00000| Untracked 
| 123|0x0000000087b00000, 0x0000000087c00000, 0x0000000087c00000|100%| O|  |TAMS 0x0000000087b00000, 0x0000000087c00000| Untracked 
| 124|0x0000000087c00000, 0x0000000087d00000, 0x0000000087d00000|100%| O|  |TAMS 0x0000000087c00000, 0x0000000087d00000| Untracked 
| 125|0x0000000087d00000, 0x0000000087e00000, 0x0000000087e00000|100%| O|  |TAMS 0x0000000087d00000, 0x0000000087e00000| Untracked 
| 126|0x0000000087e00000, 0x0000000087e00000, 0x0000000087f00000|  0%| F|  |TAMS 0x0000000087e00000, 0x0000000087e00000| Untracked 
| 127|0x0000000087f00000, 0x0000000087f00000, 0x0000000088000000|  0%| F|  |TAMS 0x0000000087f00000, 0x0000000087f00000| Untracked 
| 128|0x0000000088000000, 0x0000000088000000, 0x0000000088100000|  0%| F|  |TAMS 0x0000000088000000, 0x0000000088000000| Untracked 
| 129|0x0000000088100000, 0x0000000088100000, 0x0000000088200000|  0%| F|  |TAMS 0x0000000088100000, 0x0000000088100000| Untracked 
| 130|0x0000000088200000, 0x0000000088200000, 0x0000000088300000|  0%| F|  |TAMS 0x0000000088200000, 0x0000000088200000| Untracked 
| 131|0x0000000088300000, 0x0000000088300000, 0x0000000088400000|  0%| F|  |TAMS 0x0000000088300000, 0x0000000088300000| Untracked 
| 132|0x0000000088400000, 0x0000000088400000, 0x0000000088500000|  0%| F|  |TAMS 0x0000000088400000, 0x0000000088400000| Untracked 
| 133|0x0000000088500000, 0x0000000088500000, 0x0000000088600000|  0%| F|  |TAMS 0x0000000088500000, 0x0000000088500000| Untracked 
| 134|0x0000000088600000, 0x0000000088600000, 0x0000000088700000|  0%| F|  |TAMS 0x0000000088600000, 0x0000000088600000| Untracked 
| 135|0x0000000088700000, 0x0000000088700000, 0x0000000088800000|  0%| F|  |TAMS 0x0000000088700000, 0x0000000088700000| Untracked 
| 136|0x0000000088800000, 0x0000000088800000, 0x0000000088900000|  0%| F|  |TAMS 0x0000000088800000, 0x0000000088800000| Untracked 
| 137|0x0000000088900000, 0x0000000088900000, 0x0000000088a00000|  0%| F|  |TAMS 0x0000000088900000, 0x0000000088900000| Untracked 
| 138|0x0000000088a00000, 0x0000000088a00000, 0x0000000088b00000|  0%| F|  |TAMS 0x0000000088a00000, 0x0000000088a00000| Untracked 
| 139|0x0000000088b00000, 0x0000000088b00000, 0x0000000088c00000|  0%| F|  |TAMS 0x0000000088b00000, 0x0000000088b00000| Untracked 
| 140|0x0000000088c00000, 0x0000000088c00000, 0x0000000088d00000|  0%| F|  |TAMS 0x0000000088c00000, 0x0000000088c00000| Untracked 
| 141|0x0000000088d00000, 0x0000000088d00000, 0x0000000088e00000|  0%| F|  |TAMS 0x0000000088d00000, 0x0000000088d00000| Untracked 
| 142|0x0000000088e00000, 0x0000000088e00000, 0x0000000088f00000|  0%| F|  |TAMS 0x0000000088e00000, 0x0000000088e00000| Untracked 
| 143|0x0000000088f00000, 0x0000000088f00000, 0x0000000089000000|  0%| F|  |TAMS 0x0000000088f00000, 0x0000000088f00000| Untracked 
| 144|0x0000000089000000, 0x0000000089000000, 0x0000000089100000|  0%| F|  |TAMS 0x0000000089000000, 0x0000000089000000| Untracked 
| 145|0x0000000089100000, 0x0000000089100000, 0x0000000089200000|  0%| F|  |TAMS 0x0000000089100000, 0x0000000089100000| Untracked 
| 146|0x0000000089200000, 0x0000000089200000, 0x0000000089300000|  0%| F|  |TAMS 0x0000000089200000, 0x0000000089200000| Untracked 
| 147|0x0000000089300000, 0x0000000089300000, 0x0000000089400000|  0%| F|  |TAMS 0x0000000089300000, 0x0000000089300000| Untracked 
| 148|0x0000000089400000, 0x0000000089400000, 0x0000000089500000|  0%| F|  |TAMS 0x0000000089400000, 0x0000000089400000| Untracked 
| 149|0x0000000089500000, 0x0000000089500000, 0x0000000089600000|  0%| F|  |TAMS 0x0000000089500000, 0x0000000089500000| Untracked 
| 150|0x0000000089600000, 0x0000000089600000, 0x0000000089700000|  0%| F|  |TAMS 0x0000000089600000, 0x0000000089600000| Untracked 
| 151|0x0000000089700000, 0x0000000089700000, 0x0000000089800000|  0%| F|  |TAMS 0x0000000089700000, 0x0000000089700000| Untracked 
| 152|0x0000000089800000, 0x0000000089800000, 0x0000000089900000|  0%| F|  |TAMS 0x0000000089800000, 0x0000000089800000| Untracked 
| 153|0x0000000089900000, 0x0000000089900000, 0x0000000089a00000|  0%| F|  |TAMS 0x0000000089900000, 0x0000000089900000| Untracked 
| 154|0x0000000089a00000, 0x0000000089a00000, 0x0000000089b00000|  0%| F|  |TAMS 0x0000000089a00000, 0x0000000089a00000| Untracked 
| 155|0x0000000089b00000, 0x0000000089b00000, 0x0000000089c00000|  0%| F|  |TAMS 0x0000000089b00000, 0x0000000089b00000| Untracked 
| 156|0x0000000089c00000, 0x0000000089c00000, 0x0000000089d00000|  0%| F|  |TAMS 0x0000000089c00000, 0x0000000089c00000| Untracked 
| 157|0x0000000089d00000, 0x0000000089d00000, 0x0000000089e00000|  0%| F|  |TAMS 0x0000000089d00000, 0x0000000089d00000| Untracked 
| 158|0x0000000089e00000, 0x0000000089e00000, 0x0000000089f00000|  0%| F|  |TAMS 0x0000000089e00000, 0x0000000089e00000| Untracked 
| 159|0x0000000089f00000, 0x0000000089f00000, 0x000000008a000000|  0%| F|  |TAMS 0x0000000089f00000, 0x0000000089f00000| Untracked 
| 160|0x000000008a000000, 0x000000008a000000, 0x000000008a100000|  0%| F|  |TAMS 0x000000008a000000, 0x000000008a000000| Untracked 
| 161|0x000000008a100000, 0x000000008a100000, 0x000000008a200000|  0%| F|  |TAMS 0x000000008a100000, 0x000000008a100000| Untracked 
| 162|0x000000008a200000, 0x000000008a200000, 0x000000008a300000|  0%| F|  |TAMS 0x000000008a200000, 0x000000008a200000| Untracked 
| 163|0x000000008a300000, 0x000000008a300000, 0x000000008a400000|  0%| F|  |TAMS 0x000000008a300000, 0x000000008a300000| Untracked 
| 164|0x000000008a400000, 0x000000008a400000, 0x000000008a500000|  0%| F|  |TAMS 0x000000008a400000, 0x000000008a400000| Untracked 
| 165|0x000000008a500000, 0x000000008a500000, 0x000000008a600000|  0%| F|  |TAMS 0x000000008a500000, 0x000000008a500000| Untracked 
| 166|0x000000008a600000, 0x000000008a600000, 0x000000008a700000|  0%| F|  |TAMS 0x000000008a600000, 0x000000008a600000| Untracked 
| 167|0x000000008a700000, 0x000000008a700000, 0x000000008a800000|  0%| F|  |TAMS 0x000000008a700000, 0x000000008a700000| Untracked 
| 168|0x000000008a800000, 0x000000008a828320, 0x000000008a900000| 15%| S|CS|TAMS 0x000000008a800000, 0x000000008a800000| Complete 
| 169|0x000000008a900000, 0x000000008aa00000, 0x000000008aa00000|100%| S|CS|TAMS 0x000000008a900000, 0x000000008a900000| Complete 
| 170|0x000000008aa00000, 0x000000008aa00000, 0x000000008ab00000|  0%| F|  |TAMS 0x000000008aa00000, 0x000000008aa00000| Untracked 
| 171|0x000000008ab00000, 0x000000008ab00000, 0x000000008ac00000|  0%| F|  |TAMS 0x000000008ab00000, 0x000000008ab00000| Untracked 
| 172|0x000000008ac00000, 0x000000008ac00000, 0x000000008ad00000|  0%| F|  |TAMS 0x000000008ac00000, 0x000000008ac00000| Untracked 
| 173|0x000000008ad00000, 0x000000008ad00000, 0x000000008ae00000|  0%| F|  |TAMS 0x000000008ad00000, 0x000000008ad00000| Untracked 
| 174|0x000000008ae00000, 0x000000008ae00000, 0x000000008af00000|  0%| F|  |TAMS 0x000000008ae00000, 0x000000008ae00000| Untracked 
| 175|0x000000008af00000, 0x000000008af00000, 0x000000008b000000|  0%| F|  |TAMS 0x000000008af00000, 0x000000008af00000| Untracked 
| 176|0x000000008b000000, 0x000000008b000000, 0x000000008b100000|  0%| F|  |TAMS 0x000000008b000000, 0x000000008b000000| Untracked 
| 177|0x000000008b100000, 0x000000008b100000, 0x000000008b200000|  0%| F|  |TAMS 0x000000008b100000, 0x000000008b100000| Untracked 
| 178|0x000000008b200000, 0x000000008b200000, 0x000000008b300000|  0%| F|  |TAMS 0x000000008b200000, 0x000000008b200000| Untracked 
| 179|0x000000008b300000, 0x000000008b300000, 0x000000008b400000|  0%| F|  |TAMS 0x000000008b300000, 0x000000008b300000| Untracked 
| 180|0x000000008b400000, 0x000000008b400000, 0x000000008b500000|  0%| F|  |TAMS 0x000000008b400000, 0x000000008b400000| Untracked 
| 181|0x000000008b500000, 0x000000008b500000, 0x000000008b600000|  0%| F|  |TAMS 0x000000008b500000, 0x000000008b500000| Untracked 
| 182|0x000000008b600000, 0x000000008b600000, 0x000000008b700000|  0%| F|  |TAMS 0x000000008b600000, 0x000000008b600000| Untracked 
| 183|0x000000008b700000, 0x000000008b700000, 0x000000008b800000|  0%| F|  |TAMS 0x000000008b700000, 0x000000008b700000| Untracked 
| 184|0x000000008b800000, 0x000000008b800000, 0x000000008b900000|  0%| F|  |TAMS 0x000000008b800000, 0x000000008b800000| Untracked 
| 185|0x000000008b900000, 0x000000008b900000, 0x000000008ba00000|  0%| F|  |TAMS 0x000000008b900000, 0x000000008b900000| Untracked 
| 186|0x000000008ba00000, 0x000000008ba00000, 0x000000008bb00000|  0%| F|  |TAMS 0x000000008ba00000, 0x000000008ba00000| Untracked 
| 187|0x000000008bb00000, 0x000000008bb00000, 0x000000008bc00000|  0%| F|  |TAMS 0x000000008bb00000, 0x000000008bb00000| Untracked 
| 188|0x000000008bc00000, 0x000000008bc00000, 0x000000008bd00000|  0%| F|  |TAMS 0x000000008bc00000, 0x000000008bc00000| Untracked 
| 189|0x000000008bd00000, 0x000000008bd00000, 0x000000008be00000|  0%| F|  |TAMS 0x000000008bd00000, 0x000000008bd00000| Untracked 
| 190|0x000000008be00000, 0x000000008be00000, 0x000000008bf00000|  0%| F|  |TAMS 0x000000008be00000, 0x000000008be00000| Untracked 
| 191|0x000000008bf00000, 0x000000008bf00000, 0x000000008c000000|  0%| F|  |TAMS 0x000000008bf00000, 0x000000008bf00000| Untracked 
| 192|0x000000008c000000, 0x000000008c000000, 0x000000008c100000|  0%| F|  |TAMS 0x000000008c000000, 0x000000008c000000| Untracked 
| 193|0x000000008c100000, 0x000000008c100000, 0x000000008c200000|  0%| F|  |TAMS 0x000000008c100000, 0x000000008c100000| Untracked 
| 194|0x000000008c200000, 0x000000008c200000, 0x000000008c300000|  0%| F|  |TAMS 0x000000008c200000, 0x000000008c200000| Untracked 
| 195|0x000000008c300000, 0x000000008c300000, 0x000000008c400000|  0%| F|  |TAMS 0x000000008c300000, 0x000000008c300000| Untracked 
| 196|0x000000008c400000, 0x000000008c400000, 0x000000008c500000|  0%| F|  |TAMS 0x000000008c400000, 0x000000008c400000| Untracked 
| 197|0x000000008c500000, 0x000000008c500000, 0x000000008c600000|  0%| F|  |TAMS 0x000000008c500000, 0x000000008c500000| Untracked 
| 198|0x000000008c600000, 0x000000008c600000, 0x000000008c700000|  0%| F|  |TAMS 0x000000008c600000, 0x000000008c600000| Untracked 
| 199|0x000000008c700000, 0x000000008c700000, 0x000000008c800000|  0%| F|  |TAMS 0x000000008c700000, 0x000000008c700000| Untracked 
| 200|0x000000008c800000, 0x000000008c800000, 0x000000008c900000|  0%| F|  |TAMS 0x000000008c800000, 0x000000008c800000| Untracked 
| 201|0x000000008c900000, 0x000000008c900000, 0x000000008ca00000|  0%| F|  |TAMS 0x000000008c900000, 0x000000008c900000| Untracked 
| 202|0x000000008ca00000, 0x000000008ca00000, 0x000000008cb00000|  0%| F|  |TAMS 0x000000008ca00000, 0x000000008ca00000| Untracked 
| 203|0x000000008cb00000, 0x000000008cb00000, 0x000000008cc00000|  0%| F|  |TAMS 0x000000008cb00000, 0x000000008cb00000| Untracked 
| 204|0x000000008cc00000, 0x000000008cc00000, 0x000000008cd00000|  0%| F|  |TAMS 0x000000008cc00000, 0x000000008cc00000| Untracked 
| 205|0x000000008cd00000, 0x000000008cd00000, 0x000000008ce00000|  0%| F|  |TAMS 0x000000008cd00000, 0x000000008cd00000| Untracked 

Card table byte_map: [0x000001e08f400000,0x000001e08f800000] _byte_map_base: 0x000001e08f000000

Marking Bits (Prev, Next): (CMBitMap*) 0x000001e0fa56cbb8, (CMBitMap*) 0x000001e0fa56cbf0
 Prev Bits: [0x000001e08fc00000, 0x000001e091c00000)
 Next Bits: [0x000001e091c00000, 0x000001e093c00000)

Polling page: 0x000001e0fa610000

Metaspace:

Usage:
  Non-class:     67.69 MB capacity,    66.41 MB ( 98%) used,     1.08 MB (  2%) free+waste,   209.63 KB ( <1%) overhead. 
      Class:     10.66 MB capacity,     9.92 MB ( 93%) used,   662.23 KB (  6%) free+waste,    98.75 KB ( <1%) overhead. 
       Both:     78.35 MB capacity,    76.32 MB ( 97%) used,     1.73 MB (  2%) free+waste,   308.38 KB ( <1%) overhead. 

Virtual space:
  Non-class space:       68.00 MB reserved,      67.92 MB (>99%) committed 
      Class space:        1.00 GB reserved,      10.75 MB (  1%) committed 
             Both:        1.07 GB reserved,      78.67 MB (  7%) committed 

Chunk freelists:
   Non-Class:  42.00 KB
       Class:  0 bytes
        Both:  42.00 KB

MaxMetaspaceSize: 17179869184.00 GB
CompressedClassSpaceSize: 1.00 GB
Initial GC threshold: 20.80 MB
Current GC threshold: 124.25 MB
CDS: off

CodeHeap 'non-profiled nmethods': size=120064Kb used=4278Kb max_used=4278Kb free=115785Kb
 bounds [0x000001e087ac0000, 0x000001e087ef0000, 0x000001e08f000000]
CodeHeap 'profiled nmethods': size=120000Kb used=16179Kb max_used=16179Kb free=103821Kb
 bounds [0x000001e080590000, 0x000001e081560000, 0x000001e087ac0000]
CodeHeap 'non-nmethods': size=5696Kb used=2359Kb max_used=2392Kb free=3336Kb
 bounds [0x000001e080000000, 0x000001e080270000, 0x000001e080590000]
 total_blobs=8551 nmethods=7671 adapters=792
 compilation: enabled
              stopped_count=0, restarted_count=0
 full_count=0

Compilation events (20 events):
Event: 15.151 Thread 0x000001e09612d000 7747       3       com.amazon.ion.impl.bin.IonManagedBinaryWriter$UserState$1::afterStepOut (1 bytes)
Event: 15.151 Thread 0x000001e09612d000 nmethod 7747 0x000001e08155ae90 code [0x000001e08155b040, 0x000001e08155b138]
Event: 15.151 Thread 0x000001e09612d000 7740       3       com.amazon.ion.impl.bin.IonRawBinaryWriter$PatchPoint::<init> (27 bytes)
Event: 15.151 Thread 0x000001e09612d000 nmethod 7740 0x000001e08155b210 code [0x000001e08155b3c0, 0x000001e08155b538]
Event: 15.151 Thread 0x000001e09612d000 7750       3       com.amazon.ion.impl.bin.IonRawBinaryWriter::popContainer (190 bytes)
Event: 15.152 Thread 0x000001e09612d000 nmethod 7750 0x000001e08155b610 code [0x000001e08155b880, 0x000001e08155c288]
Event: 15.152 Thread 0x000001e09612d000 7743       1       com.amazon.ion.impl.bin.PooledBlockAllocatorProvider$PooledBlockAllocator::access$000 (5 bytes)
Event: 15.152 Thread 0x000001e09612d000 nmethod 7743 0x000001e087ee9e10 code [0x000001e087ee9fc0, 0x000001e087eea058]
Event: 15.159 Thread 0x000001e096121000 nmethod 7628 0x000001e087eea110 code [0x000001e087eea320, 0x000001e087eeb828]
Event: 15.159 Thread 0x000001e096121000 7600       4       java.nio.MappedByteBuffer::limit (8 bytes)
Event: 15.159 Thread 0x000001e096121000 nmethod 7600 0x000001e087eec290 code [0x000001e087eec420, 0x000001e087eec4f8]
Event: 15.159 Thread 0x000001e096121000 7701       4       java.lang.ref.WeakReference::<init> (7 bytes)
Event: 15.161 Thread 0x000001e096121000 nmethod 7701 0x000001e087eec610 code [0x000001e087eec7a0, 0x000001e087eec998]
Event: 15.161 Thread 0x000001e096121000 7629       4       java.lang.StringCoding::newStringUTF8NoRepl (56 bytes)
Event: 15.165 Thread 0x000001e096121000 nmethod 7629 0x000001e087eeca10 code [0x000001e087eecbc0, 0x000001e087eed058]
Event: 15.165 Thread 0x000001e096121000 7631       4       java.util.zip.ZipCoder$UTF8::toString (12 bytes)
Event: 15.172 Thread 0x000001e096121000 nmethod 7631 0x000001e087eed210 code [0x000001e087eed3c0, 0x000001e087eed878]
Event: 15.172 Thread 0x000001e09612d000 7751       3       java.util.concurrent.ThreadPoolExecutor$Worker::unlock (7 bytes)
Event: 15.172 Thread 0x000001e09612d000 nmethod 7751 0x000001e08155c610 code [0x000001e08155c7e0, 0x000001e08155cac8]
Event: 15.174 Thread 0x000001e096121000 7752   !   4       java.util.zip.ZipFile::getMetaInfEntryNames (106 bytes)

GC Heap History (20 events):
Event: 8.927 GC heap after
{Heap after GC invocations=31 (full 0):
 garbage-first heap   total 175104K, used 86090K [0x0000000080000000, 0x0000000100000000)
  region size 1024K, 2 young (2048K), 2 survivors (2048K)
 Metaspace       used 54581K, capacity 56230K, committed 56368K, reserved 1097728K
  class space    used 6952K, capacity 7543K, committed 7552K, reserved 1048576K
}
Event: 9.213 GC heap before
{Heap before GC invocations=32 (full 0):
 garbage-first heap   total 175104K, used 93258K [0x0000000080000000, 0x0000000100000000)
  region size 1024K, 9 young (9216K), 2 survivors (2048K)
 Metaspace       used 54774K, capacity 56422K, committed 56624K, reserved 1097728K
  class space    used 6981K, capacity 7543K, committed 7552K, reserved 1048576K
}
Event: 9.218 GC heap after
{Heap after GC invocations=33 (full 0):
 garbage-first heap   total 175104K, used 86758K [0x0000000080000000, 0x0000000100000000)
  region size 1024K, 3 young (3072K), 3 survivors (3072K)
 Metaspace       used 54774K, capacity 56422K, committed 56624K, reserved 1097728K
  class space    used 6981K, capacity 7543K, committed 7552K, reserved 1048576K
}
Event: 9.994 GC heap before
{Heap before GC invocations=34 (full 0):
 garbage-first heap   total 175104K, used 122598K [0x0000000080000000, 0x0000000100000000)
  region size 1024K, 36 young (36864K), 3 survivors (3072K)
 Metaspace       used 59190K, capacity 60831K, committed 61104K, reserved 1101824K
  class space    used 7525K, capacity 8094K, committed 8192K, reserved 1048576K
}
Event: 9.997 GC heap after
{Heap after GC invocations=35 (full 0):
 garbage-first heap   total 175104K, used 90536K [0x0000000080000000, 0x0000000100000000)
  region size 1024K, 4 young (4096K), 4 survivors (4096K)
 Metaspace       used 59190K, capacity 60831K, committed 61104K, reserved 1101824K
  class space    used 7525K, capacity 8094K, committed 8192K, reserved 1048576K
}
Event: 10.541 GC heap before
{Heap before GC invocations=35 (full 0):
 garbage-first heap   total 175104K, used 107944K [0x0000000080000000, 0x0000000100000000)
  region size 1024K, 22 young (22528K), 4 survivors (4096K)
 Metaspace       used 62532K, capacity 64200K, committed 64304K, reserved 1105920K
  class space    used 7932K, capacity 8535K, committed 8576K, reserved 1048576K
}
Event: 10.548 GC heap after
{Heap after GC invocations=36 (full 0):
 garbage-first heap   total 175104K, used 92565K [0x0000000080000000, 0x0000000100000000)
  region size 1024K, 4 young (4096K), 4 survivors (4096K)
 Metaspace       used 62532K, capacity 64200K, committed 64304K, reserved 1105920K
  class space    used 7932K, capacity 8535K, committed 8576K, reserved 1048576K
}
Event: 11.027 GC heap before
{Heap before GC invocations=37 (full 0):
 garbage-first heap   total 175104K, used 132501K [0x0000000080000000, 0x0000000100000000)
  region size 1024K, 36 young (36864K), 4 survivors (4096K)
 Metaspace       used 64332K, capacity 65999K, committed 66096K, reserved 1105920K
  class space    used 8160K, capacity 8765K, committed 8832K, reserved 1048576K
}
Event: 11.038 GC heap after
{Heap after GC invocations=38 (full 0):
 garbage-first heap   total 175104K, used 95242K [0x0000000080000000, 0x0000000100000000)
  region size 1024K, 5 young (5120K), 5 survivors (5120K)
 Metaspace       used 64332K, capacity 65999K, committed 66096K, reserved 1105920K
  class space    used 8160K, capacity 8765K, committed 8832K, reserved 1048576K
}
Event: 11.777 GC heap before
{Heap before GC invocations=38 (full 0):
 garbage-first heap   total 175104K, used 121866K [0x0000000080000000, 0x0000000100000000)
  region size 1024K, 32 young (32768K), 5 survivors (5120K)
 Metaspace       used 66249K, capacity 67976K, committed 68144K, reserved 1107968K
  class space    used 8405K, capacity 8995K, committed 9088K, reserved 1048576K
}
Event: 11.785 GC heap after
{Heap after GC invocations=39 (full 0):
 garbage-first heap   total 210944K, used 97073K [0x0000000080000000, 0x0000000100000000)
  region size 1024K, 2 young (2048K), 2 survivors (2048K)
 Metaspace       used 66249K, capacity 67976K, committed 68144K, reserved 1107968K
  class space    used 8405K, capacity 8995K, committed 9088K, reserved 1048576K
}
Event: 12.630 GC heap before
{Heap before GC invocations=40 (full 0):
 garbage-first heap   total 210944K, used 147249K [0x0000000080000000, 0x0000000100000000)
  region size 1024K, 50 young (51200K), 2 survivors (2048K)
 Metaspace       used 67382K, capacity 69194K, committed 69296K, reserved 1110016K
  class space    used 8571K, capacity 9204K, committed 9216K, reserved 1048576K
}
Event: 12.638 GC heap after
{Heap after GC invocations=41 (full 0):
 garbage-first heap   total 210944K, used 99997K [0x0000000080000000, 0x0000000100000000)
  region size 1024K, 5 young (5120K), 5 survivors (5120K)
 Metaspace       used 67382K, capacity 69194K, committed 69296K, reserved 1110016K
  class space    used 8571K, capacity 9204K, committed 9216K, reserved 1048576K
}
Event: 13.957 GC heap before
{Heap before GC invocations=41 (full 0):
 garbage-first heap   total 210944K, used 153245K [0x0000000080000000, 0x0000000100000000)
  region size 1024K, 57 young (58368K), 5 survivors (5120K)
 Metaspace       used 73213K, capacity 75014K, committed 75184K, reserved 1114112K
  class space    used 9511K, capacity 10128K, committed 10240K, reserved 1048576K
}
Event: 13.968 GC heap after
{Heap after GC invocations=42 (full 0):
 garbage-first heap   total 210944K, used 103355K [0x0000000080000000, 0x0000000100000000)
  region size 1024K, 7 young (7168K), 7 survivors (7168K)
 Metaspace       used 73213K, capacity 75014K, committed 75184K, reserved 1114112K
  class space    used 9511K, capacity 10128K, committed 10240K, reserved 1048576K
}
Event: 14.140 GC heap before
{Heap before GC invocations=43 (full 0):
 garbage-first heap   total 210944K, used 116667K [0x0000000080000000, 0x0000000100000000)
  region size 1024K, 16 young (16384K), 7 survivors (7168K)
 Metaspace       used 74201K, capacity 76050K, committed 76336K, reserved 1116160K
  class space    used 9636K, capacity 10259K, committed 10368K, reserved 1048576K
}
Event: 14.150 GC heap after
{Heap after GC invocations=44 (full 0):
 garbage-first heap   total 210944K, used 109707K [0x0000000080000000, 0x0000000100000000)
  region size 1024K, 5 young (5120K), 5 survivors (5120K)
 Metaspace       used 74201K, capacity 76050K, committed 76336K, reserved 1116160K
  class space    used 9636K, capacity 10259K, committed 10368K, reserved 1048576K
}
Event: 15.021 GC heap before
{Heap before GC invocations=45 (full 0):
 garbage-first heap   total 210944K, used 175243K [0x0000000080000000, 0x0000000100000000)
  region size 1024K, 57 young (58368K), 5 survivors (5120K)
 Metaspace       used 76810K, capacity 78871K, committed 79152K, reserved 1118208K
  class space    used 10002K, capacity 10782K, committed 10880K, reserved 1048576K
}
Event: 15.036 GC heap after
{Heap after GC invocations=46 (full 0):
 garbage-first heap   total 210944K, used 128844K [0x0000000080000000, 0x0000000100000000)
  region size 1024K, 7 young (7168K), 7 survivors (7168K)
 Metaspace       used 76810K, capacity 78871K, committed 79152K, reserved 1118208K
  class space    used 10002K, capacity 10782K, committed 10880K, reserved 1048576K
}
Event: 15.178 GC heap before
{Heap before GC invocations=46 (full 0):
 garbage-first heap   total 210944K, used 164684K [0x0000000080000000, 0x0000000100000000)
  region size 1024K, 43 young (44032K), 7 survivors (7168K)
 Metaspace       used 78154K, capacity 80232K, committed 80560K, reserved 1118208K
  class space    used 10153K, capacity 10914K, committed 11008K, reserved 1048576K
}

Deoptimization events (20 events):
Event: 14.410 Thread 0x000001e097e62000 DEOPT PACKING pc=0x000001e087dff6cc sp=0x0000003cb2efe1d0
Event: 14.410 Thread 0x000001e097e62000 DEOPT UNPACKING pc=0x000001e08004a1af sp=0x0000003cb2efe160 mode 2
Event: 14.410 Thread 0x000001e097e5f000 Uncommon trap: trap_request=0xffffff4d fr.pc=0x000001e087dff56c relative=0x000000000000112c
Event: 14.410 Thread 0x000001e097e5f000 Uncommon trap: reason=unstable_if action=reinterpret pc=0x000001e087dff56c method=java.util.concurrent.ConcurrentHashMap.putVal(Ljava/lang/Object;Ljava/lang/Object;Z)Ljava/lang/Object; @ 97 c2
Event: 14.410 Thread 0x000001e097e5f000 DEOPT PACKING pc=0x000001e087dff56c sp=0x0000003cb2dfe270
Event: 14.410 Thread 0x000001e097e5f000 DEOPT UNPACKING pc=0x000001e08004a1af sp=0x0000003cb2dfe208 mode 2
Event: 14.425 Thread 0x000001e097e5d800 Uncommon trap: trap_request=0xffffffde fr.pc=0x000001e087d1b3ec relative=0x000000000000022c
Event: 14.425 Thread 0x000001e097e5d800 Uncommon trap: reason=class_check action=maybe_recompile pc=0x000001e087d1b3ec method=java.util.stream.StreamOpFlag.fromCharacteristics(Ljava/util/Spliterator;)I @ 14 c2
Event: 14.425 Thread 0x000001e097e5d800 DEOPT PACKING pc=0x000001e087d1b3ec sp=0x0000003cb2ffe8a0
Event: 14.425 Thread 0x000001e097e5d800 DEOPT UNPACKING pc=0x000001e08004a1af sp=0x0000003cb2ffe788 mode 2
Event: 14.455 Thread 0x000001e097e5d800 Uncommon trap: trap_request=0xffffffde fr.pc=0x000001e087d1b3ec relative=0x000000000000022c
Event: 14.455 Thread 0x000001e097e5d800 Uncommon trap: reason=class_check action=maybe_recompile pc=0x000001e087d1b3ec method=java.util.stream.StreamOpFlag.fromCharacteristics(Ljava/util/Spliterator;)I @ 14 c2
Event: 14.455 Thread 0x000001e097e5d800 DEOPT PACKING pc=0x000001e087d1b3ec sp=0x0000003cb2ffde10
Event: 14.455 Thread 0x000001e097e5d800 DEOPT UNPACKING pc=0x000001e08004a1af sp=0x0000003cb2ffdcf8 mode 2
Event: 14.468 Thread 0x000001e09922a800 DEOPT PACKING pc=0x000001e080a6b311 sp=0x0000003caf2fcd00
Event: 14.468 Thread 0x000001e09922a800 DEOPT UNPACKING pc=0x000001e08004a95e sp=0x0000003caf2fc178 mode 0
Event: 14.470 Thread 0x000001e097e5d800 Uncommon trap: trap_request=0xffffffde fr.pc=0x000001e087bd0ae0 relative=0x0000000000000320
Event: 14.470 Thread 0x000001e097e5d800 Uncommon trap: reason=class_check action=maybe_recompile pc=0x000001e087bd0ae0 method=java.util.Collections$SetFromMap.remove(Ljava/lang/Object;)Z @ 5 c2
Event: 14.470 Thread 0x000001e097e5d800 DEOPT PACKING pc=0x000001e087bd0ae0 sp=0x0000003cb2ffe8a0
Event: 14.470 Thread 0x000001e097e5d800 DEOPT UNPACKING pc=0x000001e08004a1af sp=0x0000003cb2ffe888 mode 2

Classes redefined (0 events):
No events

Internal exceptions (20 events):
Event: 14.889 Thread 0x000001e098624000 Exception <a 'java/lang/ClassNotFoundException'{0x000000008a32bf38}: java/lang/NumberBeanInfo> (0x000000008a32bf38) thrown at [./src/hotspot/share/classfile/systemDictionary.cpp, line 231]
Event: 14.889 Thread 0x000001e098624000 Exception <a 'java/lang/ClassNotFoundException'{0x000000008a3360c0}: java/lang/NumberCustomizer> (0x000000008a3360c0) thrown at [./src/hotspot/share/classfile/systemDictionary.cpp, line 231]
Event: 14.890 Thread 0x000001e098624000 Exception <a 'java/lang/ClassNotFoundException'{0x000000008a343150}: java/lang/IntegerCustomizer> (0x000000008a343150) thrown at [./src/hotspot/share/classfile/systemDictionary.cpp, line 231]
Event: 14.895 Thread 0x000001e098624000 Exception <a 'java/lang/ClassNotFoundException'{0x000000008a3a78f8}: org/gradle/internal/extensibility/DefaultConventionBeanInfo> (0x000000008a3a78f8) thrown at [./src/hotspot/share/classfile/systemDictionary.cpp, line 231]
Event: 14.896 Thread 0x000001e098624000 Exception <a 'java/lang/ClassNotFoundException'{0x000000008a3bf310}: org/gradle/internal/extensibility/DefaultConventionCustomizer> (0x000000008a3bf310) thrown at [./src/hotspot/share/classfile/systemDictionary.cpp, line 231]
Event: 14.907 Thread 0x000001e098624000 Exception <a 'java/lang/ClassNotFoundException'{0x000000008a2694f8}: org/gradle/internal/extensibility/DefaultExtensionsSchemaBeanInfo> (0x000000008a2694f8) thrown at [./src/hotspot/share/classfile/systemDictionary.cpp, line 231]
Event: 14.907 Thread 0x000001e098624000 Exception <a 'java/lang/ClassNotFoundException'{0x000000008a2824c8}: org/gradle/internal/extensibility/DefaultExtensionsSchemaCustomizer> (0x000000008a2824c8) thrown at [./src/hotspot/share/classfile/systemDictionary.cpp, line 231]
Event: 14.910 Thread 0x000001e098624000 Exception <a 'java/lang/ClassNotFoundException'{0x000000008a2c40d8}: org/gradle/internal/extensibility/ExtensionsStorage$ExtensionHolderBeanInfo> (0x000000008a2c40d8) thrown at [./src/hotspot/share/classfile/systemDictionary.cpp, line 231]
Event: 14.911 Thread 0x000001e098624000 Exception <a 'java/lang/ClassNotFoundException'{0x000000008a2de2c0}: org/gradle/internal/extensibility/ExtensionsStorage$ExtensionHolderCustomizer> (0x000000008a2de2c0) thrown at [./src/hotspot/share/classfile/systemDictionary.cpp, line 231]
Event: 14.927 Thread 0x000001e098624000 Exception <a 'java/lang/ClassNotFoundException'{0x0000000089f13648}: org/codehaus/groovy/runtime/NullObjectBeanInfo> (0x0000000089f13648) thrown at [./src/hotspot/share/classfile/systemDictionary.cpp, line 231]
Event: 14.932 Thread 0x000001e098624000 Exception <a 'java/lang/ClassNotFoundException'{0x0000000089ee93e8}: org/codehaus/groovy/runtime/NullObjectCustomizer> (0x0000000089ee93e8) thrown at [./src/hotspot/share/classfile/systemDictionary.cpp, line 231]
Event: 14.974 Thread 0x000001e098624000 Exception <a 'java/lang/ClassNotFoundException'{0x0000000089aad050}: org/gradle/api/internal/tasks/DefaultSourceSetContainer_DecoratedBeanInfo> (0x0000000089aad050) thrown at [./src/hotspot/share/classfile/systemDictionary.cpp, line 231]
Event: 14.975 Thread 0x000001e098624000 Exception <a 'java/lang/ClassNotFoundException'{0x0000000089ad23f0}: org/gradle/api/internal/tasks/DefaultSourceSetContainerBeanInfo> (0x0000000089ad23f0) thrown at [./src/hotspot/share/classfile/systemDictionary.cpp, line 231]
Event: 14.975 Thread 0x000001e098624000 Exception <a 'java/lang/ClassNotFoundException'{0x0000000089af77e8}: org/gradle/api/internal/tasks/DefaultSourceSetContainerCustomizer> (0x0000000089af77e8) thrown at [./src/hotspot/share/classfile/systemDictionary.cpp, line 231]
Event: 14.977 Thread 0x000001e098624000 Exception <a 'java/lang/ClassNotFoundException'{0x000000008992c628}: org/gradle/api/internal/tasks/DefaultSourceSetContainer_DecoratedCustomizer> (0x000000008992c628) thrown at [./src/hotspot/share/classfile/systemDictionary.cpp, line 231]
Event: 14.985 Thread 0x000001e098624000 Exception <a 'java/lang/NoSuchMethodError'{0x00000000899a37f0}: <clinit>> (0x00000000899a37f0) thrown at [./src/hotspot/share/prims/jni.cpp, line 1366]
Event: 14.988 Thread 0x000001e098624000 Exception <a 'java/lang/NoSuchMethodError'{0x00000000899c6a48}: <clinit>> (0x00000000899c6a48) thrown at [./src/hotspot/share/prims/jni.cpp, line 1366]
Event: 14.990 Thread 0x000001e098624000 Exception <a 'java/lang/NoSuchMethodError'{0x00000000899dd7a8}: <clinit>> (0x00000000899dd7a8) thrown at [./src/hotspot/share/prims/jni.cpp, line 1366]
Event: 15.130 Thread 0x000001e098624000 Exception <a 'java/lang/NoSuchMethodError'{0x000000008ae4e300}: <clinit>> (0x000000008ae4e300) thrown at [./src/hotspot/share/prims/jni.cpp, line 1366]
Event: 15.144 Thread 0x000001e098624000 Exception <a 'java/lang/NoSuchMethodError'{0x000000008ad61d60}: <clinit>> (0x000000008ad61d60) thrown at [./src/hotspot/share/prims/jni.cpp, line 1366]

Events (20 events):
Event: 15.173 loading class kotlin/collections/CollectionsKt__ReversedViewsKt done
Event: 15.173 loading class kotlin/collections/CollectionsKt__MutableCollectionsKt
Event: 15.173 loading class kotlin/collections/CollectionsKt__MutableCollectionsKt done
Event: 15.173 loading class kotlin/collections/CollectionsKt__MutableCollectionsJVMKt
Event: 15.173 loading class kotlin/collections/CollectionsKt__MutableCollectionsJVMKt done
Event: 15.174 loading class kotlin/collections/CollectionsKt__IteratorsKt
Event: 15.174 loading class kotlin/collections/CollectionsKt__IteratorsKt done
Event: 15.174 loading class kotlin/collections/CollectionsKt__IteratorsJVMKt
Event: 15.174 loading class kotlin/collections/CollectionsKt__IteratorsJVMKt done
Event: 15.174 loading class kotlin/collections/CollectionsKt__IterablesKt
Event: 15.174 loading class kotlin/collections/CollectionsKt__IterablesKt done
Event: 15.174 loading class kotlin/collections/CollectionsKt__CollectionsKt
Event: 15.174 loading class kotlin/collections/CollectionsKt__CollectionsKt done
Event: 15.175 loading class kotlin/collections/CollectionsKt__CollectionsJVMKt
Event: 15.175 loading class kotlin/collections/CollectionsKt__CollectionsJVMKt done
Event: 15.176 loading class kotlin/collections/ArraysKt
Event: 15.176 loading class kotlin/collections/ArraysKt done
Event: 15.176 loading class kotlin/collections/ArraysKt___ArraysKt
Event: 15.176 loading class kotlin/collections/ArraysKt___ArraysKt done
Event: 15.178 Executing VM operation: G1CollectForAllocation


Dynamic libraries:
0x00007ff7a8310000 - 0x00007ff7a831a000 	C:\Program Files\Android\Android Studio\jre\bin\java.exe
0x00007ff9ce070000 - 0x00007ff9ce268000 	C:\WINDOWS\SYSTEM32\ntdll.dll
0x00007ff9cc8d0000 - 0x00007ff9cc98d000 	C:\WINDOWS\System32\KERNEL32.DLL
0x00007ff9cb850000 - 0x00007ff9cbb22000 	C:\WINDOWS\System32\KERNELBASE.dll
0x00007ff9cbc90000 - 0x00007ff9cbd90000 	C:\WINDOWS\System32\ucrtbase.dll
0x00007ff9c78c0000 - 0x00007ff9c78d7000 	C:\Program Files\Android\Android Studio\jre\bin\VCRUNTIME140.dll
0x00007ff9c77f0000 - 0x00007ff9c7809000 	C:\Program Files\Android\Android Studio\jre\bin\jli.dll
0x00007ff9cddf0000 - 0x00007ff9cdf8d000 	C:\WINDOWS\System32\USER32.dll
0x00007ff9bbec0000 - 0x00007ff9bc15a000 	C:\WINDOWS\WinSxS\amd64_microsoft.windows.common-controls_6595b64144ccf1df_6.0.19041.1110_none_60b5254171f9507e\COMCTL32.dll
0x00007ff9cbe00000 - 0x00007ff9cbe22000 	C:\WINDOWS\System32\win32u.dll
0x00007ff9cc400000 - 0x00007ff9cc49e000 	C:\WINDOWS\System32\msvcrt.dll
0x00007ff9ccd90000 - 0x00007ff9ccdbb000 	C:\WINDOWS\System32\GDI32.dll
0x00007ff9cbb30000 - 0x00007ff9cbc3f000 	C:\WINDOWS\System32\gdi32full.dll
0x00007ff9cb7b0000 - 0x00007ff9cb84d000 	C:\WINDOWS\System32\msvcp_win.dll
0x00007ff9cc620000 - 0x00007ff9cc650000 	C:\WINDOWS\System32\IMM32.DLL
0x00007ff9beff0000 - 0x00007ff9bf08d000 	C:\Program Files\Android\Android Studio\jre\bin\msvcp140.dll
0x00007ff998600000 - 0x00007ff999102000 	C:\Program Files\Android\Android Studio\jre\bin\server\jvm.dll
0x00007ff9cc570000 - 0x00007ff9cc61e000 	C:\WINDOWS\System32\ADVAPI32.dll
0x00007ff9cccf0000 - 0x00007ff9ccd8c000 	C:\WINDOWS\System32\sechost.dll
0x00007ff9cc7a0000 - 0x00007ff9cc8c5000 	C:\WINDOWS\System32\RPCRT4.dll
0x00007ff9cdfa0000 - 0x00007ff9cdfa8000 	C:\WINDOWS\System32\PSAPI.DLL
0x00007ff9c47c0000 - 0x00007ff9c47c9000 	C:\WINDOWS\SYSTEM32\WSOCK32.dll
0x00007ff9ab600000 - 0x00007ff9ab627000 	C:\WINDOWS\SYSTEM32\WINMM.dll
0x00007ff9cc650000 - 0x00007ff9cc6bb000 	C:\WINDOWS\System32\WS2_32.dll
0x00007ff9c3ce0000 - 0x00007ff9c3cea000 	C:\WINDOWS\SYSTEM32\VERSION.dll
0x00007ff9c9580000 - 0x00007ff9c9592000 	C:\WINDOWS\SYSTEM32\kernel.appcore.dll
0x00007ff9be590000 - 0x00007ff9be5a1000 	C:\Program Files\Android\Android Studio\jre\bin\verify.dll
0x00007ff9baa00000 - 0x00007ff9babe4000 	C:\WINDOWS\SYSTEM32\DBGHELP.DLL
0x00007ff9ba9d0000 - 0x00007ff9ba9fc000 	C:\WINDOWS\SYSTEM32\dbgcore.DLL
0x00007ff9cbe30000 - 0x00007ff9cbeb2000 	C:\WINDOWS\System32\bcryptPrimitives.dll
0x00007ff9b3f10000 - 0x00007ff9b3f39000 	C:\Program Files\Android\Android Studio\jre\bin\java.dll
0x00007ff9c4130000 - 0x00007ff9c413b000 	C:\Program Files\Android\Android Studio\jre\bin\jimage.dll
0x00007ff9b3ef0000 - 0x00007ff9b3f08000 	C:\Program Files\Android\Android Studio\jre\bin\zip.dll
0x00007ff9cd6a0000 - 0x00007ff9cdde3000 	C:\WINDOWS\System32\SHELL32.dll
0x00007ff9c9860000 - 0x00007ff9c9ff1000 	C:\WINDOWS\SYSTEM32\windows.storage.dll
0x00007ff9cc990000 - 0x00007ff9ccce4000 	C:\WINDOWS\System32\combase.dll
0x00007ff9cb100000 - 0x00007ff9cb130000 	C:\WINDOWS\SYSTEM32\Wldp.dll
0x00007ff9cc350000 - 0x00007ff9cc3fd000 	C:\WINDOWS\System32\SHCORE.dll
0x00007ff9cc2f0000 - 0x00007ff9cc345000 	C:\WINDOWS\System32\shlwapi.dll
0x00007ff9cb6c0000 - 0x00007ff9cb6df000 	C:\WINDOWS\SYSTEM32\profapi.dll
0x00007ff9b0a80000 - 0x00007ff9b0a9a000 	C:\Program Files\Android\Android Studio\jre\bin\net.dll
0x00007ff9c3f10000 - 0x00007ff9c401d000 	C:\WINDOWS\SYSTEM32\WINHTTP.dll
0x00007ff9cae60000 - 0x00007ff9caeca000 	C:\WINDOWS\system32\mswsock.dll
0x00007ff9aebc0000 - 0x00007ff9aebd4000 	C:\Program Files\Android\Android Studio\jre\bin\nio.dll
0x00007ff9aad60000 - 0x00007ff9aad87000 	C:\Users\Tan\.gradle\native\e1d6ef7f7dcc3fd88c89a11ec53ec762bb8ba0a96d01ffa2cd45eb1d1d8dd5c5\windows-amd64\native-platform.dll
0x00007ff9b4100000 - 0x00007ff9b4244000 	C:\Users\Tan\.gradle\native\0d407fdbe67a94daf76414ababcb853783967236a71b16ec16e742cd7a986fd3\windows-amd64\native-platform-file-events.dll
0x00007ff9c0840000 - 0x00007ff9c084a000 	C:\Program Files\Android\Android Studio\jre\bin\management.dll
0x00007ff9bfc40000 - 0x00007ff9bfc4d000 	C:\Program Files\Android\Android Studio\jre\bin\management_ext.dll
0x00007ff9cb060000 - 0x00007ff9cb078000 	C:\WINDOWS\SYSTEM32\CRYPTSP.dll
0x00007ff9ca780000 - 0x00007ff9ca7b4000 	C:\WINDOWS\system32\rsaenh.dll
0x00007ff9cb780000 - 0x00007ff9cb7a7000 	C:\WINDOWS\System32\bcrypt.dll
0x00007ff9cb640000 - 0x00007ff9cb66e000 	C:\WINDOWS\SYSTEM32\USERENV.dll
0x00007ff9cb050000 - 0x00007ff9cb05c000 	C:\WINDOWS\SYSTEM32\CRYPTBASE.dll
0x00007ff9cab50000 - 0x00007ff9cab8b000 	C:\WINDOWS\SYSTEM32\IPHLPAPI.DLL
0x00007ff9cdf90000 - 0x00007ff9cdf98000 	C:\WINDOWS\System32\NSI.dll
0x00007ff9c5010000 - 0x00007ff9c5027000 	C:\WINDOWS\SYSTEM32\dhcpcsvc6.DLL
0x00007ff9c5030000 - 0x00007ff9c504d000 	C:\WINDOWS\SYSTEM32\dhcpcsvc.DLL
0x00007ff9cab90000 - 0x00007ff9cac5a000 	C:\WINDOWS\SYSTEM32\DNSAPI.dll

dbghelp: loaded successfully - version: 4.0.5 - missing functions: none
symbol engine: initialized successfully - sym options: 0x614 - pdb path: .;C:\Program Files\Android\Android Studio\jre\bin;C:\WINDOWS\SYSTEM32;C:\WINDOWS\WinSxS\amd64_microsoft.windows.common-controls_6595b64144ccf1df_6.0.19041.1110_none_60b5254171f9507e;C:\Program Files\Android\Android Studio\jre\bin\server;C:\Users\Tan\.gradle\native\e1d6ef7f7dcc3fd88c89a11ec53ec762bb8ba0a96d01ffa2cd45eb1d1d8dd5c5\windows-amd64;C:\Users\Tan\.gradle\native\0d407fdbe67a94daf76414ababcb853783967236a71b16ec16e742cd7a986fd3\windows-amd64

VM Arguments:
jvm_args: --add-opens=java.base/java.util=ALL-UNNAMED --add-opens=java.base/java.lang=ALL-UNNAMED --add-opens=java.base/java.lang.invoke=ALL-UNNAMED --add-opens=java.base/java.util=ALL-UNNAMED --add-opens=java.prefs/java.util.prefs=ALL-UNNAMED --add-opens=java.prefs/java.util.prefs=ALL-UNNAMED --add-opens=java.base/java.nio.charset=ALL-UNNAMED --add-opens=java.base/java.net=ALL-UNNAMED --add-opens=java.base/java.util.concurrent.atomic=ALL-UNNAMED -Xmx2048m -Dfile.encoding=UTF-8 -Duser.country=CO -Duser.language=es -Duser.variant 
java_command: org.gradle.launcher.daemon.bootstrap.GradleDaemon 7.4
java_class_path (initial): C:\Users\Tan\.gradle\wrapper\dists\gradle-7.4-bin\c0gwcg53nkjbqw7r0h0umtfvt\gradle-7.4\lib\gradle-launcher-7.4.jar
Launcher Type: SUN_STANDARD

[Global flags]
     intx CICompilerCount                          = 3                                         {product} {ergonomic}
     uint ConcGCThreads                            = 1                                         {product} {ergonomic}
     uint G1ConcRefinementThreads                  = 4                                         {product} {ergonomic}
   size_t G1HeapRegionSize                         = 1048576                                   {product} {ergonomic}
    uintx GCDrainStackTargetSize                   = 64                                        {product} {ergonomic}
   size_t InitialHeapSize                          = 67108864                                  {product} {ergonomic}
   size_t MarkStackSize                            = 4194304                                   {product} {ergonomic}
   size_t MaxHeapSize                              = 2147483648                                {product} {command line}
   size_t MaxNewSize                               = 1287651328                                {product} {ergonomic}
   size_t MinHeapDeltaBytes                        = 1048576                                   {product} {ergonomic}
    uintx NonNMethodCodeHeapSize                   = 5830732                                {pd product} {ergonomic}
    uintx NonProfiledCodeHeapSize                  = 122913754                              {pd product} {ergonomic}
    uintx ProfiledCodeHeapSize                     = 122913754                              {pd product} {ergonomic}
    uintx ReservedCodeCacheSize                    = 251658240                              {pd product} {ergonomic}
     bool SegmentedCodeCache                       = true                                      {product} {ergonomic}
     bool UseCompressedClassPointers               = true                                 {lp64_product} {ergonomic}
     bool UseCompressedOops                        = true                                 {lp64_product} {ergonomic}
     bool UseG1GC                                  = true                                      {product} {ergonomic}
     bool UseLargePagesIndividualAllocation        = false                                  {pd product} {ergonomic}

Logging:
Log output configuration:
 #0: stdout all=warning uptime,level,tags
 #1: stderr all=off uptime,level,tags

Environment Variables:
PATH=C:\ProgramData\Oracle\Java\javapath;C:\WINDOWS\system32;C:\WINDOWS;C:\WINDOWS\System32\Wbem;C:\WINDOWS\System32\WindowsPowerShell\v1.0\;C:\WINDOWS\System32\OpenSSH\;C:\Program Files\dotnet\;C:\Users\Tan\AppData\Local\Microsoft\WindowsApps;
USERNAME=Tan
OS=Windows_NT
PROCESSOR_IDENTIFIER=Intel64 Family 6 Model 60 Stepping 3, GenuineIntel



---------------  S Y S T E M  ---------------

OS: Windows 10 , 64 bit Build 19041 (10.0.19041.1889)
OS uptime: 0 days 18:39 hours

CPU:total 4 (initial active 4) (2 cores per cpu, 2 threads per core) family 6 model 60 stepping 3 microcode 0x27, cmov, cx8, fxsr, mmx, sse, sse2, sse3, ssse3, sse4.1, sse4.2, popcnt, avx, avx2, aes, clmul, erms, lzcnt, ht, tsc, tscinvbit, bmi1, bmi2, fma

Memory: 4k page, system-wide physical 3974M (364M free)
TotalPageFile size 5474M (AvailPageFile size 42M)
current process WorkingSet (physical memory assigned to process): 437M, peak: 443M
current process commit charge ("private bytes"): 465M, peak: 507M

vm_info: OpenJDK 64-Bit Server VM (11.0.13+0-b1751.21-8125866) for windows-amd64 JRE (11.0.13+0-b1751.21-8125866), built on Feb  2 2022 03:00:22 by "builder" with MS VC++ 14.0 (VS2015)

END.
